{"logTime": "0916/160045", "correlationVector":"SpTOpqD7rglGWZrRYw0n7Z.1","action":"SyncServerConnectionManagerRequest", "result":"SYNC_SERVER_OK", "context":{"environment":"Prod_SouthCentralUS_000i", "migrationStage":"NotStarted", "server":"GENERAL01000002"}}
{"logTime": "0916/160046", "correlationVector":"aKAhceYLbxTjgzSnKUsC7f","action":"SyncServerConnectionManagerRequest", "result":"SYNC_SERVER_OK", "context":{"environment":"", "migrationStage":"", "server":""}}
{"logTime": "0916/160046", "correlationVector":"SpTOpqD7rglGWZrRYw0n7Z","action":"Initial GetUpdates", "result":"", "context":Reason: NEW_CLIENT. cV=SpTOpqD7rglGWZrRYw0n7Z}
{"logTime": "0916/160046", "correlationVector":"SpTOpqD7rglGWZrRYw0n7Z.2","action":"GetUpdates Response", "result":"Success", "context":Received 1 update(s). cV=SpTOpqD7rglGWZrRYw0n7Z.0;server=GENERAL01000002;cloudType=Consumer;environment=Prod_SouthCentralUS_000i;migrationStage=NotStarted}
{"logTime": "0916/160046", "correlationVector":"LphGvqYO8zyn7+xyyqhgmN","action":"Initial GetUpdates", "result":"", "context":Reason: NEWLY_SUPPORTED_DATATYPE. cV=LphGvqYO8zyn7+xyyqhgmN}
{"logTime": "0916/160047", "correlationVector":"LphGvqYO8zyn7+xyyqhgmN.1","action":"SyncServerConnectionManagerRequest", "result":"SYNC_SERVER_OK", "context":{"environment":"Prod_SouthCentralUS_000i", "migrationStage":"NotStarted", "server":"GENERAL01000001"}}
{"logTime": "0916/160047", "correlationVector":"LphGvqYO8zyn7+xyyqhgmN.2","action":"GetUpdates", "result":"DeleteReceived", "context":{"id":"510519f7-0050-42ce-9cee-17879ab3c1cf", "isDeleted:":"true", "version":"1695132857232"}}
{"logTime": "0916/160047", "correlationVector":"LphGvqYO8zyn7+xyyqhgmN.3","action":"GetUpdates", "result":"DeleteReceived", "context":{"id":"de2377e6-b588-460f-acc6-6c29186017df", "isDeleted:":"true", "version":"1695132932677"}}
{"logTime": "0916/160047", "correlationVector":"LphGvqYO8zyn7+xyyqhgmN.4","action":"GetUpdates", "result":"DeleteReceived", "context":{"id":"4d6183ed-11a1-41d4-b502-4872fa5a2352", "isDeleted:":"true", "version":"1695144507602"}}
{"logTime": "0916/160047", "correlationVector":"LphGvqYO8zyn7+xyyqhgmN.5","action":"GetUpdates", "result":"DeleteReceived", "context":{"id":"6b9737b7-cdf8-4162-b0f4-92ce9dea7a55", "isDeleted:":"true", "version":"1707223667548"}}
{"logTime": "0916/160047", "correlationVector":"LphGvqYO8zyn7+xyyqhgmN.6","action":"GetUpdates", "result":"DeleteReceived", "context":{"id":"357167c2-14cf-401d-972a-ffcf5458cd17", "isDeleted:":"true", "version":"1713299176173"}}
{"logTime": "0916/160047", "correlationVector":"LphGvqYO8zyn7+xyyqhgmN.7","action":"GetUpdates", "result":"DeleteReceived", "context":{"id":"238db839-9e44-4c85-a68c-26c27f3761bb", "isDeleted:":"true", "version":"1713378542699"}}
{"logTime": "0916/160047", "correlationVector":"LphGvqYO8zyn7+xyyqhgmN.8","action":"GetUpdates", "result":"DeleteReceived", "context":{"id":"fa99d654-cbd5-49af-8016-86955e6a100e", "isDeleted:":"true", "version":"1721066862729"}}
{"logTime": "0916/160047", "correlationVector":"LphGvqYO8zyn7+xyyqhgmN.9","action":"GetUpdates", "result":"DeleteReceived", "context":{"id":"c4cf11e0-4777-45ff-a632-d7856675cbff", "isDeleted:":"true", "version":"1721864490365"}}
{"logTime": "0916/160047", "correlationVector":"LphGvqYO8zyn7+xyyqhgmN.10","action":"GetUpdates", "result":"DeleteReceived", "context":{"id":"51ea3d41-4c7e-4ca7-b0ef-027b9264a48d", "isDeleted:":"true", "version":"1725648676283"}}
{"logTime": "0916/160047", "correlationVector":"LphGvqYO8zyn7+xyyqhgmN.11","action":"GetUpdates Response", "result":"Success", "context":Received 127 update(s). cV=LphGvqYO8zyn7+xyyqhgmN.0;server=GENERAL01000001;cloudType=Consumer;environment=Prod_SouthCentralUS_000i;migrationStage=NotStarted}
{"logTime": "0916/160047", "correlationVector":"3ETRb0dmnqrQehY4tAM83n","action":"Initial GetUpdates", "result":"", "context":Reason: NEWLY_SUPPORTED_DATATYPE. cV=3ETRb0dmnqrQehY4tAM83n}
{"logTime": "0916/160047", "correlationVector":"3ETRb0dmnqrQehY4tAM83n.1","action":"SyncServerConnectionManagerRequest", "result":"SYNC_SERVER_OK", "context":{"environment":"Prod_SouthCentralUS_000i", "migrationStage":"NotStarted", "server":"GENERAL0100000S"}}
{"logTime": "0916/160047", "correlationVector":"3ETRb0dmnqrQehY4tAM83n.2","action":"GetUpdates", "result":"DeleteReceived", "context":{"id":"f9f5e029-61ff-4e4f-b7c1-332c580099f6", "isDeleted:":"true", "version":"1698884272674"}}
{"logTime": "0916/160047", "correlationVector":"3ETRb0dmnqrQehY4tAM83n.3","action":"GetUpdates", "result":"DeleteReceived", "context":{"id":"a613a1ab-850c-40e7-bd29-281d41b285a5", "isDeleted:":"true", "version":"1698884275822"}}
{"logTime": "0916/160047", "correlationVector":"3ETRb0dmnqrQehY4tAM83n.4","action":"GetUpdates", "result":"DeleteReceived", "context":{"id":"45ce5fe3-ffba-4c2c-b8f3-c6a340089645", "isDeleted:":"true", "version":"1698884275823"}}
{"logTime": "0916/160047", "correlationVector":"3ETRb0dmnqrQehY4tAM83n.5","action":"GetUpdates", "result":"DeleteReceived", "context":{"id":"fb23e3c5-52b1-4483-9f38-c8d87eeec661", "isDeleted:":"true", "version":"1699988193419"}}
{"logTime": "0916/160047", "correlationVector":"3ETRb0dmnqrQehY4tAM83n.6","action":"GetUpdates", "result":"DeleteReceived", "context":{"id":"da001c8c-fb2e-469d-9583-f107071c1550", "isDeleted:":"true", "version":"1705417299770"}}
{"logTime": "0916/160047", "correlationVector":"3ETRb0dmnqrQehY4tAM83n.7","action":"GetUpdates", "result":"DeleteReceived", "context":{"id":"59a363d5-84ce-43f2-8fd5-865cdaa57447", "isDeleted:":"true", "version":"1705874671727"}}
{"logTime": "0916/160047", "correlationVector":"3ETRb0dmnqrQehY4tAM83n.8","action":"GetUpdates", "result":"DeleteReceived", "context":{"id":"6d0229eb-0238-41ca-a5b9-168e0377f5ef", "isDeleted:":"true", "version":"1721930642108"}}
{"logTime": "0916/160047", "correlationVector":"3ETRb0dmnqrQehY4tAM83n.9","action":"GetUpdates", "result":"DeleteReceived", "context":{"id":"cdcfce34-e831-4d24-b73f-7e210a7a84e4", "isDeleted:":"true", "version":"1725225202311"}}
{"logTime": "0916/160047", "correlationVector":"3ETRb0dmnqrQehY4tAM83n.10","action":"GetUpdates Response", "result":"Success", "context":Received 28 update(s). cV=3ETRb0dmnqrQehY4tAM83n.0;server=GENERAL0100000S;cloudType=Consumer;environment=Prod_SouthCentralUS_000i;migrationStage=NotStarted}
{"logTime": "0916/160047", "correlationVector":"5bHHDZM0YVkm57/pdQo7sN","action":"Initial GetUpdates", "result":"", "context":Reason: NEWLY_SUPPORTED_DATATYPE. cV=5bHHDZM0YVkm57/pdQo7sN}
{"logTime": "0916/160048", "correlationVector":"5bHHDZM0YVkm57/pdQo7sN.1","action":"SyncServerConnectionManagerRequest", "result":"SYNC_SERVER_OK", "context":{"environment":"Prod_SouthCentralUS_000i", "migrationStage":"NotStarted", "server":"GENERAL01000007"}}
{"logTime": "0916/160048", "correlationVector":"5bHHDZM0YVkm57/pdQo7sN.2","action":"GetUpdates", "result":"DeleteReceived", "context":{"id":"7bf542be-121d-405b-81b8-e28d079c94f2", "isDeleted:":"true", "version":"1721007023533"}}
{"logTime": "0916/160048", "correlationVector":"5bHHDZM0YVkm57/pdQo7sN.3","action":"GetUpdates", "result":"DeleteReceived", "context":{"id":"c56e775d-ebaa-438b-8e92-68a8deaaea28", "isDeleted:":"true", "version":"1721007023534"}}
{"logTime": "0916/160048", "correlationVector":"5bHHDZM0YVkm57/pdQo7sN.4","action":"GetUpdates", "result":"DeleteReceived", "context":{"id":"b79f3002-a8df-4b46-b363-1476fed7af86", "isDeleted:":"true", "version":"1721007023539"}}
{"logTime": "0916/160048", "correlationVector":"5bHHDZM0YVkm57/pdQo7sN.5","action":"GetUpdates", "result":"DeleteReceived", "context":{"id":"c0467980-cb77-4818-bb7e-f3af0fe3c915", "isDeleted:":"true", "version":"1721007023543"}}
{"logTime": "0916/160048", "correlationVector":"5bHHDZM0YVkm57/pdQo7sN.6","action":"GetUpdates", "result":"DeleteReceived", "context":{"id":"3c20a7b4-2f9b-42bf-8dc3-3cdb72f6a000", "isDeleted:":"true", "version":"1721007023544"}}
{"logTime": "0916/160048", "correlationVector":"5bHHDZM0YVkm57/pdQo7sN.7","action":"GetUpdates", "result":"DeleteReceived", "context":{"id":"926def1d-34e5-4ab3-acd7-0a3a2cd62009", "isDeleted:":"true", "version":"1721007023547"}}
{"logTime": "0916/160048", "correlationVector":"5bHHDZM0YVkm57/pdQo7sN.8","action":"GetUpdates", "result":"DeleteReceived", "context":{"id":"948ad509-dd1b-4bbc-9c89-0188ef2236ae", "isDeleted:":"true", "version":"1721007023548"}}
{"logTime": "0916/160048", "correlationVector":"5bHHDZM0YVkm57/pdQo7sN.9","action":"GetUpdates", "result":"DeleteReceived", "context":{"id":"ae253770-ca39-4ad0-a432-2b722271b3dd", "isDeleted:":"true", "version":"1721007023549"}}
{"logTime": "0916/160048", "correlationVector":"5bHHDZM0YVkm57/pdQo7sN.10","action":"GetUpdates", "result":"DeleteReceived", "context":{"id":"08c34b34-b3cf-4d35-a855-d9215aa594f1", "isDeleted:":"true", "version":"1721007023551"}}
{"logTime": "0916/160048", "correlationVector":"5bHHDZM0YVkm57/pdQo7sN.11","action":"GetUpdates Response", "result":"Success", "context":Received 250 update(s). cV=5bHHDZM0YVkm57/pdQo7sN.0;server=GENERAL01000007;cloudType=Consumer;environment=Prod_SouthCentralUS_000i;migrationStage=NotStarted Some updates remain.}
{"logTime": "0916/160048", "correlationVector":"vTcv9wKvGzppmPFgpaBYpc","action":"Initial GetUpdates", "result":"", "context":Reason: NEWLY_SUPPORTED_DATATYPE. cV=vTcv9wKvGzppmPFgpaBYpc}
{"logTime": "0916/160049", "correlationVector":"vTcv9wKvGzppmPFgpaBYpc.1","action":"SyncServerConnectionManagerRequest", "result":"SYNC_SERVER_OK", "context":{"environment":"Prod_SouthCentralUS_000i", "migrationStage":"NotStarted", "server":"GENERAL0100000X"}}
{"logTime": "0916/160049", "correlationVector":"vTcv9wKvGzppmPFgpaBYpc.2","action":"GetUpdates Response", "result":"Success", "context":Received 120 update(s). cV=vTcv9wKvGzppmPFgpaBYpc.0;server=GENERAL0100000X;cloudType=Consumer;environment=Prod_SouthCentralUS_000i;migrationStage=NotStarted}
{"logTime": "0916/160049", "correlationVector":"/642pxg6y6I22owOE22EYP","action":"Normal GetUpdate request", "result":"", "context":cV=/642pxg6y6I22owOE22EYP
Nudged types: Bookmarks, Preferences, Device Info, User Consents
Refresh requested types: Bookmarks, Preferences, Passwords, Autofill Profiles, Autofill, Extensions, Extension settings, Device Info, User Consents, Send Tab To Self, Web Apps, Collection, Edge E Drop, Edge Hub App Usage, Edge Wallet, Encryption Keys}
{"logTime": "0916/160049", "correlationVector":"/642pxg6y6I22owOE22EYP.1","action":"SyncServerConnectionManagerRequest", "result":"SYNC_SERVER_OK", "context":{"environment":"Prod_SouthCentralUS_000i", "migrationStage":"NotStarted", "server":"GENERAL0100000K"}}
{"logTime": "0916/160049", "correlationVector":"/642pxg6y6I22owOE22EYP.2","action":"GetUpdates Response", "result":"Success", "context":Received 0 update(s). cV=/642pxg6y6I22owOE22EYP.0;server=GENERAL0100000K;cloudType=Consumer;environment=Prod_SouthCentralUS_000i;migrationStage=NotStarted}
{"logTime": "0916/160049", "correlationVector":"rolfrTnqyNEdi7Et5jFnHr","action":"Commit Request", "result":"", "context":Item count: 8
Contributing types: Bookmarks, Preferences, Device Info, User Consents}
{"logTime": "0916/160049", "correlationVector":"rolfrTnqyNEdi7Et5jFnHr.1","action":"SyncServerConnectionManagerRequest", "result":"SYNC_SERVER_OK", "context":{"environment":"Prod_SouthCentralUS_000i", "migrationStage":"NotStarted", "server":"GENERAL0100000Q"}}
{"logTime": "0916/160049", "correlationVector":"rolfrTnqyNEdi7Et5jFnHr.2","action":"Commit Response", "result":"Success", "context":Result: Success. cV=rolfrTnqyNEdi7Et5jFnHr.0;server=GENERAL0100000Q;cloudType=Consumer;environment=Prod_SouthCentralUS_000i;migrationStage=NotStarted}
{"logTime": "0916/160049", "correlationVector":"AlypkoR4+QkbFnfcnwQGkK","action":"Normal GetUpdate request", "result":"", "context":cV=AlypkoR4+QkbFnfcnwQGkK
Nudged types: Preferences, Device Info}
{"logTime": "0916/160050", "correlationVector":"AlypkoR4+QkbFnfcnwQGkK.1","action":"SyncServerConnectionManagerRequest", "result":"SYNC_SERVER_OK", "context":{"environment":"Prod_SouthCentralUS_000i", "migrationStage":"NotStarted", "server":"GENERAL0100000K"}}
{"logTime": "0916/160050", "correlationVector":"AlypkoR4+QkbFnfcnwQGkK.2","action":"GetUpdates Response", "result":"Success", "context":Received 7 update(s). cV=AlypkoR4+QkbFnfcnwQGkK.0;server=GENERAL0100000K;cloudType=Consumer;environment=Prod_SouthCentralUS_000i;migrationStage=NotStarted}
{"logTime": "0916/160050", "correlationVector":"a5fKflUosqjBYn7ez6MvC4","action":"DoCompareDataConsistency requsted types: ", "result":"Bookmarks, Preferences, Passwords, Extensions, Extension settings, Send Tab To Self, Web Apps, Collection, Edge E Drop, Edge Wallet, Encryption Keys"}
{"logTime": "0916/160050", "correlationVector":"a5fKflUosqjBYn7ez6MvC4.0","action":"CompareDataConsistency result: ", "result":"Compare result: Encryption Keys is consistent. local entities count is: 1 local entities hash is: 0reG1S6veNjBLFMxC9nNH/J6f7U="}
{"logTime": "0916/160050", "correlationVector":"a5fKflUosqjBYn7ez6MvC4.1","action":"CompareDataConsistency result: ", "result":"Compare result: Bookmarks is consistent. local entities count is: 18 local entities hash is: PO9tAHsGs7DfP/4QAwnSpGdlmb4="}
{"logTime": "0916/160050", "correlationVector":"a5fKflUosqjBYn7ez6MvC4.2","action":"CompareDataConsistency result: ", "result":"Compare result: Preferences is consistent. local entities count is: 60 local entities hash is: W3q9wV/SSqYDLSKVslllSr3oHJ8="}
{"logTime": "0916/160050", "correlationVector":"a5fKflUosqjBYn7ez6MvC4.3","action":"CompareDataConsistency result: ", "result":"Compare result: Extensions is consistent. local entities count is: 0 local entities hash is: "}
{"logTime": "0916/160050", "correlationVector":"a5fKflUosqjBYn7ez6MvC4.4","action":"CompareDataConsistency result: ", "result":"Compare result: Extension settings is consistent. local entities count is: 0 local entities hash is: "}
{"logTime": "0916/160050", "correlationVector":"a5fKflUosqjBYn7ez6MvC4.5","action":"CompareDataConsistency result: ", "result":"Server did not send this Send Tab To Self local entities count is: 0 local entities hash is: "}
{"logTime": "0916/160050", "correlationVector":"a5fKflUosqjBYn7ez6MvC4.6","action":"CompareDataConsistency result: ", "result":"Compare result: Web Apps is consistent. local entities count is: 0 local entities hash is: "}
{"logTime": "0916/160050", "correlationVector":"a5fKflUosqjBYn7ez6MvC4.7","action":"CompareDataConsistency result: ", "result":"Compare result: Collection is consistent. local entities count is: 0 local entities hash is: "}
{"logTime": "0916/160050", "correlationVector":"a5fKflUosqjBYn7ez6MvC4.8","action":"CompareDataConsistency result: ", "result":"Compare result: Edge E Drop is consistent. local entities count is: 0 local entities hash is: "}
{"logTime": "0916/160050", "correlationVector":"a5fKflUosqjBYn7ez6MvC4.9","action":"CompareDataConsistency result: ", "result":"Compare result: Edge Wallet is consistent. local entities count is: 0 local entities hash is: "}
{"logTime": "0916/160050", "correlationVector":"a5fKflUosqjBYn7ez6MvC4.10","action":"CompareDataConsistency result: ", "result":"Compare result: Passwords is consistent. local entities count is: 54 local entities hash is: zDujiMVPVSTkxC6W+CSd96tJ2Kk="}
{"logTime": "0916/160050", "correlationVector":"","action":"DIAGNOSTIC_REQUEST|v1/diagnosticData/Diagnostic.SendCheckResult()|SUCCESS", "result":""}
{"logTime": "0916/160055", "correlationVector":"yrQxU7+PabveMubTiqKw58","action":"Commit Request", "result":"", "context":Item count: 4
Contributing types: Edge Hub App Usage}
{"logTime": "0916/160056", "correlationVector":"yrQxU7+PabveMubTiqKw58.1","action":"SyncServerConnectionManagerRequest", "result":"SYNC_SERVER_OK", "context":{"environment":"Prod_EastUS2_000e", "migrationStage":"NotStarted", "server":"GENERAL0100000K"}}
{"logTime": "0916/160056", "correlationVector":"yrQxU7+PabveMubTiqKw58.2","action":"Commit Response", "result":"Success", "context":Result: Success. cV=yrQxU7+PabveMubTiqKw58.0;server=GENERAL0100000K;cloudType=Consumer;environment=Prod_EastUS2_000e;migrationStage=NotStarted}
{"logTime": "0916/160105", "correlationVector":"e9uHC1oLC2rIGXFTpDwfTi","action":"Commit Request", "result":"", "context":Item count: 34
Contributing types: Preferences, Passwords}
{"logTime": "0916/160107", "correlationVector":"e9uHC1oLC2rIGXFTpDwfTi.1","action":"SyncServerConnectionManagerRequest", "result":"SYNC_SERVER_OK", "context":{"environment":"Prod_EastUS2_000e", "migrationStage":"NotStarted", "server":"GENERAL01000017"}}
{"logTime": "0916/160107", "correlationVector":"e9uHC1oLC2rIGXFTpDwfTi.2","action":"Commit Response", "result":"Success", "context":Result: Success. cV=e9uHC1oLC2rIGXFTpDwfTi.0;server=GENERAL01000017;cloudType=Consumer;environment=Prod_EastUS2_000e;migrationStage=NotStarted}
{"logTime": "0916/160204", "correlationVector":"0PYCmo/IzAd7aNSl4VZphe","action":"Commit Request", "result":"", "context":Item count: 1
Contributing types: User Consents}
{"logTime": "0916/160205", "correlationVector":"0PYCmo/IzAd7aNSl4VZphe.1","action":"SyncServerConnectionManagerRequest", "result":"SYNC_SERVER_OK", "context":{"environment":"Prod_CentralUS_000t", "migrationStage":"NotStarted", "server":"GENERAL11000001"}}
{"logTime": "0916/160205", "correlationVector":"0PYCmo/IzAd7aNSl4VZphe.2","action":"Commit Response", "result":"Success", "context":Result: Success. cV=0PYCmo/IzAd7aNSl4VZphe.0;server=GENERAL11000001;cloudType=Consumer;environment=Prod_CentralUS_000t;migrationStage=NotStarted}
{"logTime": "1101/155352", "correlationVector":"eIgaEFMPIU3ijk0txr1JNU.1","action":"SyncServerConnectionManagerRequest", "result":"SYNC_SERVER_OK", "context":{"environment":"Prod_SouthCentralUS_000i", "migrationStage":"NotStarted", "server":"GENERAL0100000Y"}}
{"logTime": "1101/155352", "correlationVector":"jDERV5Kl/KY1sqSGSCxMEg","action":"SyncServerConnectionManagerRequest", "result":"SYNC_SERVER_OK", "context":{"environment":"", "migrationStage":"", "server":""}}
{"logTime": "1101/155352", "correlationVector":"eIgaEFMPIU3ijk0txr1JNU","action":"Initial GetUpdates", "result":"", "context":Reason: NEW_CLIENT. cV=eIgaEFMPIU3ijk0txr1JNU}
{"logTime": "1101/155352", "correlationVector":"eIgaEFMPIU3ijk0txr1JNU.2","action":"GetUpdates Response", "result":"Success", "context":Received 1 update(s). cV=eIgaEFMPIU3ijk0txr1JNU.0;server=GENERAL0100000Y;cloudType=Consumer;environment=Prod_SouthCentralUS_000i;migrationStage=NotStarted}
{"logTime": "1101/155352", "correlationVector":"EJQUZSzNn2/wwZ2NRfwXBn","action":"Initial GetUpdates", "result":"", "context":Reason: NEWLY_SUPPORTED_DATATYPE. cV=EJQUZSzNn2/wwZ2NRfwXBn}
{"logTime": "1101/155353", "correlationVector":"EJQUZSzNn2/wwZ2NRfwXBn.1","action":"SyncServerConnectionManagerRequest", "result":"SYNC_SERVER_OK", "context":{"environment":"Prod_SouthCentralUS_000i", "migrationStage":"NotStarted", "server":"GENERAL0100001H"}}
{"logTime": "1101/155353", "correlationVector":"EJQUZSzNn2/wwZ2NRfwXBn.2","action":"GetUpdates", "result":"DeleteReceived", "context":{"id":"6b9737b7-cdf8-4162-b0f4-92ce9dea7a55", "isDeleted:":"true", "version":"1707223667548"}}
{"logTime": "1101/155353", "correlationVector":"EJQUZSzNn2/wwZ2NRfwXBn.3","action":"GetUpdates", "result":"DeleteReceived", "context":{"id":"357167c2-14cf-401d-972a-ffcf5458cd17", "isDeleted:":"true", "version":"1713299176173"}}
{"logTime": "1101/155353", "correlationVector":"EJQUZSzNn2/wwZ2NRfwXBn.4","action":"GetUpdates", "result":"DeleteReceived", "context":{"id":"238db839-9e44-4c85-a68c-26c27f3761bb", "isDeleted:":"true", "version":"1713378542699"}}
{"logTime": "1101/155353", "correlationVector":"EJQUZSzNn2/wwZ2NRfwXBn.5","action":"GetUpdates", "result":"DeleteReceived", "context":{"id":"fa99d654-cbd5-49af-8016-86955e6a100e", "isDeleted:":"true", "version":"1721066862729"}}
{"logTime": "1101/155353", "correlationVector":"EJQUZSzNn2/wwZ2NRfwXBn.6","action":"GetUpdates", "result":"DeleteReceived", "context":{"id":"c4cf11e0-4777-45ff-a632-d7856675cbff", "isDeleted:":"true", "version":"1721864490365"}}
{"logTime": "1101/155353", "correlationVector":"EJQUZSzNn2/wwZ2NRfwXBn.7","action":"GetUpdates", "result":"DeleteReceived", "context":{"id":"51ea3d41-4c7e-4ca7-b0ef-027b9264a48d", "isDeleted:":"true", "version":"1725648676283"}}
{"logTime": "1101/155353", "correlationVector":"EJQUZSzNn2/wwZ2NRfwXBn.8","action":"GetUpdates", "result":"DeleteReceived", "context":{"id":"25451b2d-b74e-4933-a6d8-fe391a576906", "isDeleted:":"true", "version":"1727894573237"}}
{"logTime": "1101/155353", "correlationVector":"EJQUZSzNn2/wwZ2NRfwXBn.9","action":"GetUpdates Response", "result":"Success", "context":Received 63 update(s). cV=EJQUZSzNn2/wwZ2NRfwXBn.0;server=GENERAL0100001H;cloudType=Consumer;environment=Prod_SouthCentralUS_000i;migrationStage=NotStarted}
{"logTime": "1101/155353", "correlationVector":"38EFKwo43gGcuJhYCrc30i","action":"Normal GetUpdate request", "result":"", "context":cV=38EFKwo43gGcuJhYCrc30i
Nudged types: Device Info
Refresh requested types: Bookmarks, Preferences, Passwords, Autofill Profiles, Autofill, Extensions, Extension settings, Device Info, User Consents, Send Tab To Self, Web Apps, Collection, Edge E Drop, Edge Hub App Usage, Edge Wallet, Encryption Keys}
{"logTime": "1101/155353", "correlationVector":"38EFKwo43gGcuJhYCrc30i.1","action":"SyncServerConnectionManagerRequest", "result":"SYNC_SERVER_OK", "context":{"environment":"Prod_SouthCentralUS_000i", "migrationStage":"NotStarted", "server":"GENERAL0100001I"}}
{"logTime": "1101/155353", "correlationVector":"38EFKwo43gGcuJhYCrc30i.2","action":"GetUpdates", "result":"DeleteReceived", "context":{"id":"81394c3d-cf29-4be7-a57c-aff02a3e066b", "isDeleted:":"true", "version":"1730137255598"}}
{"logTime": "1101/155353", "correlationVector":"38EFKwo43gGcuJhYCrc30i.3","action":"GetUpdates Response", "result":"Success", "context":Received 107 update(s). cV=38EFKwo43gGcuJhYCrc30i.0;server=GENERAL0100001I;cloudType=Consumer;environment=Prod_SouthCentralUS_000i;migrationStage=NotStarted}
{"logTime": "1101/155353", "correlationVector":"gVDOno+YFzNuK4azvD5V7y","action":"DoCompareDataConsistency: ", "result":"has local changes and skip compare"}
{"logTime": "1101/155353", "correlationVector":"JirFEtsSWywTwgMUEUW/26","action":"Commit Request", "result":"", "context":Item count: 3
Contributing types: Bookmarks, Device Info}
{"logTime": "1101/155354", "correlationVector":"JirFEtsSWywTwgMUEUW/26.1","action":"SyncServerConnectionManagerRequest", "result":"SYNC_SERVER_OK", "context":{"environment":"Prod_SouthCentralUS_000i", "migrationStage":"NotStarted", "server":"GENERAL0100000V"}}
{"logTime": "1101/155354", "correlationVector":"JirFEtsSWywTwgMUEUW/26.2","action":"Commit Response", "result":"Success", "context":Result: Success. cV=JirFEtsSWywTwgMUEUW/26.0;server=GENERAL0100000V;cloudType=Consumer;environment=Prod_SouthCentralUS_000i;migrationStage=NotStarted}
{"logTime": "1101/155354", "correlationVector":"/x6bCuxn1ibXepykC1MOfY","action":"Normal GetUpdate request", "result":"", "context":cV=/x6bCuxn1ibXepykC1MOfY
Nudged types: Bookmarks, Device Info}
{"logTime": "1101/155354", "correlationVector":"/x6bCuxn1ibXepykC1MOfY.1","action":"SyncServerConnectionManagerRequest", "result":"SYNC_SERVER_OK", "context":{"environment":"Prod_EastUS2_000e", "migrationStage":"NotStarted", "server":"GENERAL0100001G"}}
{"logTime": "1101/155354", "correlationVector":"/x6bCuxn1ibXepykC1MOfY.2","action":"GetUpdates Response", "result":"Success", "context":Received 3 update(s). cV=/x6bCuxn1ibXepykC1MOfY.0;server=GENERAL0100001G;cloudType=Consumer;environment=Prod_EastUS2_000e;migrationStage=NotStarted}
{"logTime": "1101/155354", "correlationVector":"o8PjcTTOsQoQkzBlO1lSwl","action":"Poll GetUpdate request", "result":"", "context":cV=o8PjcTTOsQoQkzBlO1lSwl}
{"logTime": "1101/155354", "correlationVector":"o8PjcTTOsQoQkzBlO1lSwl.1","action":"SyncServerConnectionManagerRequest", "result":"SYNC_SERVER_OK", "context":{"environment":"Prod_SouthCentralUS_000i", "migrationStage":"NotStarted", "server":"GENERAL0100000S"}}
{"logTime": "1101/155354", "correlationVector":"o8PjcTTOsQoQkzBlO1lSwl.2","action":"GetUpdates Response", "result":"Success", "context":Received 0 update(s). cV=o8PjcTTOsQoQkzBlO1lSwl.0;server=GENERAL0100000S;cloudType=Consumer;environment=Prod_SouthCentralUS_000i;migrationStage=NotStarted}
{"logTime": "1101/155404", "correlationVector":"gPzkp+621w7cwCTLIZZUgR","action":"Commit Request", "result":"", "context":Item count: 1
Contributing types: Preferences}
{"logTime": "1101/155405", "correlationVector":"gPzkp+621w7cwCTLIZZUgR.1","action":"SyncServerConnectionManagerRequest", "result":"SYNC_SERVER_OK", "context":{"environment":"Prod_SouthCentralUS_000i", "migrationStage":"NotStarted", "server":"GENERAL0100000S"}}
{"logTime": "1101/155405", "correlationVector":"gPzkp+621w7cwCTLIZZUgR.2","action":"Commit Response", "result":"Success", "context":Result: Success. cV=gPzkp+621w7cwCTLIZZUgR.0;server=GENERAL0100000S;cloudType=Consumer;environment=Prod_SouthCentralUS_000i;migrationStage=NotStarted}
{"logTime": "1101/155411", "correlationVector":"Uk/QNH+kJ363XPymOOjIoU","action":"Commit Request", "result":"", "context":Item count: 40
Contributing types: Passwords}
{"logTime": "1101/155413", "correlationVector":"Uk/QNH+kJ363XPymOOjIoU.1","action":"SyncServerConnectionManagerRequest", "result":"SYNC_SERVER_OK", "context":{"environment":"Prod_SouthCentralUS_000i", "migrationStage":"NotStarted", "server":"GENERAL0100000E"}}
{"logTime": "1101/155413", "correlationVector":"Uk/QNH+kJ363XPymOOjIoU.2","action":"Commit Response", "result":"Success", "context":Result: Success. cV=Uk/QNH+kJ363XPymOOjIoU.0;server=GENERAL0100000E;cloudType=Consumer;environment=Prod_SouthCentralUS_000i;migrationStage=NotStarted}
{"logTime": "1101/155413", "correlationVector":"QhND2rxAM1vTmvobTEvZkl","action":"Commit Request", "result":"", "context":Item count: 8
Contributing types: Preferences, Passwords}
{"logTime": "1101/155413", "correlationVector":"QhND2rxAM1vTmvobTEvZkl.1","action":"SyncServerConnectionManagerRequest", "result":"SYNC_SERVER_OK", "context":{"environment":"Prod_SouthCentralUS_000i", "migrationStage":"NotStarted", "server":"GENERAL01000017"}}
{"logTime": "1101/155413", "correlationVector":"QhND2rxAM1vTmvobTEvZkl.2","action":"Commit Response", "result":"Success", "context":Result: Success. cV=QhND2rxAM1vTmvobTEvZkl.0;server=GENERAL01000017;cloudType=Consumer;environment=Prod_SouthCentralUS_000i;migrationStage=NotStarted}
{"logTime": "1101/171258", "correlationVector":"IEZRswxEIV0NgkSY/x3FSe.1","action":"SyncServerConnectionManagerRequest", "result":"SYNC_SERVER_OK", "context":{"environment":"Prod_NorthCentralUS_000g", "migrationStage":"NotStarted", "server":"GENERAL01000027"}}
{"logTime": "1101/171258", "correlationVector":"LGFs3i5yQygleVKh6Uj37q","action":"SyncServerConnectionManagerRequest", "result":"SYNC_SERVER_OK", "context":{"environment":"", "migrationStage":"", "server":""}}
{"logTime": "1101/171258", "correlationVector":"IEZRswxEIV0NgkSY/x3FSe","action":"Initial GetUpdates", "result":"", "context":Reason: NEW_CLIENT. cV=IEZRswxEIV0NgkSY/x3FSe}
{"logTime": "1101/171258", "correlationVector":"IEZRswxEIV0NgkSY/x3FSe.2","action":"GetUpdates Response", "result":"Success", "context":Received 1 update(s). cV=IEZRswxEIV0NgkSY/x3FSe.0;server=GENERAL01000027;cloudType=Consumer;environment=Prod_NorthCentralUS_000g;migrationStage=NotStarted}
{"logTime": "1101/171258", "correlationVector":"Fo/vmzA7cxTHvl908xrWqa","action":"Initial GetUpdates", "result":"", "context":Reason: NEWLY_SUPPORTED_DATATYPE. cV=Fo/vmzA7cxTHvl908xrWqa}
{"logTime": "1101/171258", "correlationVector":"Fo/vmzA7cxTHvl908xrWqa.1","action":"SyncServerConnectionManagerRequest", "result":"SYNC_SERVER_OK", "context":{"environment":"Prod_NorthCentralUS_000g", "migrationStage":"NotStarted", "server":"GENERAL0100000B"}}
{"logTime": "1101/171258", "correlationVector":"Fo/vmzA7cxTHvl908xrWqa.2","action":"GetUpdates", "result":"DeleteReceived", "context":{"id":"6b9737b7-cdf8-4162-b0f4-92ce9dea7a55", "isDeleted:":"true", "version":"1707223667548"}}
{"logTime": "1101/171258", "correlationVector":"Fo/vmzA7cxTHvl908xrWqa.3","action":"GetUpdates", "result":"DeleteReceived", "context":{"id":"357167c2-14cf-401d-972a-ffcf5458cd17", "isDeleted:":"true", "version":"1713299176173"}}
{"logTime": "1101/171258", "correlationVector":"Fo/vmzA7cxTHvl908xrWqa.4","action":"GetUpdates", "result":"DeleteReceived", "context":{"id":"238db839-9e44-4c85-a68c-26c27f3761bb", "isDeleted:":"true", "version":"1713378542699"}}
{"logTime": "1101/171258", "correlationVector":"Fo/vmzA7cxTHvl908xrWqa.5","action":"GetUpdates", "result":"DeleteReceived", "context":{"id":"fa99d654-cbd5-49af-8016-86955e6a100e", "isDeleted:":"true", "version":"1721066862729"}}
{"logTime": "1101/171258", "correlationVector":"Fo/vmzA7cxTHvl908xrWqa.6","action":"GetUpdates", "result":"DeleteReceived", "context":{"id":"c4cf11e0-4777-45ff-a632-d7856675cbff", "isDeleted:":"true", "version":"1721864490365"}}
{"logTime": "1101/171258", "correlationVector":"Fo/vmzA7cxTHvl908xrWqa.7","action":"GetUpdates", "result":"DeleteReceived", "context":{"id":"51ea3d41-4c7e-4ca7-b0ef-027b9264a48d", "isDeleted:":"true", "version":"1725648676283"}}
{"logTime": "1101/171258", "correlationVector":"Fo/vmzA7cxTHvl908xrWqa.8","action":"GetUpdates", "result":"DeleteReceived", "context":{"id":"25451b2d-b74e-4933-a6d8-fe391a576906", "isDeleted:":"true", "version":"1727894573237"}}
{"logTime": "1101/171258", "correlationVector":"Fo/vmzA7cxTHvl908xrWqa.9","action":"GetUpdates Response", "result":"Success", "context":Received 63 update(s). cV=Fo/vmzA7cxTHvl908xrWqa.0;server=GENERAL0100000B;cloudType=Consumer;environment=Prod_NorthCentralUS_000g;migrationStage=NotStarted}
{"logTime": "1101/171258", "correlationVector":"Yw7SCEdjZIlFvfMdGvwyNr","action":"Normal GetUpdate request", "result":"", "context":cV=Yw7SCEdjZIlFvfMdGvwyNr
Nudged types: Preferences
Refresh requested types: Bookmarks, Preferences, Passwords, Autofill Profiles, Autofill, Extensions, Extension settings, Device Info, User Consents, Send Tab To Self, Web Apps, Collection, Edge E Drop, Edge Hub App Usage, Edge Wallet, Encryption Keys}
{"logTime": "1101/171259", "correlationVector":"Yw7SCEdjZIlFvfMdGvwyNr.1","action":"SyncServerConnectionManagerRequest", "result":"SYNC_SERVER_OK", "context":{"environment":"Prod_NorthCentralUS_000g", "migrationStage":"NotStarted", "server":"GENERAL01000014"}}
{"logTime": "1101/171259", "correlationVector":"Yw7SCEdjZIlFvfMdGvwyNr.2","action":"GetUpdates Response", "result":"Success", "context":Received 4 update(s). cV=Yw7SCEdjZIlFvfMdGvwyNr.0;server=GENERAL01000014;cloudType=Consumer;environment=Prod_NorthCentralUS_000g;migrationStage=NotStarted}
{"logTime": "1101/171259", "correlationVector":"pXmTo6Sehz7o/UldxpTKcE","action":"Commit Request", "result":"", "context":Item count: 1
Contributing types: Preferences}
{"logTime": "1101/171259", "correlationVector":"pXmTo6Sehz7o/UldxpTKcE.1","action":"SyncServerConnectionManagerRequest", "result":"SYNC_SERVER_OK", "context":{"environment":"Prod_NorthCentralUS_000g", "migrationStage":"NotStarted", "server":"GENERAL0100000W"}}
{"logTime": "1101/171259", "correlationVector":"pXmTo6Sehz7o/UldxpTKcE.2","action":"Commit Response", "result":"Success", "context":Result: Success. cV=pXmTo6Sehz7o/UldxpTKcE.0;server=GENERAL0100000W;cloudType=Consumer;environment=Prod_NorthCentralUS_000g;migrationStage=NotStarted}
{"logTime": "1101/171300", "correlationVector":"INoDo1wXW1BBJ1cnZXols/","action":"Normal GetUpdate request", "result":"", "context":cV=INoDo1wXW1BBJ1cnZXols/
Nudged types: Preferences, Passwords}
{"logTime": "1101/171300", "correlationVector":"INoDo1wXW1BBJ1cnZXols/.1","action":"SyncServerConnectionManagerRequest", "result":"SYNC_SERVER_OK", "context":{"environment":"Prod_CentralUS_000t", "migrationStage":"NotStarted", "server":"GENERAL11000012"}}
{"logTime": "1101/171300", "correlationVector":"INoDo1wXW1BBJ1cnZXols/.2","action":"GetUpdates Response", "result":"Success", "context":Received 1 update(s). cV=INoDo1wXW1BBJ1cnZXols/.0;server=GENERAL11000012;cloudType=Consumer;environment=Prod_CentralUS_000t;migrationStage=NotStarted}
{"logTime": "1101/171300", "correlationVector":"deojiJ9JkTLbZyI+lBFSjw","action":"Commit Request", "result":"", "context":Item count: 2
Contributing types: Preferences, Passwords}
{"logTime": "1101/171301", "correlationVector":"deojiJ9JkTLbZyI+lBFSjw.1","action":"SyncServerConnectionManagerRequest", "result":"SYNC_SERVER_OK", "context":{"environment":"Prod_NorthCentralUS_000g", "migrationStage":"NotStarted", "server":"GENERAL0100000H"}}
{"logTime": "1101/171301", "correlationVector":"deojiJ9JkTLbZyI+lBFSjw.2","action":"Commit Response", "result":"Success", "context":Result: Success. cV=deojiJ9JkTLbZyI+lBFSjw.0;server=GENERAL0100000H;cloudType=Consumer;environment=Prod_NorthCentralUS_000g;migrationStage=NotStarted}
{"logTime": "1101/171434", "correlationVector":"5/AF2WPOaCXhbW8TcGCwWy","action":"Normal GetUpdate request", "result":"", "context":cV=5/AF2WPOaCXhbW8TcGCwWy
Notified types: Preferences}
{"logTime": "1101/171434", "correlationVector":"5/AF2WPOaCXhbW8TcGCwWy.1","action":"SyncServerConnectionManagerRequest", "result":"SYNC_SERVER_OK", "context":{"environment":"Prod_SouthCentralUS_000i", "migrationStage":"NotStarted", "server":"GENERAL0100000W"}}
{"logTime": "1101/171434", "correlationVector":"5/AF2WPOaCXhbW8TcGCwWy.2","action":"GetUpdates Response", "result":"Success", "context":Received 3 update(s). cV=5/AF2WPOaCXhbW8TcGCwWy.0;server=GENERAL0100000W;cloudType=Consumer;environment=Prod_SouthCentralUS_000i;migrationStage=NotStarted}
{"logTime": "1101/171758", "correlationVector":"gM99vjStofssHMlEQ0JA+I","action":"Normal GetUpdate request", "result":"", "context":cV=gM99vjStofssHMlEQ0JA+I
Refresh requested types: Bookmarks, Preferences, Passwords, Autofill Profiles, Autofill, Extensions, Extension settings, Device Info, User Consents, Send Tab To Self, Web Apps, Collection, Edge E Drop, Edge Hub App Usage, Edge Wallet, Encryption Keys}
{"logTime": "1101/171758", "correlationVector":"gM99vjStofssHMlEQ0JA+I.1","action":"SyncServerConnectionManagerRequest", "result":"SYNC_SERVER_OK", "context":{"environment":"Prod_SouthCentralUS_000i", "migrationStage":"NotStarted", "server":"GENERAL0100000N"}}
{"logTime": "1101/171758", "correlationVector":"gM99vjStofssHMlEQ0JA+I.2","action":"GetUpdates Response", "result":"Success", "context":Received 0 update(s). cV=gM99vjStofssHMlEQ0JA+I.0;server=GENERAL0100000N;cloudType=Consumer;environment=Prod_SouthCentralUS_000i;migrationStage=NotStarted}
{"logTime": "1101/172637", "correlationVector":"IivCPEvF2l/QbXqDD72cEh.1","action":"SyncServerConnectionManagerRequest", "result":"SYNC_SERVER_OK", "context":{"environment":"Prod_SouthCentralUS_000i", "migrationStage":"NotStarted", "server":"GENERAL0100000P"}}
{"logTime": "1101/172638", "correlationVector":"PfTr361JCJcBtjHGzfl/ru","action":"SyncServerConnectionManagerRequest", "result":"SYNC_SERVER_OK", "context":{"environment":"", "migrationStage":"", "server":""}}
{"logTime": "1101/172638", "correlationVector":"IivCPEvF2l/QbXqDD72cEh","action":"Initial GetUpdates", "result":"", "context":Reason: NEW_CLIENT. cV=IivCPEvF2l/QbXqDD72cEh}
{"logTime": "1101/172638", "correlationVector":"IivCPEvF2l/QbXqDD72cEh.2","action":"GetUpdates Response", "result":"Success", "context":Received 1 update(s). cV=IivCPEvF2l/QbXqDD72cEh.0;server=GENERAL0100000P;cloudType=Consumer;environment=Prod_SouthCentralUS_000i;migrationStage=NotStarted}
{"logTime": "1101/172638", "correlationVector":"p1+rdeJKD9JeKg5irbRe4X","action":"Initial GetUpdates", "result":"", "context":Reason: NEWLY_SUPPORTED_DATATYPE. cV=p1+rdeJKD9JeKg5irbRe4X}
{"logTime": "1101/172638", "correlationVector":"p1+rdeJKD9JeKg5irbRe4X.1","action":"SyncServerConnectionManagerRequest", "result":"SYNC_SERVER_OK", "context":{"environment":"Prod_EastUS2_000e", "migrationStage":"NotStarted", "server":"GENERAL0100001K"}}
{"logTime": "1101/172638", "correlationVector":"p1+rdeJKD9JeKg5irbRe4X.2","action":"GetUpdates", "result":"DeleteReceived", "context":{"id":"6b9737b7-cdf8-4162-b0f4-92ce9dea7a55", "isDeleted:":"true", "version":"1707223667548"}}
{"logTime": "1101/172638", "correlationVector":"p1+rdeJKD9JeKg5irbRe4X.3","action":"GetUpdates", "result":"DeleteReceived", "context":{"id":"357167c2-14cf-401d-972a-ffcf5458cd17", "isDeleted:":"true", "version":"1713299176173"}}
{"logTime": "1101/172638", "correlationVector":"p1+rdeJKD9JeKg5irbRe4X.4","action":"GetUpdates", "result":"DeleteReceived", "context":{"id":"238db839-9e44-4c85-a68c-26c27f3761bb", "isDeleted:":"true", "version":"1713378542699"}}
{"logTime": "1101/172638", "correlationVector":"p1+rdeJKD9JeKg5irbRe4X.5","action":"GetUpdates", "result":"DeleteReceived", "context":{"id":"fa99d654-cbd5-49af-8016-86955e6a100e", "isDeleted:":"true", "version":"1721066862729"}}
{"logTime": "1101/172638", "correlationVector":"p1+rdeJKD9JeKg5irbRe4X.6","action":"GetUpdates", "result":"DeleteReceived", "context":{"id":"c4cf11e0-4777-45ff-a632-d7856675cbff", "isDeleted:":"true", "version":"1721864490365"}}
{"logTime": "1101/172638", "correlationVector":"p1+rdeJKD9JeKg5irbRe4X.7","action":"GetUpdates", "result":"DeleteReceived", "context":{"id":"51ea3d41-4c7e-4ca7-b0ef-027b9264a48d", "isDeleted:":"true", "version":"1725648676283"}}
{"logTime": "1101/172638", "correlationVector":"p1+rdeJKD9JeKg5irbRe4X.8","action":"GetUpdates", "result":"DeleteReceived", "context":{"id":"25451b2d-b74e-4933-a6d8-fe391a576906", "isDeleted:":"true", "version":"1727894573237"}}
{"logTime": "1101/172638", "correlationVector":"p1+rdeJKD9JeKg5irbRe4X.9","action":"GetUpdates Response", "result":"Success", "context":Received 63 update(s). cV=p1+rdeJKD9JeKg5irbRe4X.0;server=GENERAL0100001K;cloudType=Consumer;environment=Prod_EastUS2_000e;migrationStage=NotStarted}
{"logTime": "1101/172638", "correlationVector":"WwtwHR2Lc4rO5pYlED5azD","action":"Normal GetUpdate request", "result":"", "context":cV=WwtwHR2Lc4rO5pYlED5azD
Refresh requested types: Bookmarks, Preferences, Passwords, Autofill Profiles, Autofill, Extensions, Extension settings, Device Info, User Consents, Send Tab To Self, Web Apps, Collection, Edge E Drop, Edge Hub App Usage, Edge Wallet, Encryption Keys}
{"logTime": "1101/172638", "correlationVector":"WwtwHR2Lc4rO5pYlED5azD.1","action":"SyncServerConnectionManagerRequest", "result":"SYNC_SERVER_OK", "context":{"environment":"Prod_SouthCentralUS_000i", "migrationStage":"NotStarted", "server":"GENERAL0100000T"}}
{"logTime": "1101/172638", "correlationVector":"WwtwHR2Lc4rO5pYlED5azD.2","action":"GetUpdates Response", "result":"Success", "context":Received 1 update(s). cV=WwtwHR2Lc4rO5pYlED5azD.0;server=GENERAL0100000T;cloudType=Consumer;environment=Prod_SouthCentralUS_000i;migrationStage=NotStarted}
{"logTime": "1101/172638", "correlationVector":"9oFwWHGGRgv/Prl5790/66","action":"Commit Request", "result":"", "context":Item count: 16
Contributing types: Preferences, Passwords}
{"logTime": "1101/172639", "correlationVector":"9oFwWHGGRgv/Prl5790/66.1","action":"SyncServerConnectionManagerRequest", "result":"SYNC_SERVER_OK", "context":{"environment":"Prod_EastUS2_000e", "migrationStage":"NotStarted", "server":"GENERAL0100000X"}}
{"logTime": "1101/172639", "correlationVector":"9oFwWHGGRgv/Prl5790/66.2","action":"Commit Response", "result":"Success", "context":Result: Success. cV=9oFwWHGGRgv/Prl5790/66.0;server=GENERAL0100000X;cloudType=Consumer;environment=Prod_EastUS2_000e;migrationStage=NotStarted}
{"logTime": "1101/172639", "correlationVector":"61MbxkKIUzA6HpCQ6mv/Ea","action":"Normal GetUpdate request", "result":"", "context":cV=61MbxkKIUzA6HpCQ6mv/Ea
Nudged types: Preferences, Passwords
Notified types: Device Info}
{"logTime": "1101/172639", "correlationVector":"61MbxkKIUzA6HpCQ6mv/Ea.1","action":"SyncServerConnectionManagerRequest", "result":"SYNC_SERVER_OK", "context":{"environment":"Prod_SouthCentralUS_000i", "migrationStage":"NotStarted", "server":"GENERAL0100001F"}}
{"logTime": "1101/172639", "correlationVector":"61MbxkKIUzA6HpCQ6mv/Ea.2","action":"GetUpdates Response", "result":"Success", "context":Received 16 update(s). cV=61MbxkKIUzA6HpCQ6mv/Ea.0;server=GENERAL0100001F;cloudType=Consumer;environment=Prod_SouthCentralUS_000i;migrationStage=NotStarted}
{"logTime": "1105/014925", "correlationVector":"n3SGXDw086+b4m3Sms1yr5.1","action":"SyncServerConnectionManagerRequest", "result":"SYNC_SERVER_OK", "context":{"environment":"Prod_SouthCentralUS_000i", "migrationStage":"NotStarted", "server":"GENERAL0100000P"}}
{"logTime": "1105/014925", "correlationVector":"B7sjVS/5akv/xnPZTLeH4C","action":"SyncServerConnectionManagerRequest", "result":"SYNC_SERVER_OK", "context":{"environment":"", "migrationStage":"", "server":""}}
{"logTime": "1105/014925", "correlationVector":"n3SGXDw086+b4m3Sms1yr5","action":"Initial GetUpdates", "result":"", "context":Reason: NEW_CLIENT. cV=n3SGXDw086+b4m3Sms1yr5}
{"logTime": "1105/014925", "correlationVector":"n3SGXDw086+b4m3Sms1yr5.2","action":"GetUpdates Response", "result":"Success", "context":Received 1 update(s). cV=n3SGXDw086+b4m3Sms1yr5.0;server=GENERAL0100000P;cloudType=Consumer;environment=Prod_SouthCentralUS_000i;migrationStage=NotStarted}
{"logTime": "1105/014925", "correlationVector":"avDeOOw8+GSncdmX4A/V+h","action":"Initial GetUpdates", "result":"", "context":Reason: NEWLY_SUPPORTED_DATATYPE. cV=avDeOOw8+GSncdmX4A/V+h}
{"logTime": "1105/014926", "correlationVector":"avDeOOw8+GSncdmX4A/V+h.1","action":"SyncServerConnectionManagerRequest", "result":"SYNC_SERVER_OK", "context":{"environment":"Prod_SouthCentralUS_000i", "migrationStage":"NotStarted", "server":"GENERAL01000018"}}
{"logTime": "1105/014926", "correlationVector":"avDeOOw8+GSncdmX4A/V+h.2","action":"GetUpdates", "result":"DeleteReceived", "context":{"id":"6b9737b7-cdf8-4162-b0f4-92ce9dea7a55", "isDeleted:":"true", "version":"1707223667548"}}
{"logTime": "1105/014926", "correlationVector":"avDeOOw8+GSncdmX4A/V+h.3","action":"GetUpdates", "result":"DeleteReceived", "context":{"id":"357167c2-14cf-401d-972a-ffcf5458cd17", "isDeleted:":"true", "version":"1713299176173"}}
{"logTime": "1105/014926", "correlationVector":"avDeOOw8+GSncdmX4A/V+h.4","action":"GetUpdates", "result":"DeleteReceived", "context":{"id":"238db839-9e44-4c85-a68c-26c27f3761bb", "isDeleted:":"true", "version":"1713378542699"}}
{"logTime": "1105/014926", "correlationVector":"avDeOOw8+GSncdmX4A/V+h.5","action":"GetUpdates", "result":"DeleteReceived", "context":{"id":"fa99d654-cbd5-49af-8016-86955e6a100e", "isDeleted:":"true", "version":"1721066862729"}}
{"logTime": "1105/014926", "correlationVector":"avDeOOw8+GSncdmX4A/V+h.6","action":"GetUpdates", "result":"DeleteReceived", "context":{"id":"c4cf11e0-4777-45ff-a632-d7856675cbff", "isDeleted:":"true", "version":"1721864490365"}}
{"logTime": "1105/014926", "correlationVector":"avDeOOw8+GSncdmX4A/V+h.7","action":"GetUpdates", "result":"DeleteReceived", "context":{"id":"51ea3d41-4c7e-4ca7-b0ef-027b9264a48d", "isDeleted:":"true", "version":"1725648676283"}}
{"logTime": "1105/014926", "correlationVector":"avDeOOw8+GSncdmX4A/V+h.8","action":"GetUpdates", "result":"DeleteReceived", "context":{"id":"25451b2d-b74e-4933-a6d8-fe391a576906", "isDeleted:":"true", "version":"1727894573237"}}
{"logTime": "1105/014926", "correlationVector":"avDeOOw8+GSncdmX4A/V+h.9","action":"GetUpdates Response", "result":"Success", "context":Received 63 update(s). cV=avDeOOw8+GSncdmX4A/V+h.0;server=GENERAL01000018;cloudType=Consumer;environment=Prod_SouthCentralUS_000i;migrationStage=NotStarted}
{"logTime": "1105/014926", "correlationVector":"Xl2yCICCnD0wBVAr+Ij6qT","action":"Normal GetUpdate request", "result":"", "context":cV=Xl2yCICCnD0wBVAr+Ij6qT
Nudged types: Device Info
Refresh requested types: Bookmarks, Preferences, Passwords, Autofill Profiles, Autofill, Extensions, Extension settings, Device Info, User Consents, Send Tab To Self, Web Apps, Collection, Edge E Drop, Edge Hub App Usage, Edge Wallet, Encryption Keys}
{"logTime": "1105/014926", "correlationVector":"Xl2yCICCnD0wBVAr+Ij6qT.1","action":"SyncServerConnectionManagerRequest", "result":"SYNC_SERVER_OK", "context":{"environment":"Prod_SouthCentralUS_000i", "migrationStage":"NotStarted", "server":"GENERAL0100000S"}}
{"logTime": "1105/014926", "correlationVector":"Xl2yCICCnD0wBVAr+Ij6qT.2","action":"GetUpdates Response", "result":"Success", "context":Received 17 update(s). cV=Xl2yCICCnD0wBVAr+Ij6qT.0;server=GENERAL0100000S;cloudType=Consumer;environment=Prod_SouthCentralUS_000i;migrationStage=NotStarted}
{"logTime": "1105/014926", "correlationVector":"ZdX6UDHN1ed1Nzah3XrRA3","action":"Commit Request", "result":"", "context":Item count: 1
Contributing types: Device Info}
{"logTime": "1105/014927", "correlationVector":"ZdX6UDHN1ed1Nzah3XrRA3.1","action":"SyncServerConnectionManagerRequest", "result":"SYNC_SERVER_OK", "context":{"environment":"Prod_SouthCentralUS_000i", "migrationStage":"NotStarted", "server":"GENERAL0100000K"}}
{"logTime": "1105/014927", "correlationVector":"ZdX6UDHN1ed1Nzah3XrRA3.2","action":"Commit Response", "result":"Success", "context":Result: Success. cV=ZdX6UDHN1ed1Nzah3XrRA3.0;server=GENERAL0100000K;cloudType=Consumer;environment=Prod_SouthCentralUS_000i;migrationStage=NotStarted}
{"logTime": "1105/014927", "correlationVector":"n+7EHUNc+SXSaABTEngzRf","action":"Normal GetUpdate request", "result":"", "context":cV=n+7EHUNc+SXSaABTEngzRf
Nudged types: Device Info}
{"logTime": "1105/014927", "correlationVector":"n+7EHUNc+SXSaABTEngzRf.1","action":"SyncServerConnectionManagerRequest", "result":"SYNC_SERVER_OK", "context":{"environment":"Prod_SouthCentralUS_000i", "migrationStage":"NotStarted", "server":"GENERAL01000007"}}
{"logTime": "1105/014927", "correlationVector":"n+7EHUNc+SXSaABTEngzRf.2","action":"GetUpdates Response", "result":"Success", "context":Received 1 update(s). cV=n+7EHUNc+SXSaABTEngzRf.0;server=GENERAL01000007;cloudType=Consumer;environment=Prod_SouthCentralUS_000i;migrationStage=NotStarted}
{"logTime": "1105/014927", "correlationVector":"swIGs+SunVno1UHyU9fZae","action":"Poll GetUpdate request", "result":"", "context":cV=swIGs+SunVno1UHyU9fZae}
{"logTime": "1105/014927", "correlationVector":"swIGs+SunVno1UHyU9fZae.1","action":"SyncServerConnectionManagerRequest", "result":"SYNC_SERVER_OK", "context":{"environment":"Prod_SouthCentralUS_000i", "migrationStage":"NotStarted", "server":"GENERAL0100001L"}}
{"logTime": "1105/014927", "correlationVector":"swIGs+SunVno1UHyU9fZae.2","action":"GetUpdates Response", "result":"Success", "context":Received 0 update(s). cV=swIGs+SunVno1UHyU9fZae.0;server=GENERAL0100001L;cloudType=Consumer;environment=Prod_SouthCentralUS_000i;migrationStage=NotStarted}
{"logTime": "1105/014930", "correlationVector":"HpPtLIWYPDXbX2x8w048a9","action":"Normal GetUpdate request", "result":"", "context":cV=HpPtLIWYPDXbX2x8w048a9
Nudged types: Preferences}
{"logTime": "1105/014931", "correlationVector":"HpPtLIWYPDXbX2x8w048a9.1","action":"SyncServerConnectionManagerRequest", "result":"SYNC_SERVER_OK", "context":{"environment":"Prod_NorthCentralUS_000g", "migrationStage":"NotStarted", "server":"GENERAL01000016"}}
{"logTime": "1105/014931", "correlationVector":"HpPtLIWYPDXbX2x8w048a9.2","action":"GetUpdates Response", "result":"Success", "context":Received 0 update(s). cV=HpPtLIWYPDXbX2x8w048a9.0;server=GENERAL01000016;cloudType=Consumer;environment=Prod_NorthCentralUS_000g;migrationStage=NotStarted}
{"logTime": "1105/014931", "correlationVector":"IEbQ/rqbADa/Hn3Mf1PMUe","action":"DoCompareDataConsistency: ", "result":"has local changes and skip compare"}
{"logTime": "1105/014931", "correlationVector":"jIyHZlW7xmXzFtZ01eLNis","action":"Commit Request", "result":"", "context":Item count: 1
Contributing types: Preferences}
{"logTime": "1105/014931", "correlationVector":"jIyHZlW7xmXzFtZ01eLNis.1","action":"SyncServerConnectionManagerRequest", "result":"SYNC_SERVER_OK", "context":{"environment":"Prod_NorthCentralUS_000g", "migrationStage":"NotStarted", "server":"GENERAL01000026"}}
{"logTime": "1105/014931", "correlationVector":"jIyHZlW7xmXzFtZ01eLNis.2","action":"Commit Response", "result":"Success", "context":Result: Success. cV=jIyHZlW7xmXzFtZ01eLNis.0;server=GENERAL01000026;cloudType=Consumer;environment=Prod_NorthCentralUS_000g;migrationStage=NotStarted}
{"logTime": "1105/015425", "correlationVector":"Ojwc5PxVgsWkrZIjqmMhGT","action":"Normal GetUpdate request", "result":"", "context":cV=Ojwc5PxVgsWkrZIjqmMhGT
Refresh requested types: Bookmarks, Preferences, Passwords, Autofill Profiles, Autofill, Extensions, Extension settings, Device Info, User Consents, Send Tab To Self, Web Apps, Collection, Edge E Drop, Edge Hub App Usage, Edge Wallet, Encryption Keys}
{"logTime": "1105/015425", "correlationVector":"Ojwc5PxVgsWkrZIjqmMhGT.1","action":"SyncServerConnectionManagerRequest", "result":"SYNC_SERVER_OK", "context":{"environment":"Prod_SouthCentralUS_000i", "migrationStage":"NotStarted", "server":"GENERAL01000018"}}
{"logTime": "1105/015425", "correlationVector":"Ojwc5PxVgsWkrZIjqmMhGT.2","action":"GetUpdates Response", "result":"Success", "context":Received 1 update(s). cV=Ojwc5PxVgsWkrZIjqmMhGT.0;server=GENERAL01000018;cloudType=Consumer;environment=Prod_SouthCentralUS_000i;migrationStage=NotStarted}
{"logTime": "1105/021849", "correlationVector":"m0aulbbkGma7NamjGafZBJ","action":"Normal GetUpdate request", "result":"", "context":cV=m0aulbbkGma7NamjGafZBJ
Notified types: Device Info
Refresh requested types: Bookmarks, Preferences, Passwords, Autofill Profiles, Autofill, Extensions, Extension settings, Device Info, User Consents, Send Tab To Self, Web Apps, Collection, Edge E Drop, Edge Hub App Usage, Edge Wallet, Encryption Keys}
{"logTime": "1105/021850", "correlationVector":"m0aulbbkGma7NamjGafZBJ.1","action":"SyncServerConnectionManagerRequest", "result":"SYNC_SERVER_OK", "context":{"environment":"Prod_SouthCentralUS_000i", "migrationStage":"NotStarted", "server":"GENERAL01000017"}}
{"logTime": "1105/021850", "correlationVector":"m0aulbbkGma7NamjGafZBJ.2","action":"GetUpdates Response", "result":"Success", "context":Received 2 update(s). cV=m0aulbbkGma7NamjGafZBJ.0;server=GENERAL01000017;cloudType=Consumer;environment=Prod_SouthCentralUS_000i;migrationStage=NotStarted}
{"logTime": "1105/032857", "correlationVector":"mpxxdPeWCDgKNRNrFEK5UB.1","action":"SyncServerConnectionManagerRequest", "result":"SYNC_SERVER_OK", "context":{"environment":"Prod_NorthCentralUS_000g", "migrationStage":"NotStarted", "server":"GENERAL0100001Z"}}
{"logTime": "1105/032858", "correlationVector":"we5qKQ9zol4x+nlWCck4ys","action":"SyncServerConnectionManagerRequest", "result":"SYNC_SERVER_OK", "context":{"environment":"", "migrationStage":"", "server":""}}
{"logTime": "1105/032858", "correlationVector":"mpxxdPeWCDgKNRNrFEK5UB","action":"Initial GetUpdates", "result":"", "context":Reason: NEW_CLIENT. cV=mpxxdPeWCDgKNRNrFEK5UB}
{"logTime": "1105/032858", "correlationVector":"mpxxdPeWCDgKNRNrFEK5UB.2","action":"GetUpdates Response", "result":"Success", "context":Received 1 update(s). cV=mpxxdPeWCDgKNRNrFEK5UB.0;server=GENERAL0100001Z;cloudType=Consumer;environment=Prod_NorthCentralUS_000g;migrationStage=NotStarted}
{"logTime": "1105/032858", "correlationVector":"bBulkXHz/JyqewJFVhMSeD","action":"Initial GetUpdates", "result":"", "context":Reason: NEWLY_SUPPORTED_DATATYPE. cV=bBulkXHz/JyqewJFVhMSeD}
{"logTime": "1105/032900", "correlationVector":"bBulkXHz/JyqewJFVhMSeD.1","action":"SyncServerConnectionManagerRequest", "result":"SYNC_SERVER_OK", "context":{"environment":"Prod_SouthCentralUS_000i", "migrationStage":"NotStarted", "server":"GENERAL01000017"}}
{"logTime": "1105/032900", "correlationVector":"bBulkXHz/JyqewJFVhMSeD.2","action":"GetUpdates", "result":"DeleteReceived", "context":{"id":"6b9737b7-cdf8-4162-b0f4-92ce9dea7a55", "isDeleted:":"true", "version":"1707223667548"}}
{"logTime": "1105/032900", "correlationVector":"bBulkXHz/JyqewJFVhMSeD.3","action":"GetUpdates", "result":"DeleteReceived", "context":{"id":"357167c2-14cf-401d-972a-ffcf5458cd17", "isDeleted:":"true", "version":"1713299176173"}}
{"logTime": "1105/032900", "correlationVector":"bBulkXHz/JyqewJFVhMSeD.4","action":"GetUpdates", "result":"DeleteReceived", "context":{"id":"238db839-9e44-4c85-a68c-26c27f3761bb", "isDeleted:":"true", "version":"1713378542699"}}
{"logTime": "1105/032900", "correlationVector":"bBulkXHz/JyqewJFVhMSeD.5","action":"GetUpdates", "result":"DeleteReceived", "context":{"id":"fa99d654-cbd5-49af-8016-86955e6a100e", "isDeleted:":"true", "version":"1721066862729"}}
{"logTime": "1105/032900", "correlationVector":"bBulkXHz/JyqewJFVhMSeD.6","action":"GetUpdates", "result":"DeleteReceived", "context":{"id":"c4cf11e0-4777-45ff-a632-d7856675cbff", "isDeleted:":"true", "version":"1721864490365"}}
{"logTime": "1105/032900", "correlationVector":"bBulkXHz/JyqewJFVhMSeD.7","action":"GetUpdates", "result":"DeleteReceived", "context":{"id":"51ea3d41-4c7e-4ca7-b0ef-027b9264a48d", "isDeleted:":"true", "version":"1725648676283"}}
{"logTime": "1105/032900", "correlationVector":"bBulkXHz/JyqewJFVhMSeD.8","action":"GetUpdates", "result":"DeleteReceived", "context":{"id":"25451b2d-b74e-4933-a6d8-fe391a576906", "isDeleted:":"true", "version":"1727894573237"}}
{"logTime": "1105/032900", "correlationVector":"bBulkXHz/JyqewJFVhMSeD.9","action":"GetUpdates Response", "result":"Success", "context":Received 63 update(s). cV=bBulkXHz/JyqewJFVhMSeD.0;server=GENERAL01000017;cloudType=Consumer;environment=Prod_SouthCentralUS_000i;migrationStage=NotStarted}
{"logTime": "1105/032901", "correlationVector":"o6qpCf+rC4GMod3n8Ap92R","action":"Normal GetUpdate request", "result":"", "context":cV=o6qpCf+rC4GMod3n8Ap92R
Nudged types: Device Info
Refresh requested types: Bookmarks, Preferences, Passwords, Autofill Profiles, Autofill, Extensions, Extension settings, Device Info, User Consents, Send Tab To Self, Web Apps, Collection, Edge E Drop, Edge Hub App Usage, Edge Wallet, Encryption Keys}
{"logTime": "1105/032901", "correlationVector":"o6qpCf+rC4GMod3n8Ap92R.1","action":"SyncServerConnectionManagerRequest", "result":"SYNC_SERVER_OK", "context":{"environment":"Prod_SouthCentralUS_000i", "migrationStage":"NotStarted", "server":"GENERAL0100000X"}}
{"logTime": "1105/032901", "correlationVector":"o6qpCf+rC4GMod3n8Ap92R.2","action":"GetUpdates Response", "result":"Success", "context":Received 0 update(s). cV=o6qpCf+rC4GMod3n8Ap92R.0;server=GENERAL0100000X;cloudType=Consumer;environment=Prod_SouthCentralUS_000i;migrationStage=NotStarted}
{"logTime": "1105/032901", "correlationVector":"CAeUYvgsIXOsdEmGIJbUGW","action":"Commit Request", "result":"", "context":Item count: 1
Contributing types: Device Info}
{"logTime": "1105/032901", "correlationVector":"CAeUYvgsIXOsdEmGIJbUGW.1","action":"SyncServerConnectionManagerRequest", "result":"SYNC_SERVER_OK", "context":{"environment":"Prod_SouthCentralUS_000i", "migrationStage":"NotStarted", "server":"GENERAL0100000N"}}
{"logTime": "1105/032901", "correlationVector":"CAeUYvgsIXOsdEmGIJbUGW.2","action":"Commit Response", "result":"Success", "context":Result: Success. cV=CAeUYvgsIXOsdEmGIJbUGW.0;server=GENERAL0100000N;cloudType=Consumer;environment=Prod_SouthCentralUS_000i;migrationStage=NotStarted}
{"logTime": "1105/032901", "correlationVector":"Y5/8qHPiVxDqVMDSR8hItL","action":"Normal GetUpdate request", "result":"", "context":cV=Y5/8qHPiVxDqVMDSR8hItL
Nudged types: Device Info}
{"logTime": "1105/032902", "correlationVector":"Y5/8qHPiVxDqVMDSR8hItL.1","action":"SyncServerConnectionManagerRequest", "result":"SYNC_SERVER_OK", "context":{"environment":"Prod_SouthCentralUS_000i", "migrationStage":"NotStarted", "server":"GENERAL0100000S"}}
{"logTime": "1105/032902", "correlationVector":"Y5/8qHPiVxDqVMDSR8hItL.2","action":"GetUpdates Response", "result":"Success", "context":Received 1 update(s). cV=Y5/8qHPiVxDqVMDSR8hItL.0;server=GENERAL0100000S;cloudType=Consumer;environment=Prod_SouthCentralUS_000i;migrationStage=NotStarted}
{"logTime": "1105/032928", "correlationVector":"6YGKoZ0fJ750zq0IEWngxR","action":"Normal GetUpdate request", "result":"", "context":cV=6YGKoZ0fJ750zq0IEWngxR
Nudged types: Preferences}
{"logTime": "1105/032929", "correlationVector":"6YGKoZ0fJ750zq0IEWngxR.1","action":"SyncServerConnectionManagerRequest", "result":"SYNC_SERVER_OK", "context":{"environment":"Prod_NorthCentralUS_000g", "migrationStage":"NotStarted", "server":"GENERAL01000002"}}
{"logTime": "1105/032929", "correlationVector":"6YGKoZ0fJ750zq0IEWngxR.2","action":"GetUpdates Response", "result":"Success", "context":Received 0 update(s). cV=6YGKoZ0fJ750zq0IEWngxR.0;server=GENERAL01000002;cloudType=Consumer;environment=Prod_NorthCentralUS_000g;migrationStage=NotStarted}
{"logTime": "1105/032929", "correlationVector":"+vIhC3iSEC3elyeNYbPFPx","action":"Commit Request", "result":"", "context":Item count: 1
Contributing types: Preferences}
{"logTime": "1105/032929", "correlationVector":"+vIhC3iSEC3elyeNYbPFPx.1","action":"SyncServerConnectionManagerRequest", "result":"SYNC_SERVER_OK", "context":{"environment":"Prod_NorthCentralUS_000g", "migrationStage":"NotStarted", "server":"GENERAL0100000B"}}
{"logTime": "1105/032929", "correlationVector":"+vIhC3iSEC3elyeNYbPFPx.2","action":"Commit Response", "result":"Success", "context":Result: Success. cV=+vIhC3iSEC3elyeNYbPFPx.0;server=GENERAL0100000B;cloudType=Consumer;environment=Prod_NorthCentralUS_000g;migrationStage=NotStarted}
{"logTime": "1105/033354", "correlationVector":"btojEmaYp2Z72ndU7m4VUV","action":"Normal GetUpdate request", "result":"", "context":cV=btojEmaYp2Z72ndU7m4VUV
Refresh requested types: Bookmarks, Preferences, Passwords, Autofill Profiles, Autofill, Extensions, Extension settings, Device Info, User Consents, Send Tab To Self, Web Apps, Collection, Edge E Drop, Edge Hub App Usage, Edge Wallet, Encryption Keys}
{"logTime": "1105/033354", "correlationVector":"btojEmaYp2Z72ndU7m4VUV.1","action":"SyncServerConnectionManagerRequest", "result":"SYNC_SERVER_OK", "context":{"environment":"Prod_NorthCentralUS_000g", "migrationStage":"NotStarted", "server":"GENERAL0100000W"}}
{"logTime": "1105/033354", "correlationVector":"btojEmaYp2Z72ndU7m4VUV.2","action":"GetUpdates Response", "result":"Success", "context":Received 1 update(s). cV=btojEmaYp2Z72ndU7m4VUV.0;server=GENERAL0100000W;cloudType=Consumer;environment=Prod_NorthCentralUS_000g;migrationStage=NotStarted}
{"logTime": "1105/033705", "correlationVector":"NQI9o+q0CBU96tNfeE/4te.1","action":"SyncServerConnectionManagerRequest", "result":"SYNC_SERVER_OK", "context":{"environment":"Prod_SouthCentralUS_000i", "migrationStage":"NotStarted", "server":"GENERAL0100000B"}}
{"logTime": "1105/033705", "correlationVector":"bl3pgrdxnAmnOpf/ojJ2as","action":"SyncServerConnectionManagerRequest", "result":"SYNC_SERVER_OK", "context":{"environment":"", "migrationStage":"", "server":""}}
{"logTime": "1105/033705", "correlationVector":"NQI9o+q0CBU96tNfeE/4te","action":"Initial GetUpdates", "result":"", "context":Reason: NEW_CLIENT. cV=NQI9o+q0CBU96tNfeE/4te}
{"logTime": "1105/033705", "correlationVector":"NQI9o+q0CBU96tNfeE/4te.2","action":"GetUpdates Response", "result":"Success", "context":Received 1 update(s). cV=NQI9o+q0CBU96tNfeE/4te.0;server=GENERAL0100000B;cloudType=Consumer;environment=Prod_SouthCentralUS_000i;migrationStage=NotStarted}
{"logTime": "1105/033705", "correlationVector":"C1TdQ0DDaespb3sgVWW3Aa","action":"Initial GetUpdates", "result":"", "context":Reason: NEWLY_SUPPORTED_DATATYPE. cV=C1TdQ0DDaespb3sgVWW3Aa}
{"logTime": "1105/033706", "correlationVector":"C1TdQ0DDaespb3sgVWW3Aa.1","action":"SyncServerConnectionManagerRequest", "result":"SYNC_SERVER_OK", "context":{"environment":"Prod_SouthCentralUS_000i", "migrationStage":"NotStarted", "server":"GENERAL0100000J"}}
{"logTime": "1105/033706", "correlationVector":"C1TdQ0DDaespb3sgVWW3Aa.2","action":"GetUpdates", "result":"DeleteReceived", "context":{"id":"6b9737b7-cdf8-4162-b0f4-92ce9dea7a55", "isDeleted:":"true", "version":"1707223667548"}}
{"logTime": "1105/033706", "correlationVector":"C1TdQ0DDaespb3sgVWW3Aa.3","action":"GetUpdates", "result":"DeleteReceived", "context":{"id":"357167c2-14cf-401d-972a-ffcf5458cd17", "isDeleted:":"true", "version":"1713299176173"}}
{"logTime": "1105/033706", "correlationVector":"C1TdQ0DDaespb3sgVWW3Aa.4","action":"GetUpdates", "result":"DeleteReceived", "context":{"id":"238db839-9e44-4c85-a68c-26c27f3761bb", "isDeleted:":"true", "version":"1713378542699"}}
{"logTime": "1105/033706", "correlationVector":"C1TdQ0DDaespb3sgVWW3Aa.5","action":"GetUpdates", "result":"DeleteReceived", "context":{"id":"fa99d654-cbd5-49af-8016-86955e6a100e", "isDeleted:":"true", "version":"1721066862729"}}
{"logTime": "1105/033706", "correlationVector":"C1TdQ0DDaespb3sgVWW3Aa.6","action":"GetUpdates", "result":"DeleteReceived", "context":{"id":"c4cf11e0-4777-45ff-a632-d7856675cbff", "isDeleted:":"true", "version":"1721864490365"}}
{"logTime": "1105/033706", "correlationVector":"C1TdQ0DDaespb3sgVWW3Aa.7","action":"GetUpdates", "result":"DeleteReceived", "context":{"id":"51ea3d41-4c7e-4ca7-b0ef-027b9264a48d", "isDeleted:":"true", "version":"1725648676283"}}
{"logTime": "1105/033706", "correlationVector":"C1TdQ0DDaespb3sgVWW3Aa.8","action":"GetUpdates", "result":"DeleteReceived", "context":{"id":"25451b2d-b74e-4933-a6d8-fe391a576906", "isDeleted:":"true", "version":"1727894573237"}}
{"logTime": "1105/033706", "correlationVector":"C1TdQ0DDaespb3sgVWW3Aa.9","action":"GetUpdates Response", "result":"Success", "context":Received 63 update(s). cV=C1TdQ0DDaespb3sgVWW3Aa.0;server=GENERAL0100000J;cloudType=Consumer;environment=Prod_SouthCentralUS_000i;migrationStage=NotStarted}
{"logTime": "1105/033706", "correlationVector":"S22EAkNYG8yQkYJJP1NSLF","action":"Normal GetUpdate request", "result":"", "context":cV=S22EAkNYG8yQkYJJP1NSLF
Nudged types: Preferences
Refresh requested types: Bookmarks, Preferences, Passwords, Autofill Profiles, Autofill, Extensions, Extension settings, Device Info, User Consents, Send Tab To Self, Web Apps, Collection, Edge E Drop, Edge Hub App Usage, Edge Wallet, Encryption Keys}
{"logTime": "1105/033707", "correlationVector":"S22EAkNYG8yQkYJJP1NSLF.1","action":"SyncServerConnectionManagerRequest", "result":"SYNC_SERVER_OK", "context":{"environment":"Prod_SouthCentralUS_000i", "migrationStage":"NotStarted", "server":"GENERAL0100000C"}}
{"logTime": "1105/033707", "correlationVector":"S22EAkNYG8yQkYJJP1NSLF.2","action":"GetUpdates Response", "result":"Success", "context":Received 2 update(s). cV=S22EAkNYG8yQkYJJP1NSLF.0;server=GENERAL0100000C;cloudType=Consumer;environment=Prod_SouthCentralUS_000i;migrationStage=NotStarted}
{"logTime": "1105/033707", "correlationVector":"MgO/SWblld9xJbnTgRsK8H","action":"Commit Request", "result":"", "context":Item count: 1
Contributing types: Preferences}
{"logTime": "1105/033707", "correlationVector":"MgO/SWblld9xJbnTgRsK8H.1","action":"SyncServerConnectionManagerRequest", "result":"SYNC_SERVER_OK", "context":{"environment":"Prod_SouthCentralUS_000i", "migrationStage":"NotStarted", "server":"GENERAL01000005"}}
{"logTime": "1105/033707", "correlationVector":"MgO/SWblld9xJbnTgRsK8H.2","action":"Commit Response", "result":"Success", "context":Result: Success. cV=MgO/SWblld9xJbnTgRsK8H.0;server=GENERAL01000005;cloudType=Consumer;environment=Prod_SouthCentralUS_000i;migrationStage=NotStarted}
{"logTime": "1105/033708", "correlationVector":"dmxzFHlZUF0t0T0K90yEak","action":"Normal GetUpdate request", "result":"", "context":cV=dmxzFHlZUF0t0T0K90yEak
Nudged types: Preferences
Notified types: Preferences, Device Info}
{"logTime": "1105/033708", "correlationVector":"dmxzFHlZUF0t0T0K90yEak.1","action":"SyncServerConnectionManagerRequest", "result":"SYNC_SERVER_OK", "context":{"environment":"Prod_SouthCentralUS_000i", "migrationStage":"NotStarted", "server":"GENERAL01000017"}}
{"logTime": "1105/033708", "correlationVector":"dmxzFHlZUF0t0T0K90yEak.2","action":"GetUpdates Response", "result":"Success", "context":Received 1 update(s). cV=dmxzFHlZUF0t0T0K90yEak.0;server=GENERAL01000017;cloudType=Consumer;environment=Prod_SouthCentralUS_000i;migrationStage=NotStarted}
{"logTime": "1105/034411", "correlationVector":"8NHJgw/mr2j4FAbalc/U0i.1","action":"SyncServerConnectionManagerRequest", "result":"SYNC_SERVER_OK", "context":{"environment":"Prod_NorthCentralUS_000g", "migrationStage":"NotStarted", "server":"GENERAL0100001B"}}
{"logTime": "1105/034413", "correlationVector":"zbTtAQib4Q79LhQ9FiV7Ss","action":"SyncServerConnectionManagerRequest", "result":"SYNC_SERVER_OK", "context":{"environment":"", "migrationStage":"", "server":""}}
{"logTime": "1105/034413", "correlationVector":"8NHJgw/mr2j4FAbalc/U0i","action":"Initial GetUpdates", "result":"", "context":Reason: NEW_CLIENT. cV=8NHJgw/mr2j4FAbalc/U0i}
{"logTime": "1105/034413", "correlationVector":"8NHJgw/mr2j4FAbalc/U0i.2","action":"GetUpdates Response", "result":"Success", "context":Received 1 update(s). cV=8NHJgw/mr2j4FAbalc/U0i.0;server=GENERAL0100001B;cloudType=Consumer;environment=Prod_NorthCentralUS_000g;migrationStage=NotStarted}
{"logTime": "1105/034413", "correlationVector":"MvuF6mCqAAVzfoQZzuWRm6","action":"Initial GetUpdates", "result":"", "context":Reason: NEWLY_SUPPORTED_DATATYPE. cV=MvuF6mCqAAVzfoQZzuWRm6}
{"logTime": "1105/034413", "correlationVector":"MvuF6mCqAAVzfoQZzuWRm6.1","action":"SyncServerConnectionManagerRequest", "result":"SYNC_SERVER_OK", "context":{"environment":"Prod_NorthCentralUS_000g", "migrationStage":"NotStarted", "server":"GENERAL0100002G"}}
{"logTime": "1105/034413", "correlationVector":"MvuF6mCqAAVzfoQZzuWRm6.2","action":"GetUpdates", "result":"DeleteReceived", "context":{"id":"6b9737b7-cdf8-4162-b0f4-92ce9dea7a55", "isDeleted:":"true", "version":"1707223667548"}}
{"logTime": "1105/034413", "correlationVector":"MvuF6mCqAAVzfoQZzuWRm6.3","action":"GetUpdates", "result":"DeleteReceived", "context":{"id":"357167c2-14cf-401d-972a-ffcf5458cd17", "isDeleted:":"true", "version":"1713299176173"}}
{"logTime": "1105/034413", "correlationVector":"MvuF6mCqAAVzfoQZzuWRm6.4","action":"GetUpdates", "result":"DeleteReceived", "context":{"id":"238db839-9e44-4c85-a68c-26c27f3761bb", "isDeleted:":"true", "version":"1713378542699"}}
{"logTime": "1105/034413", "correlationVector":"MvuF6mCqAAVzfoQZzuWRm6.5","action":"GetUpdates", "result":"DeleteReceived", "context":{"id":"fa99d654-cbd5-49af-8016-86955e6a100e", "isDeleted:":"true", "version":"1721066862729"}}
{"logTime": "1105/034413", "correlationVector":"MvuF6mCqAAVzfoQZzuWRm6.6","action":"GetUpdates", "result":"DeleteReceived", "context":{"id":"c4cf11e0-4777-45ff-a632-d7856675cbff", "isDeleted:":"true", "version":"1721864490365"}}
{"logTime": "1105/034413", "correlationVector":"MvuF6mCqAAVzfoQZzuWRm6.7","action":"GetUpdates", "result":"DeleteReceived", "context":{"id":"51ea3d41-4c7e-4ca7-b0ef-027b9264a48d", "isDeleted:":"true", "version":"1725648676283"}}
{"logTime": "1105/034413", "correlationVector":"MvuF6mCqAAVzfoQZzuWRm6.8","action":"GetUpdates", "result":"DeleteReceived", "context":{"id":"25451b2d-b74e-4933-a6d8-fe391a576906", "isDeleted:":"true", "version":"1727894573237"}}
{"logTime": "1105/034413", "correlationVector":"MvuF6mCqAAVzfoQZzuWRm6.9","action":"GetUpdates Response", "result":"Success", "context":Received 63 update(s). cV=MvuF6mCqAAVzfoQZzuWRm6.0;server=GENERAL0100002G;cloudType=Consumer;environment=Prod_NorthCentralUS_000g;migrationStage=NotStarted}
{"logTime": "1105/034413", "correlationVector":"ZeEwThhY4yFTbPVkScaVqt","action":"Normal GetUpdate request", "result":"", "context":cV=ZeEwThhY4yFTbPVkScaVqt
Nudged types: Preferences
Refresh requested types: Bookmarks, Preferences, Passwords, Autofill Profiles, Autofill, Extensions, Extension settings, Device Info, User Consents, Send Tab To Self, Web Apps, Collection, Edge E Drop, Edge Hub App Usage, Edge Wallet, Encryption Keys}
{"logTime": "1105/034413", "correlationVector":"ZeEwThhY4yFTbPVkScaVqt.1","action":"SyncServerConnectionManagerRequest", "result":"SYNC_SERVER_OK", "context":{"environment":"Prod_NorthCentralUS_000g", "migrationStage":"NotStarted", "server":"GENERAL0100002D"}}
{"logTime": "1105/034413", "correlationVector":"ZeEwThhY4yFTbPVkScaVqt.2","action":"GetUpdates Response", "result":"Success", "context":Received 1 update(s). cV=ZeEwThhY4yFTbPVkScaVqt.0;server=GENERAL0100002D;cloudType=Consumer;environment=Prod_NorthCentralUS_000g;migrationStage=NotStarted}
{"logTime": "1105/034413", "correlationVector":"w5DJSu1TuVWS/EB9tTQA79","action":"Commit Request", "result":"", "context":Item count: 1
Contributing types: Preferences}
{"logTime": "1105/034413", "correlationVector":"w5DJSu1TuVWS/EB9tTQA79.1","action":"SyncServerConnectionManagerRequest", "result":"SYNC_SERVER_OK", "context":{"environment":"Prod_NorthCentralUS_000g", "migrationStage":"NotStarted", "server":"GENERAL0100001M"}}
{"logTime": "1105/034413", "correlationVector":"w5DJSu1TuVWS/EB9tTQA79.2","action":"Commit Response", "result":"Success", "context":Result: Success. cV=w5DJSu1TuVWS/EB9tTQA79.0;server=GENERAL0100001M;cloudType=Consumer;environment=Prod_NorthCentralUS_000g;migrationStage=NotStarted}
{"logTime": "1105/034415", "correlationVector":"jP0GWmJo7PsTtFZPF2OX4I","action":"Normal GetUpdate request", "result":"", "context":cV=jP0GWmJo7PsTtFZPF2OX4I
Nudged types: Preferences}
{"logTime": "1105/034416", "correlationVector":"jP0GWmJo7PsTtFZPF2OX4I.1","action":"SyncServerConnectionManagerRequest", "result":"SYNC_SERVER_OK", "context":{"environment":"Prod_SouthCentralUS_000i", "migrationStage":"NotStarted", "server":"GENERAL0100000E"}}
{"logTime": "1105/034416", "correlationVector":"jP0GWmJo7PsTtFZPF2OX4I.2","action":"GetUpdates Response", "result":"Success", "context":Received 1 update(s). cV=jP0GWmJo7PsTtFZPF2OX4I.0;server=GENERAL0100000E;cloudType=Consumer;environment=Prod_SouthCentralUS_000i;migrationStage=NotStarted}
{"logTime": "1105/034547", "correlationVector":"vF5P+GgQVNfAu/DVgxcDTc.1","action":"SyncServerConnectionManagerRequest", "result":"SYNC_SERVER_OK", "context":{"environment":"Prod_SouthCentralUS_000i", "migrationStage":"NotStarted", "server":"GENERAL01000014"}}
{"logTime": "1105/034547", "correlationVector":"6Y2MrHbHsgF/XHChVsoEd2","action":"SyncServerConnectionManagerRequest", "result":"SYNC_SERVER_OK", "context":{"environment":"", "migrationStage":"", "server":""}}
{"logTime": "1105/034547", "correlationVector":"vF5P+GgQVNfAu/DVgxcDTc","action":"Initial GetUpdates", "result":"", "context":Reason: NEW_CLIENT. cV=vF5P+GgQVNfAu/DVgxcDTc}
{"logTime": "1105/034547", "correlationVector":"vF5P+GgQVNfAu/DVgxcDTc.2","action":"GetUpdates Response", "result":"Success", "context":Received 1 update(s). cV=vF5P+GgQVNfAu/DVgxcDTc.0;server=GENERAL01000014;cloudType=Consumer;environment=Prod_SouthCentralUS_000i;migrationStage=NotStarted}
{"logTime": "1105/034547", "correlationVector":"LOsmPth3lvIaCBmeBoWuX+","action":"Initial GetUpdates", "result":"", "context":Reason: NEWLY_SUPPORTED_DATATYPE. cV=LOsmPth3lvIaCBmeBoWuX+}
{"logTime": "1105/034547", "correlationVector":"LOsmPth3lvIaCBmeBoWuX+.1","action":"SyncServerConnectionManagerRequest", "result":"SYNC_SERVER_OK", "context":{"environment":"Prod_SouthCentralUS_000i", "migrationStage":"NotStarted", "server":"GENERAL0100000E"}}
{"logTime": "1105/034547", "correlationVector":"LOsmPth3lvIaCBmeBoWuX+.2","action":"GetUpdates", "result":"DeleteReceived", "context":{"id":"6b9737b7-cdf8-4162-b0f4-92ce9dea7a55", "isDeleted:":"true", "version":"1707223667548"}}
{"logTime": "1105/034547", "correlationVector":"LOsmPth3lvIaCBmeBoWuX+.3","action":"GetUpdates", "result":"DeleteReceived", "context":{"id":"357167c2-14cf-401d-972a-ffcf5458cd17", "isDeleted:":"true", "version":"1713299176173"}}
{"logTime": "1105/034547", "correlationVector":"LOsmPth3lvIaCBmeBoWuX+.4","action":"GetUpdates", "result":"DeleteReceived", "context":{"id":"238db839-9e44-4c85-a68c-26c27f3761bb", "isDeleted:":"true", "version":"1713378542699"}}
{"logTime": "1105/034547", "correlationVector":"LOsmPth3lvIaCBmeBoWuX+.5","action":"GetUpdates", "result":"DeleteReceived", "context":{"id":"fa99d654-cbd5-49af-8016-86955e6a100e", "isDeleted:":"true", "version":"1721066862729"}}
{"logTime": "1105/034547", "correlationVector":"LOsmPth3lvIaCBmeBoWuX+.6","action":"GetUpdates", "result":"DeleteReceived", "context":{"id":"c4cf11e0-4777-45ff-a632-d7856675cbff", "isDeleted:":"true", "version":"1721864490365"}}
{"logTime": "1105/034547", "correlationVector":"LOsmPth3lvIaCBmeBoWuX+.7","action":"GetUpdates", "result":"DeleteReceived", "context":{"id":"51ea3d41-4c7e-4ca7-b0ef-027b9264a48d", "isDeleted:":"true", "version":"1725648676283"}}
{"logTime": "1105/034547", "correlationVector":"LOsmPth3lvIaCBmeBoWuX+.8","action":"GetUpdates", "result":"DeleteReceived", "context":{"id":"25451b2d-b74e-4933-a6d8-fe391a576906", "isDeleted:":"true", "version":"1727894573237"}}
{"logTime": "1105/034547", "correlationVector":"LOsmPth3lvIaCBmeBoWuX+.9","action":"GetUpdates Response", "result":"Success", "context":Received 63 update(s). cV=LOsmPth3lvIaCBmeBoWuX+.0;server=GENERAL0100000E;cloudType=Consumer;environment=Prod_SouthCentralUS_000i;migrationStage=NotStarted}
{"logTime": "1105/034547", "correlationVector":"6qhG2e0zuz0yx/DrwTzqcz","action":"Normal GetUpdate request", "result":"", "context":cV=6qhG2e0zuz0yx/DrwTzqcz
Nudged types: Preferences
Refresh requested types: Bookmarks, Preferences, Passwords, Autofill Profiles, Autofill, Extensions, Extension settings, Device Info, User Consents, Send Tab To Self, Web Apps, Collection, Edge E Drop, Edge Hub App Usage, Edge Wallet, Encryption Keys}
{"logTime": "1105/034548", "correlationVector":"6qhG2e0zuz0yx/DrwTzqcz.1","action":"SyncServerConnectionManagerRequest", "result":"SYNC_SERVER_OK", "context":{"environment":"Prod_SouthCentralUS_000i", "migrationStage":"NotStarted", "server":"GENERAL01000008"}}
{"logTime": "1105/034548", "correlationVector":"6qhG2e0zuz0yx/DrwTzqcz.2","action":"GetUpdates Response", "result":"Success", "context":Received 0 update(s). cV=6qhG2e0zuz0yx/DrwTzqcz.0;server=GENERAL01000008;cloudType=Consumer;environment=Prod_SouthCentralUS_000i;migrationStage=NotStarted}
{"logTime": "1105/034548", "correlationVector":"UccIj+t1xmy3d7Dw1GkZXV","action":"Commit Request", "result":"", "context":Item count: 1
Contributing types: Preferences}
{"logTime": "1105/034548", "correlationVector":"UccIj+t1xmy3d7Dw1GkZXV.1","action":"SyncServerConnectionManagerRequest", "result":"SYNC_SERVER_OK", "context":{"environment":"Prod_SouthCentralUS_000i", "migrationStage":"NotStarted", "server":"GENERAL0100000D"}}
{"logTime": "1105/034548", "correlationVector":"UccIj+t1xmy3d7Dw1GkZXV.2","action":"Commit Response", "result":"Success", "context":Result: Success. cV=UccIj+t1xmy3d7Dw1GkZXV.0;server=GENERAL0100000D;cloudType=Consumer;environment=Prod_SouthCentralUS_000i;migrationStage=NotStarted}
{"logTime": "1105/034548", "correlationVector":"GlaBHWr/2FfQcbglT7xJE0","action":"Normal GetUpdate request", "result":"", "context":cV=GlaBHWr/2FfQcbglT7xJE0
Nudged types: Preferences
Notified types: Preferences}
{"logTime": "1105/034548", "correlationVector":"GlaBHWr/2FfQcbglT7xJE0.1","action":"SyncServerConnectionManagerRequest", "result":"SYNC_SERVER_OK", "context":{"environment":"Prod_SouthCentralUS_000i", "migrationStage":"NotStarted", "server":"GENERAL0100001N"}}
{"logTime": "1105/034548", "correlationVector":"GlaBHWr/2FfQcbglT7xJE0.2","action":"GetUpdates Response", "result":"Success", "context":Received 1 update(s). cV=GlaBHWr/2FfQcbglT7xJE0.0;server=GENERAL0100001N;cloudType=Consumer;environment=Prod_SouthCentralUS_000i;migrationStage=NotStarted}
{"logTime": "1105/034854", "correlationVector":"l9PwNAjq/ucRjyuQ1rnrPa.1","action":"SyncServerConnectionManagerRequest", "result":"SYNC_SERVER_OK", "context":{"environment":"Prod_NorthCentralUS_000g", "migrationStage":"NotStarted", "server":"GENERAL0100002P"}}
{"logTime": "1105/034855", "correlationVector":"0VyQYJ1QM/rMMfqrlgN9kf","action":"SyncServerConnectionManagerRequest", "result":"SYNC_SERVER_OK", "context":{"environment":"", "migrationStage":"", "server":""}}
{"logTime": "1105/034855", "correlationVector":"l9PwNAjq/ucRjyuQ1rnrPa","action":"Initial GetUpdates", "result":"", "context":Reason: NEW_CLIENT. cV=l9PwNAjq/ucRjyuQ1rnrPa}
{"logTime": "1105/034855", "correlationVector":"l9PwNAjq/ucRjyuQ1rnrPa.2","action":"GetUpdates Response", "result":"Success", "context":Received 1 update(s). cV=l9PwNAjq/ucRjyuQ1rnrPa.0;server=GENERAL0100002P;cloudType=Consumer;environment=Prod_NorthCentralUS_000g;migrationStage=NotStarted}
{"logTime": "1105/034855", "correlationVector":"25BTKinqTzQBEjqWMi+YIP","action":"Initial GetUpdates", "result":"", "context":Reason: NEWLY_SUPPORTED_DATATYPE. cV=25BTKinqTzQBEjqWMi+YIP}
{"logTime": "1105/034856", "correlationVector":"25BTKinqTzQBEjqWMi+YIP.1","action":"SyncServerConnectionManagerRequest", "result":"SYNC_SERVER_OK", "context":{"environment":"Prod_NorthCentralUS_000g", "migrationStage":"NotStarted", "server":"GENERAL0100002N"}}
{"logTime": "1105/034856", "correlationVector":"25BTKinqTzQBEjqWMi+YIP.2","action":"GetUpdates", "result":"DeleteReceived", "context":{"id":"6b9737b7-cdf8-4162-b0f4-92ce9dea7a55", "isDeleted:":"true", "version":"1707223667548"}}
{"logTime": "1105/034856", "correlationVector":"25BTKinqTzQBEjqWMi+YIP.3","action":"GetUpdates", "result":"DeleteReceived", "context":{"id":"357167c2-14cf-401d-972a-ffcf5458cd17", "isDeleted:":"true", "version":"1713299176173"}}
{"logTime": "1105/034856", "correlationVector":"25BTKinqTzQBEjqWMi+YIP.4","action":"GetUpdates", "result":"DeleteReceived", "context":{"id":"238db839-9e44-4c85-a68c-26c27f3761bb", "isDeleted:":"true", "version":"1713378542699"}}
{"logTime": "1105/034856", "correlationVector":"25BTKinqTzQBEjqWMi+YIP.5","action":"GetUpdates", "result":"DeleteReceived", "context":{"id":"fa99d654-cbd5-49af-8016-86955e6a100e", "isDeleted:":"true", "version":"1721066862729"}}
{"logTime": "1105/034856", "correlationVector":"25BTKinqTzQBEjqWMi+YIP.6","action":"GetUpdates", "result":"DeleteReceived", "context":{"id":"c4cf11e0-4777-45ff-a632-d7856675cbff", "isDeleted:":"true", "version":"1721864490365"}}
{"logTime": "1105/034856", "correlationVector":"25BTKinqTzQBEjqWMi+YIP.7","action":"GetUpdates", "result":"DeleteReceived", "context":{"id":"51ea3d41-4c7e-4ca7-b0ef-027b9264a48d", "isDeleted:":"true", "version":"1725648676283"}}
{"logTime": "1105/034856", "correlationVector":"25BTKinqTzQBEjqWMi+YIP.8","action":"GetUpdates", "result":"DeleteReceived", "context":{"id":"25451b2d-b74e-4933-a6d8-fe391a576906", "isDeleted:":"true", "version":"1727894573237"}}
{"logTime": "1105/034856", "correlationVector":"25BTKinqTzQBEjqWMi+YIP.9","action":"GetUpdates Response", "result":"Success", "context":Received 63 update(s). cV=25BTKinqTzQBEjqWMi+YIP.0;server=GENERAL0100002N;cloudType=Consumer;environment=Prod_NorthCentralUS_000g;migrationStage=NotStarted}
{"logTime": "1105/034856", "correlationVector":"xntgXHQCunqPulgJH75otM","action":"Normal GetUpdate request", "result":"", "context":cV=xntgXHQCunqPulgJH75otM
Nudged types: Preferences
Refresh requested types: Bookmarks, Preferences, Passwords, Autofill Profiles, Autofill, Extensions, Extension settings, Device Info, User Consents, Send Tab To Self, Web Apps, Collection, Edge E Drop, Edge Hub App Usage, Edge Wallet, Encryption Keys}
{"logTime": "1105/034857", "correlationVector":"xntgXHQCunqPulgJH75otM.1","action":"SyncServerConnectionManagerRequest", "result":"SYNC_SERVER_OK", "context":{"environment":"Prod_NorthCentralUS_000g", "migrationStage":"NotStarted", "server":"GENERAL0100000N"}}
{"logTime": "1105/034857", "correlationVector":"xntgXHQCunqPulgJH75otM.2","action":"GetUpdates Response", "result":"Success", "context":Received 0 update(s). cV=xntgXHQCunqPulgJH75otM.0;server=GENERAL0100000N;cloudType=Consumer;environment=Prod_NorthCentralUS_000g;migrationStage=NotStarted}
{"logTime": "1105/034857", "correlationVector":"hriBDij2BnhKxCE0JuIeq9","action":"Commit Request", "result":"", "context":Item count: 1
Contributing types: Preferences}
{"logTime": "1105/034857", "correlationVector":"hriBDij2BnhKxCE0JuIeq9.1","action":"SyncServerConnectionManagerRequest", "result":"SYNC_SERVER_OK", "context":{"environment":"Prod_NorthCentralUS_000g", "migrationStage":"NotStarted", "server":"GENERAL01000011"}}
{"logTime": "1105/034857", "correlationVector":"hriBDij2BnhKxCE0JuIeq9.2","action":"Commit Response", "result":"Success", "context":Result: Success. cV=hriBDij2BnhKxCE0JuIeq9.0;server=GENERAL01000011;cloudType=Consumer;environment=Prod_NorthCentralUS_000g;migrationStage=NotStarted}
{"logTime": "1105/034859", "correlationVector":"lIp2nZmA3ArCc0rzIE3nlS","action":"Normal GetUpdate request", "result":"", "context":cV=lIp2nZmA3ArCc0rzIE3nlS
Nudged types: Preferences}
{"logTime": "1105/034859", "correlationVector":"lIp2nZmA3ArCc0rzIE3nlS.1","action":"SyncServerConnectionManagerRequest", "result":"SYNC_SERVER_OK", "context":{"environment":"Prod_SouthCentralUS_000i", "migrationStage":"NotStarted", "server":"GENERAL0100001N"}}
{"logTime": "1105/034859", "correlationVector":"lIp2nZmA3ArCc0rzIE3nlS.2","action":"GetUpdates Response", "result":"Success", "context":Received 1 update(s). cV=lIp2nZmA3ArCc0rzIE3nlS.0;server=GENERAL0100001N;cloudType=Consumer;environment=Prod_SouthCentralUS_000i;migrationStage=NotStarted}
{"logTime": "1106/011102", "correlationVector":"RRigaTyC8TH1/wSfJkzWqB.1","action":"SyncServerConnectionManagerRequest", "result":"SYNC_SERVER_OK", "context":{"environment":"Prod_SouthCentralUS_000i", "migrationStage":"NotStarted", "server":"GENERAL0100000L"}}
{"logTime": "1106/011103", "correlationVector":"qj0a5hJJ7Q6gYZw2G5Bpow","action":"SyncServerConnectionManagerRequest", "result":"SYNC_SERVER_OK", "context":{"environment":"", "migrationStage":"", "server":""}}
{"logTime": "1106/011103", "correlationVector":"RRigaTyC8TH1/wSfJkzWqB","action":"Initial GetUpdates", "result":"", "context":Reason: NEW_CLIENT. cV=RRigaTyC8TH1/wSfJkzWqB}
{"logTime": "1106/011103", "correlationVector":"RRigaTyC8TH1/wSfJkzWqB.2","action":"GetUpdates Response", "result":"Success", "context":Received 1 update(s). cV=RRigaTyC8TH1/wSfJkzWqB.0;server=GENERAL0100000L;cloudType=Consumer;environment=Prod_SouthCentralUS_000i;migrationStage=NotStarted}
{"logTime": "1106/011103", "correlationVector":"ugN7Msp5U/oQoa4p8dFqCJ","action":"Initial GetUpdates", "result":"", "context":Reason: NEWLY_SUPPORTED_DATATYPE. cV=ugN7Msp5U/oQoa4p8dFqCJ}
{"logTime": "1106/011104", "correlationVector":"ugN7Msp5U/oQoa4p8dFqCJ.1","action":"SyncServerConnectionManagerRequest", "result":"SYNC_SERVER_OK", "context":{"environment":"Prod_SouthCentralUS_000i", "migrationStage":"NotStarted", "server":"GENERAL0100001E"}}
{"logTime": "1106/011104", "correlationVector":"ugN7Msp5U/oQoa4p8dFqCJ.2","action":"GetUpdates", "result":"DeleteReceived", "context":{"id":"6b9737b7-cdf8-4162-b0f4-92ce9dea7a55", "isDeleted:":"true", "version":"1707223667548"}}
{"logTime": "1106/011104", "correlationVector":"ugN7Msp5U/oQoa4p8dFqCJ.3","action":"GetUpdates", "result":"DeleteReceived", "context":{"id":"357167c2-14cf-401d-972a-ffcf5458cd17", "isDeleted:":"true", "version":"1713299176173"}}
{"logTime": "1106/011104", "correlationVector":"ugN7Msp5U/oQoa4p8dFqCJ.4","action":"GetUpdates", "result":"DeleteReceived", "context":{"id":"238db839-9e44-4c85-a68c-26c27f3761bb", "isDeleted:":"true", "version":"1713378542699"}}
{"logTime": "1106/011104", "correlationVector":"ugN7Msp5U/oQoa4p8dFqCJ.5","action":"GetUpdates", "result":"DeleteReceived", "context":{"id":"fa99d654-cbd5-49af-8016-86955e6a100e", "isDeleted:":"true", "version":"1721066862729"}}
{"logTime": "1106/011104", "correlationVector":"ugN7Msp5U/oQoa4p8dFqCJ.6","action":"GetUpdates", "result":"DeleteReceived", "context":{"id":"c4cf11e0-4777-45ff-a632-d7856675cbff", "isDeleted:":"true", "version":"1721864490365"}}
{"logTime": "1106/011104", "correlationVector":"ugN7Msp5U/oQoa4p8dFqCJ.7","action":"GetUpdates", "result":"DeleteReceived", "context":{"id":"51ea3d41-4c7e-4ca7-b0ef-027b9264a48d", "isDeleted:":"true", "version":"1725648676283"}}
{"logTime": "1106/011104", "correlationVector":"ugN7Msp5U/oQoa4p8dFqCJ.8","action":"GetUpdates", "result":"DeleteReceived", "context":{"id":"25451b2d-b74e-4933-a6d8-fe391a576906", "isDeleted:":"true", "version":"1727894573237"}}
{"logTime": "1106/011104", "correlationVector":"ugN7Msp5U/oQoa4p8dFqCJ.9","action":"GetUpdates Response", "result":"Success", "context":Received 63 update(s). cV=ugN7Msp5U/oQoa4p8dFqCJ.0;server=GENERAL0100001E;cloudType=Consumer;environment=Prod_SouthCentralUS_000i;migrationStage=NotStarted}
{"logTime": "1106/011105", "correlationVector":"ONDbfUijGtn7Hq9AuhWrKT","action":"Normal GetUpdate request", "result":"", "context":cV=ONDbfUijGtn7Hq9AuhWrKT
Refresh requested types: Bookmarks, Preferences, Passwords, Autofill Profiles, Autofill, Extensions, Extension settings, Device Info, User Consents, Send Tab To Self, Web Apps, Collection, Edge E Drop, Edge Hub App Usage, Edge Wallet, Encryption Keys}
{"logTime": "1106/011105", "correlationVector":"ONDbfUijGtn7Hq9AuhWrKT.1","action":"SyncServerConnectionManagerRequest", "result":"SYNC_SERVER_OK", "context":{"environment":"Prod_SouthCentralUS_000i", "migrationStage":"NotStarted", "server":"GENERAL01000004"}}
{"logTime": "1106/011105", "correlationVector":"ONDbfUijGtn7Hq9AuhWrKT.2","action":"GetUpdates Response", "result":"Success", "context":Received 6 update(s). cV=ONDbfUijGtn7Hq9AuhWrKT.0;server=GENERAL01000004;cloudType=Consumer;environment=Prod_SouthCentralUS_000i;migrationStage=NotStarted}
{"logTime": "1106/011105", "correlationVector":"4zOyHaAJrgObXoETipx0Oz","action":"Poll GetUpdate request", "result":"", "context":cV=4zOyHaAJrgObXoETipx0Oz}
{"logTime": "1106/011105", "correlationVector":"4zOyHaAJrgObXoETipx0Oz.1","action":"SyncServerConnectionManagerRequest", "result":"SYNC_SERVER_OK", "context":{"environment":"Prod_SouthCentralUS_000i", "migrationStage":"NotStarted", "server":"GENERAL01000017"}}
{"logTime": "1106/011105", "correlationVector":"4zOyHaAJrgObXoETipx0Oz.2","action":"GetUpdates Response", "result":"Success", "context":Received 0 update(s). cV=4zOyHaAJrgObXoETipx0Oz.0;server=GENERAL01000017;cloudType=Consumer;environment=Prod_SouthCentralUS_000i;migrationStage=NotStarted}
{"logTime": "1106/011115", "correlationVector":"azyptnl/CFPEz8wDGMMvmj","action":"Normal GetUpdate request", "result":"", "context":cV=azyptnl/CFPEz8wDGMMvmj
Nudged types: Preferences}
{"logTime": "1106/011115", "correlationVector":"azyptnl/CFPEz8wDGMMvmj.1","action":"SyncServerConnectionManagerRequest", "result":"SYNC_SERVER_OK", "context":{"environment":"Prod_NorthCentralUS_000g", "migrationStage":"NotStarted", "server":"GENERAL0100000G"}}
{"logTime": "1106/011115", "correlationVector":"azyptnl/CFPEz8wDGMMvmj.2","action":"GetUpdates Response", "result":"Success", "context":Received 0 update(s). cV=azyptnl/CFPEz8wDGMMvmj.0;server=GENERAL0100000G;cloudType=Consumer;environment=Prod_NorthCentralUS_000g;migrationStage=NotStarted}
{"logTime": "1106/011115", "correlationVector":"bzFFFUnDI/VKBP+MTAS6nw","action":"Commit Request", "result":"", "context":Item count: 1
Contributing types: Preferences}
{"logTime": "1106/011115", "correlationVector":"bzFFFUnDI/VKBP+MTAS6nw.1","action":"SyncServerConnectionManagerRequest", "result":"SYNC_SERVER_OK", "context":{"environment":"Prod_NorthCentralUS_000g", "migrationStage":"NotStarted", "server":"GENERAL0100002P"}}
{"logTime": "1106/011115", "correlationVector":"bzFFFUnDI/VKBP+MTAS6nw.2","action":"Commit Response", "result":"Success", "context":Result: Success. cV=bzFFFUnDI/VKBP+MTAS6nw.0;server=GENERAL0100002P;cloudType=Consumer;environment=Prod_NorthCentralUS_000g;migrationStage=NotStarted}
