{"logTime": "1113/153038", "correlationVector":"BtVvRJ0ZURP1c03UCz2Ant.222","action":"GetUpdates", "result":"DeleteReceived", "context":{"id":"9d1a2eee-cc61-4264-9d26-956bc2b271f2", "isDeleted:":"true", "version":"1731348782844"}}
{"logTime": "1113/153038", "correlationVector":"BtVvRJ0ZURP1c03UCz2Ant.223","action":"GetUpdates", "result":"DeleteReceived", "context":{"id":"1c0ae667-97c2-4bd9-a92d-3e6d66a4bbe2", "isDeleted:":"true", "version":"1731349744468"}}
{"logTime": "1113/153038", "correlationVector":"BtVvRJ0ZURP1c03UCz2Ant.224","action":"GetUpdates", "result":"DeleteReceived", "context":{"id":"9f4f6c69-281c-4688-9efd-95d6cf000057", "isDeleted:":"true", "version":"1731350079969"}}
{"logTime": "1113/153038", "correlationVector":"BtVvRJ0ZURP1c03UCz2Ant.225","action":"GetUpdates", "result":"DeleteReceived", "context":{"id":"7201362d-d27a-445e-9a95-ef13598912b8", "isDeleted:":"true", "version":"1731352542411"}}
{"logTime": "1113/153038", "correlationVector":"BtVvRJ0ZURP1c03UCz2Ant.226","action":"GetUpdates", "result":"DeleteReceived", "context":{"id":"502a789b-fa25-484b-9f67-1769db05cbe4", "isDeleted:":"true", "version":"1731353932663"}}
{"logTime": "1113/153038", "correlationVector":"BtVvRJ0ZURP1c03UCz2Ant.227","action":"GetUpdates", "result":"DeleteReceived", "context":{"id":"39ef2fb0-0982-43d7-9633-27aef21c4e5a", "isDeleted:":"true", "version":"1731354079611"}}
{"logTime": "1113/153038", "correlationVector":"BtVvRJ0ZURP1c03UCz2Ant.228","action":"GetUpdates", "result":"DeleteReceived", "context":{"id":"e7943b35-2a90-4893-a8d4-39060795ee6f", "isDeleted:":"true", "version":"1731373875528"}}
{"logTime": "1113/153038", "correlationVector":"BtVvRJ0ZURP1c03UCz2Ant.229","action":"GetUpdates", "result":"DeleteReceived", "context":{"id":"d8fd7520-d937-48be-867e-fb59768c09c7", "isDeleted:":"true", "version":"1731373875529"}}
{"logTime": "1113/153038", "correlationVector":"BtVvRJ0ZURP1c03UCz2Ant.230","action":"GetUpdates", "result":"DeleteReceived", "context":{"id":"32f12027-8780-4580-a401-d9a11a76a466", "isDeleted:":"true", "version":"1731373945782"}}
{"logTime": "1113/153038", "correlationVector":"BtVvRJ0ZURP1c03UCz2Ant.231","action":"GetUpdates", "result":"DeleteReceived", "context":{"id":"52d2cb84-f6e4-4d61-aebb-1f7f426b0116", "isDeleted:":"true", "version":"1731375375796"}}
{"logTime": "1113/153038", "correlationVector":"BtVvRJ0ZURP1c03UCz2Ant.232","action":"GetUpdates", "result":"DeleteReceived", "context":{"id":"faabf1ac-5343-4b51-b39d-a86ecde0e2e6", "isDeleted:":"true", "version":"1731377219335"}}
{"logTime": "1113/153038", "correlationVector":"BtVvRJ0ZURP1c03UCz2Ant.233","action":"GetUpdates", "result":"DeleteReceived", "context":{"id":"014d44cd-6692-4420-8ec0-907425e78697", "isDeleted:":"true", "version":"1731377822360"}}
{"logTime": "1113/153038", "correlationVector":"BtVvRJ0ZURP1c03UCz2Ant.234","action":"GetUpdates Response", "result":"Success", "context":Received 250 update(s). cV=BtVvRJ0ZURP1c03UCz2Ant.0;server=GENERAL0200001M;cloudType=Consumer;environment=Prod_WestUS_000v;migrationStage=NotStarted Some updates remain.}
{"logTime": "1113/153038", "correlationVector":"2UYvUBdLTI1XAd3KzeAjrs","action":"Initial GetUpdates", "result":"", "context":Reason: NEWLY_SUPPORTED_DATATYPE. cV=2UYvUBdLTI1XAd3KzeAjrs}
{"logTime": "1113/153038", "correlationVector":"2UYvUBdLTI1XAd3KzeAjrs.1","action":"SyncServerConnectionManagerRequest", "result":"SYNC_SERVER_OK", "context":{"environment":"Prod_NorthCentralUS_000g", "migrationStage":"NotStarted", "server":"GENERAL0100002H"}}
{"logTime": "1113/153038", "correlationVector":"2UYvUBdLTI1XAd3KzeAjrs.2","action":"GetUpdates", "result":"DeleteReceived", "context":{"id":"e88d865b-7fcf-4593-b15a-675dcd908896", "isDeleted:":"true", "version":"1731377896114"}}
{"logTime": "1113/153038", "correlationVector":"2UYvUBdLTI1XAd3KzeAjrs.3","action":"GetUpdates", "result":"DeleteReceived", "context":{"id":"ff300202-a3bd-41ea-b14a-fe8a8f89b583", "isDeleted:":"true", "version":"1731377896117"}}
{"logTime": "1113/153038", "correlationVector":"2UYvUBdLTI1XAd3KzeAjrs.4","action":"GetUpdates", "result":"DeleteReceived", "context":{"id":"587eb504-45c5-493c-a83c-b25190ae1573", "isDeleted:":"true", "version":"1731377896118"}}
{"logTime": "1113/153038", "correlationVector":"2UYvUBdLTI1XAd3KzeAjrs.5","action":"GetUpdates", "result":"DeleteReceived", "context":{"id":"08595c9b-ef6e-4764-a7bd-c0e12da4e7a8", "isDeleted:":"true", "version":"1731377896121"}}
{"logTime": "1113/153038", "correlationVector":"2UYvUBdLTI1XAd3KzeAjrs.6","action":"GetUpdates", "result":"DeleteReceived", "context":{"id":"2901f132-cd09-400b-92b7-5a42884d2fe6", "isDeleted:":"true", "version":"1731377988613"}}
{"logTime": "1113/153038", "correlationVector":"2UYvUBdLTI1XAd3KzeAjrs.7","action":"GetUpdates", "result":"DeleteReceived", "context":{"id":"74feac9b-d37a-4df6-aeb8-c119055e0eaa", "isDeleted:":"true", "version":"1731381042533"}}
{"logTime": "1113/153038", "correlationVector":"2UYvUBdLTI1XAd3KzeAjrs.8","action":"GetUpdates", "result":"DeleteReceived", "context":{"id":"cd9015f4-aabd-42b6-9d44-4b9ec03ee3e5", "isDeleted:":"true", "version":"1731381107303"}}
{"logTime": "1113/153038", "correlationVector":"2UYvUBdLTI1XAd3KzeAjrs.9","action":"GetUpdates", "result":"DeleteReceived", "context":{"id":"45b98dbb-8e2b-4575-8919-90184cdd1b46", "isDeleted:":"true", "version":"1731401924697"}}
{"logTime": "1113/153038", "correlationVector":"2UYvUBdLTI1XAd3KzeAjrs.10","action":"GetUpdates", "result":"DeleteReceived", "context":{"id":"3b70f195-bbf1-487b-b87d-cd8b2e5367c4", "isDeleted:":"true", "version":"1731423038559"}}
{"logTime": "1113/153038", "correlationVector":"2UYvUBdLTI1XAd3KzeAjrs.11","action":"GetUpdates", "result":"DeleteReceived", "context":{"id":"345885b3-a379-45f2-a656-9926546013fe", "isDeleted:":"true", "version":"1731423742251"}}
{"logTime": "1113/153038", "correlationVector":"2UYvUBdLTI1XAd3KzeAjrs.12","action":"GetUpdates", "result":"DeleteReceived", "context":{"id":"5fbdea74-745d-4f4a-a0f2-136bf00b061b", "isDeleted:":"true", "version":"1731423878838"}}
{"logTime": "1113/153038", "correlationVector":"2UYvUBdLTI1XAd3KzeAjrs.13","action":"GetUpdates", "result":"DeleteReceived", "context":{"id":"e4e35c0e-d40e-49bf-a3d1-720f5661419e", "isDeleted:":"true", "version":"1731423927534"}}
{"logTime": "1113/153038", "correlationVector":"2UYvUBdLTI1XAd3KzeAjrs.14","action":"GetUpdates", "result":"DeleteReceived", "context":{"id":"8ba5aea8-0816-424f-b6fb-7b0c439f896e", "isDeleted:":"true", "version":"1731424101339"}}
{"logTime": "1113/153038", "correlationVector":"2UYvUBdLTI1XAd3KzeAjrs.15","action":"GetUpdates", "result":"DeleteReceived", "context":{"id":"27026f87-747f-44d9-b53a-b39f3b9592b0", "isDeleted:":"true", "version":"1731424158127"}}
{"logTime": "1113/153038", "correlationVector":"2UYvUBdLTI1XAd3KzeAjrs.16","action":"GetUpdates", "result":"DeleteReceived", "context":{"id":"570593e7-955d-40c2-b5f8-a9ad39eef7a4", "isDeleted:":"true", "version":"1731424216421"}}
{"logTime": "1113/153038", "correlationVector":"2UYvUBdLTI1XAd3KzeAjrs.17","action":"GetUpdates", "result":"DeleteReceived", "context":{"id":"fd238993-c936-4e6d-b1a2-22d58a5e41d2", "isDeleted:":"true", "version":"1731424727533"}}
{"logTime": "1113/153038", "correlationVector":"2UYvUBdLTI1XAd3KzeAjrs.18","action":"GetUpdates", "result":"DeleteReceived", "context":{"id":"b9465c70-ff70-4d0f-b953-a814edb6d94f", "isDeleted:":"true", "version":"1731426574154"}}
{"logTime": "1113/153038", "correlationVector":"2UYvUBdLTI1XAd3KzeAjrs.19","action":"GetUpdates", "result":"DeleteReceived", "context":{"id":"6ca36b47-bae7-426f-bf27-01f33009c59b", "isDeleted:":"true", "version":"1731430273423"}}
{"logTime": "1113/153038", "correlationVector":"2UYvUBdLTI1XAd3KzeAjrs.20","action":"GetUpdates", "result":"DeleteReceived", "context":{"id":"69e66694-80a2-44b7-a078-0204f6e2aa3f", "isDeleted:":"true", "version":"1731430273425"}}
{"logTime": "1113/153038", "correlationVector":"2UYvUBdLTI1XAd3KzeAjrs.21","action":"GetUpdates", "result":"DeleteReceived", "context":{"id":"51a6614b-a7a3-420e-b766-794bc4e4e39d", "isDeleted:":"true", "version":"1731430446842"}}
{"logTime": "1113/153038", "correlationVector":"2UYvUBdLTI1XAd3KzeAjrs.22","action":"GetUpdates", "result":"DeleteReceived", "context":{"id":"50076fa3-5c38-4346-a1e7-7bf5dc2db9a5", "isDeleted:":"true", "version":"1731430446843"}}
{"logTime": "1113/153038", "correlationVector":"2UYvUBdLTI1XAd3KzeAjrs.23","action":"GetUpdates", "result":"DeleteReceived", "context":{"id":"b943050b-45f7-479e-89b3-dff28223d42a", "isDeleted:":"true", "version":"1731430446844"}}
{"logTime": "1113/153038", "correlationVector":"2UYvUBdLTI1XAd3KzeAjrs.24","action":"GetUpdates", "result":"DeleteReceived", "context":{"id":"33649512-d61e-4899-bcc2-419fb8dc1223", "isDeleted:":"true", "version":"1731430446845"}}
{"logTime": "1113/153038", "correlationVector":"2UYvUBdLTI1XAd3KzeAjrs.25","action":"GetUpdates", "result":"DeleteReceived", "context":{"id":"c3fdc8b7-5b05-48e4-bc6a-08db295e9fad", "isDeleted:":"true", "version":"1731430446848"}}
{"logTime": "1113/153038", "correlationVector":"2UYvUBdLTI1XAd3KzeAjrs.26","action":"GetUpdates", "result":"DeleteReceived", "context":{"id":"fdc6ff0b-1629-4220-80a4-851da64d45ed", "isDeleted:":"true", "version":"1731440095515"}}
{"logTime": "1113/153038", "correlationVector":"2UYvUBdLTI1XAd3KzeAjrs.27","action":"GetUpdates", "result":"DeleteReceived", "context":{"id":"33264e18-e49d-498e-ba4b-80437da63c14", "isDeleted:":"true", "version":"1731440099788"}}
{"logTime": "1113/153038", "correlationVector":"2UYvUBdLTI1XAd3KzeAjrs.28","action":"GetUpdates", "result":"DeleteReceived", "context":{"id":"6920cb1c-b12f-4942-b9a3-70a9ace8bac2", "isDeleted:":"true", "version":"1731440102185"}}
{"logTime": "1113/153038", "correlationVector":"2UYvUBdLTI1XAd3KzeAjrs.29","action":"GetUpdates", "result":"DeleteReceived", "context":{"id":"0ad9d6c9-3cd9-4e25-959b-6259662661a0", "isDeleted:":"true", "version":"1731440121414"}}
{"logTime": "1113/153038", "correlationVector":"2UYvUBdLTI1XAd3KzeAjrs.30","action":"GetUpdates", "result":"DeleteReceived", "context":{"id":"49728f47-44b0-4590-a921-a398678f908f", "isDeleted:":"true", "version":"1731440121416"}}
{"logTime": "1113/153038", "correlationVector":"2UYvUBdLTI1XAd3KzeAjrs.31","action":"GetUpdates", "result":"DeleteReceived", "context":{"id":"8e86f844-807d-4a4c-87a6-a0d5e545a186", "isDeleted:":"true", "version":"1731440171232"}}
{"logTime": "1113/153038", "correlationVector":"2UYvUBdLTI1XAd3KzeAjrs.32","action":"GetUpdates", "result":"DeleteReceived", "context":{"id":"601e75ef-6d18-42ca-a69c-67b7e5de7bba", "isDeleted:":"true", "version":"1731440206472"}}
{"logTime": "1113/153038", "correlationVector":"2UYvUBdLTI1XAd3KzeAjrs.33","action":"GetUpdates", "result":"DeleteReceived", "context":{"id":"6dc1b529-55fc-4fb3-b16f-74d62a80bee7", "isDeleted:":"true", "version":"1731440206476"}}
{"logTime": "1113/153038", "correlationVector":"2UYvUBdLTI1XAd3KzeAjrs.34","action":"GetUpdates", "result":"DeleteReceived", "context":{"id":"9e248c9b-877b-4dc0-9537-614f0c5a89a1", "isDeleted:":"true", "version":"1731440206478"}}
{"logTime": "1113/153038", "correlationVector":"2UYvUBdLTI1XAd3KzeAjrs.35","action":"GetUpdates", "result":"DeleteReceived", "context":{"id":"fa9ee08e-ef01-42c6-8594-7487434718cc", "isDeleted:":"true", "version":"1731440206485"}}
{"logTime": "1113/153038", "correlationVector":"2UYvUBdLTI1XAd3KzeAjrs.36","action":"GetUpdates", "result":"DeleteReceived", "context":{"id":"017accb7-87ed-4639-ace9-4b37aa5b2e93", "isDeleted:":"true", "version":"1731440206486"}}
{"logTime": "1113/153038", "correlationVector":"2UYvUBdLTI1XAd3KzeAjrs.37","action":"GetUpdates", "result":"DeleteReceived", "context":{"id":"e2990530-bba0-4b88-914f-763864a0f49c", "isDeleted:":"true", "version":"1731440220802"}}
{"logTime": "1113/153038", "correlationVector":"2UYvUBdLTI1XAd3KzeAjrs.38","action":"GetUpdates", "result":"DeleteReceived", "context":{"id":"b28e7a48-6c48-4e16-ac20-f23ebfdcf427", "isDeleted:":"true", "version":"1731440220803"}}
{"logTime": "1113/153038", "correlationVector":"2UYvUBdLTI1XAd3KzeAjrs.39","action":"GetUpdates", "result":"DeleteReceived", "context":{"id":"59bcea7d-fcc0-46cd-86ee-d4e59453a15d", "isDeleted:":"true", "version":"1731440220804"}}
{"logTime": "1113/153038", "correlationVector":"2UYvUBdLTI1XAd3KzeAjrs.40","action":"GetUpdates", "result":"DeleteReceived", "context":{"id":"b6818752-e41f-4a95-bb92-ce15b4d18bdf", "isDeleted:":"true", "version":"1731440220811"}}
{"logTime": "1113/153038", "correlationVector":"2UYvUBdLTI1XAd3KzeAjrs.41","action":"GetUpdates", "result":"DeleteReceived", "context":{"id":"17f9bdec-fe12-4db2-879f-658f6932cd2f", "isDeleted:":"true", "version":"1731440227302"}}
{"logTime": "1113/153038", "correlationVector":"2UYvUBdLTI1XAd3KzeAjrs.42","action":"GetUpdates", "result":"DeleteReceived", "context":{"id":"615402ca-3ef2-4b8e-b260-847b7dad821b", "isDeleted:":"true", "version":"1731440227304"}}
{"logTime": "1113/153038", "correlationVector":"2UYvUBdLTI1XAd3KzeAjrs.43","action":"GetUpdates", "result":"DeleteReceived", "context":{"id":"d2bb2851-73c8-4850-8033-9b9261e4a4f8", "isDeleted:":"true", "version":"1731440227306"}}
{"logTime": "1113/153038", "correlationVector":"2UYvUBdLTI1XAd3KzeAjrs.44","action":"GetUpdates", "result":"DeleteReceived", "context":{"id":"ea8c3ada-2ad9-4a5a-8858-edbd96d68086", "isDeleted:":"true", "version":"1731440227307"}}
{"logTime": "1113/153038", "correlationVector":"2UYvUBdLTI1XAd3KzeAjrs.45","action":"GetUpdates", "result":"DeleteReceived", "context":{"id":"b665e059-f604-4921-af53-c5c95bcd2153", "isDeleted:":"true", "version":"1731440227310"}}
{"logTime": "1113/153038", "correlationVector":"2UYvUBdLTI1XAd3KzeAjrs.46","action":"GetUpdates", "result":"DeleteReceived", "context":{"id":"639fc627-f84d-4e81-92ab-56195567fe0e", "isDeleted:":"true", "version":"1731440227311"}}
{"logTime": "1113/153038", "correlationVector":"2UYvUBdLTI1XAd3KzeAjrs.47","action":"GetUpdates", "result":"DeleteReceived", "context":{"id":"5d7fee20-3739-4833-b9b4-6fc30fbc8bd0", "isDeleted:":"true", "version":"1731440227312"}}
{"logTime": "1113/153038", "correlationVector":"2UYvUBdLTI1XAd3KzeAjrs.48","action":"GetUpdates", "result":"DeleteReceived", "context":{"id":"797b61be-50ac-4f63-b4ea-055f882eeff9", "isDeleted:":"true", "version":"1731440227314"}}
{"logTime": "1113/153038", "correlationVector":"2UYvUBdLTI1XAd3KzeAjrs.49","action":"GetUpdates", "result":"DeleteReceived", "context":{"id":"91a1e145-7aaf-4d59-8a3e-fdf2fd59a743", "isDeleted:":"true", "version":"1731440227316"}}
{"logTime": "1113/153038", "correlationVector":"2UYvUBdLTI1XAd3KzeAjrs.50","action":"GetUpdates", "result":"DeleteReceived", "context":{"id":"058fe8a9-c667-4010-af66-2d5f9beb81c9", "isDeleted:":"true", "version":"1731440228540"}}
{"logTime": "1113/153038", "correlationVector":"2UYvUBdLTI1XAd3KzeAjrs.51","action":"GetUpdates", "result":"DeleteReceived", "context":{"id":"077047a5-3e3a-4047-9c98-471c3a98ce87", "isDeleted:":"true", "version":"1731440278358"}}
{"logTime": "1113/153038", "correlationVector":"2UYvUBdLTI1XAd3KzeAjrs.52","action":"GetUpdates", "result":"DeleteReceived", "context":{"id":"6578d9fb-3e2f-445d-91b1-1003a2f72228", "isDeleted:":"true", "version":"1731440278359"}}
{"logTime": "1113/153038", "correlationVector":"2UYvUBdLTI1XAd3KzeAjrs.53","action":"GetUpdates", "result":"DeleteReceived", "context":{"id":"d01a38b4-7646-433a-83c3-7209be13a42c", "isDeleted:":"true", "version":"1731440278360"}}
{"logTime": "1113/153038", "correlationVector":"2UYvUBdLTI1XAd3KzeAjrs.54","action":"GetUpdates", "result":"DeleteReceived", "context":{"id":"f1eaa910-dd41-480e-98e6-feafab398156", "isDeleted:":"true", "version":"1731440912529"}}
{"logTime": "1113/153038", "correlationVector":"2UYvUBdLTI1XAd3KzeAjrs.55","action":"GetUpdates", "result":"DeleteReceived", "context":{"id":"20aa294c-9cd3-4f53-9125-9b6d46ac188f", "isDeleted:":"true", "version":"1731441138112"}}
{"logTime": "1113/153038", "correlationVector":"2UYvUBdLTI1XAd3KzeAjrs.56","action":"GetUpdates", "result":"DeleteReceived", "context":{"id":"43a3b548-ca13-4556-b774-1722277c2440", "isDeleted:":"true", "version":"1731441138113"}}
{"logTime": "1113/153038", "correlationVector":"2UYvUBdLTI1XAd3KzeAjrs.57","action":"GetUpdates", "result":"DeleteReceived", "context":{"id":"fc910ac4-40d7-4f18-be42-9ffadd507461", "isDeleted:":"true", "version":"1731441172914"}}
{"logTime": "1113/153038", "correlationVector":"2UYvUBdLTI1XAd3KzeAjrs.58","action":"GetUpdates", "result":"DeleteReceived", "context":{"id":"801b02d3-d793-42f3-a591-a9b8fda6b080", "isDeleted:":"true", "version":"1731441303538"}}
{"logTime": "1113/153038", "correlationVector":"2UYvUBdLTI1XAd3KzeAjrs.59","action":"GetUpdates", "result":"DeleteReceived", "context":{"id":"fa696b08-40ff-49f2-9041-8228623dce04", "isDeleted:":"true", "version":"1731441383887"}}
{"logTime": "1113/153038", "correlationVector":"2UYvUBdLTI1XAd3KzeAjrs.60","action":"GetUpdates", "result":"DeleteReceived", "context":{"id":"7eb635c1-e210-4ea2-ad30-10c4ff3871d7", "isDeleted:":"true", "version":"1731441422979"}}
{"logTime": "1113/153038", "correlationVector":"2UYvUBdLTI1XAd3KzeAjrs.61","action":"GetUpdates", "result":"DeleteReceived", "context":{"id":"cb69814c-0f07-4140-866a-df68f34d4cef", "isDeleted:":"true", "version":"1731441454099"}}
{"logTime": "1113/153038", "correlationVector":"2UYvUBdLTI1XAd3KzeAjrs.62","action":"GetUpdates", "result":"DeleteReceived", "context":{"id":"446c2f5d-0bbd-40c7-a40e-b66e83c3af30", "isDeleted:":"true", "version":"1731441454101"}}
{"logTime": "1113/153038", "correlationVector":"2UYvUBdLTI1XAd3KzeAjrs.63","action":"GetUpdates", "result":"DeleteReceived", "context":{"id":"af04b44a-a6db-4110-8f27-05ae87ce5925", "isDeleted:":"true", "version":"1731441454102"}}
{"logTime": "1113/153038", "correlationVector":"2UYvUBdLTI1XAd3KzeAjrs.64","action":"GetUpdates", "result":"DeleteReceived", "context":{"id":"40e8335b-09e2-4dbd-8c0f-77cb81e3d6f6", "isDeleted:":"true", "version":"1731441454103"}}
{"logTime": "1113/153038", "correlationVector":"2UYvUBdLTI1XAd3KzeAjrs.65","action":"GetUpdates", "result":"DeleteReceived", "context":{"id":"e8e98649-095f-4714-8282-a4deaa0b18b6", "isDeleted:":"true", "version":"1731441454107"}}
{"logTime": "1113/153038", "correlationVector":"2UYvUBdLTI1XAd3KzeAjrs.66","action":"GetUpdates", "result":"DeleteReceived", "context":{"id":"07cd9972-4df3-444a-99a4-4492e1be20d4", "isDeleted:":"true", "version":"1731441454108"}}
{"logTime": "1113/153038", "correlationVector":"2UYvUBdLTI1XAd3KzeAjrs.67","action":"GetUpdates", "result":"DeleteReceived", "context":{"id":"cc237692-c5e6-42e3-ad6e-1a738f87b832", "isDeleted:":"true", "version":"1731441454109"}}
{"logTime": "1113/153038", "correlationVector":"2UYvUBdLTI1XAd3KzeAjrs.68","action":"GetUpdates", "result":"DeleteReceived", "context":{"id":"101cc108-3dce-4160-8f20-ef5f1ddd849a", "isDeleted:":"true", "version":"1731441454111"}}
{"logTime": "1113/153038", "correlationVector":"2UYvUBdLTI1XAd3KzeAjrs.69","action":"GetUpdates", "result":"DeleteReceived", "context":{"id":"9bfa2e25-7ed3-4ac2-af9e-982281fa105f", "isDeleted:":"true", "version":"1731441454112"}}
{"logTime": "1113/153038", "correlationVector":"2UYvUBdLTI1XAd3KzeAjrs.70","action":"GetUpdates", "result":"DeleteReceived", "context":{"id":"66d57cc1-90af-48c6-a4e2-da7aa94759d6", "isDeleted:":"true", "version":"1731442041262"}}
{"logTime": "1113/153038", "correlationVector":"2UYvUBdLTI1XAd3KzeAjrs.71","action":"GetUpdates", "result":"DeleteReceived", "context":{"id":"fabd2390-6bc7-4b55-bd02-d14849c87bf0", "isDeleted:":"true", "version":"1731442086091"}}
{"logTime": "1113/153038", "correlationVector":"2UYvUBdLTI1XAd3KzeAjrs.72","action":"GetUpdates", "result":"DeleteReceived", "context":{"id":"8835b916-483e-464f-a425-7bd0149feb12", "isDeleted:":"true", "version":"1731444723889"}}
{"logTime": "1113/153038", "correlationVector":"2UYvUBdLTI1XAd3KzeAjrs.73","action":"GetUpdates", "result":"DeleteReceived", "context":{"id":"3c0fc929-e73e-439e-b4fd-4cebf010f495", "isDeleted:":"true", "version":"1731444723891"}}
{"logTime": "1113/153038", "correlationVector":"2UYvUBdLTI1XAd3KzeAjrs.74","action":"GetUpdates", "result":"DeleteReceived", "context":{"id":"030fa8e7-d47d-445d-87a2-0052676d008a", "isDeleted:":"true", "version":"1731444991114"}}
{"logTime": "1113/153038", "correlationVector":"2UYvUBdLTI1XAd3KzeAjrs.75","action":"GetUpdates", "result":"DeleteReceived", "context":{"id":"57aaa319-767d-411b-baa9-6701d6c4fcbe", "isDeleted:":"true", "version":"1731452658393"}}
{"logTime": "1113/153038", "correlationVector":"2UYvUBdLTI1XAd3KzeAjrs.76","action":"GetUpdates", "result":"DeleteReceived", "context":{"id":"35d8c575-a117-4e76-8dd1-58e5d730b503", "isDeleted:":"true", "version":"1731463813013"}}
{"logTime": "1113/153038", "correlationVector":"2UYvUBdLTI1XAd3KzeAjrs.77","action":"GetUpdates", "result":"DeleteReceived", "context":{"id":"da444519-03c9-4e01-bff9-ee6a5c14e6b9", "isDeleted:":"true", "version":"1731463813014"}}
{"logTime": "1113/153038", "correlationVector":"2UYvUBdLTI1XAd3KzeAjrs.78","action":"GetUpdates", "result":"DeleteReceived", "context":{"id":"4d8ae113-87fc-45a3-86c5-95457dae3027", "isDeleted:":"true", "version":"1731463813015"}}
{"logTime": "1113/153038", "correlationVector":"2UYvUBdLTI1XAd3KzeAjrs.79","action":"GetUpdates", "result":"DeleteReceived", "context":{"id":"afb2d019-255a-4812-a080-e0462e718459", "isDeleted:":"true", "version":"1731463813016"}}
{"logTime": "1113/153038", "correlationVector":"2UYvUBdLTI1XAd3KzeAjrs.80","action":"GetUpdates", "result":"DeleteReceived", "context":{"id":"f6d87142-4c51-4082-9ac4-0375ed095120", "isDeleted:":"true", "version":"1731463845296"}}
{"logTime": "1113/153038", "correlationVector":"2UYvUBdLTI1XAd3KzeAjrs.81","action":"GetUpdates", "result":"DeleteReceived", "context":{"id":"53839f79-bc91-4f23-9847-dc94c9e7bde2", "isDeleted:":"true", "version":"1731463877156"}}
{"logTime": "1113/153038", "correlationVector":"2UYvUBdLTI1XAd3KzeAjrs.82","action":"GetUpdates", "result":"DeleteReceived", "context":{"id":"3f37068a-a2d9-4fdf-9ba9-c88c861a1445", "isDeleted:":"true", "version":"1731469905281"}}
{"logTime": "1113/153038", "correlationVector":"2UYvUBdLTI1XAd3KzeAjrs.83","action":"GetUpdates", "result":"DeleteReceived", "context":{"id":"4fa7f6ba-c9bf-4299-ba79-959ecc39466a", "isDeleted:":"true", "version":"1731510472577"}}
{"logTime": "1113/153038", "correlationVector":"2UYvUBdLTI1XAd3KzeAjrs.84","action":"GetUpdates", "result":"DeleteReceived", "context":{"id":"4479d493-a6bd-41a8-8e01-4893e4bee68c", "isDeleted:":"true", "version":"1731510504042"}}
{"logTime": "1113/153038", "correlationVector":"2UYvUBdLTI1XAd3KzeAjrs.85","action":"GetUpdates", "result":"DeleteReceived", "context":{"id":"68f5c249-fb96-4dc8-ac1c-7cdb05d18149", "isDeleted:":"true", "version":"1731510535098"}}
{"logTime": "1113/153038", "correlationVector":"2UYvUBdLTI1XAd3KzeAjrs.86","action":"GetUpdates Response", "result":"Success", "context":Received 123 update(s). cV=2UYvUBdLTI1XAd3KzeAjrs.0;server=GENERAL0100002H;cloudType=Consumer;environment=Prod_NorthCentralUS_000g;migrationStage=NotStarted}
{"logTime": "1113/153038", "correlationVector":"OeycS8DI83j2RAKh1GStek","action":"Normal GetUpdate request", "result":"", "context":cV=OeycS8DI83j2RAKh1GStek
Nudged types: Bookmarks, Preferences, Typed URLs, Sessions, Device Info, User Consents
Refresh requested types: Bookmarks, Preferences, Passwords, Autofill Profiles, Autofill, Typed URLs, Extensions, Sessions, Extension settings, History Delete Directives, Device Info, User Consents, Send Tab To Self, Web Apps, Collection, Edge E Drop, Edge Hub App Usage, Edge Tab Group, Edge Wallet, Encryption Keys}
{"logTime": "1113/153038", "correlationVector":"OeycS8DI83j2RAKh1GStek.1","action":"SyncServerConnectionManagerRequest", "result":"SYNC_SERVER_OK", "context":{"environment":"Prod_SouthCentralUS_000i", "migrationStage":"NotStarted", "server":"GENERAL0100001K"}}
{"logTime": "1113/153038", "correlationVector":"OeycS8DI83j2RAKh1GStek.2","action":"GetUpdates Response", "result":"Success", "context":Received 0 update(s). cV=OeycS8DI83j2RAKh1GStek.0;server=GENERAL0100001K;cloudType=Consumer;environment=Prod_SouthCentralUS_000i;migrationStage=NotStarted}
{"logTime": "1113/153038", "correlationVector":"BJoy/6J7oXyNL9AKQ0n7su","action":"Commit Request", "result":"", "context":Item count: 16
Contributing types: Bookmarks, Preferences, Typed URLs, Sessions, Device Info, User Consents}
{"logTime": "1113/153039", "correlationVector":"BJoy/6J7oXyNL9AKQ0n7su.1","action":"SyncServerConnectionManagerRequest", "result":"SYNC_SERVER_OK", "context":{"environment":"Prod_WestUS_000v", "migrationStage":"NotStarted", "server":"GENERAL12000008"}}
{"logTime": "1113/153039", "correlationVector":"BJoy/6J7oXyNL9AKQ0n7su.2","action":"Commit Response", "result":"Success", "context":Result: Success. cV=BJoy/6J7oXyNL9AKQ0n7su.0;server=GENERAL12000008;cloudType=Consumer;environment=Prod_WestUS_000v;migrationStage=NotStarted}
{"logTime": "1113/153039", "correlationVector":"qKUbNNMttOtj2bEMNoA8E/","action":"Normal GetUpdate request", "result":"", "context":cV=qKUbNNMttOtj2bEMNoA8E/
Nudged types: Preferences, Typed URLs, Sessions, Device Info}
{"logTime": "1113/153040", "correlationVector":"qKUbNNMttOtj2bEMNoA8E/.1","action":"SyncServerConnectionManagerRequest", "result":"SYNC_SERVER_OK", "context":{"environment":"Prod_SouthCentralUS_000i", "migrationStage":"NotStarted", "server":"GENERAL0100000E"}}
{"logTime": "1113/153040", "correlationVector":"qKUbNNMttOtj2bEMNoA8E/.2","action":"GetUpdates Response", "result":"Success", "context":Received 14 update(s). cV=qKUbNNMttOtj2bEMNoA8E/.0;server=GENERAL0100000E;cloudType=Consumer;environment=Prod_SouthCentralUS_000i;migrationStage=NotStarted}
{"logTime": "1113/153040", "correlationVector":"jZS1hxxnWkQFdW5HuHRpIP","action":"Commit Request", "result":"", "context":Item count: 1
Contributing types: Sessions}
{"logTime": "1113/153040", "correlationVector":"jZS1hxxnWkQFdW5HuHRpIP.1","action":"SyncServerConnectionManagerRequest", "result":"SYNC_SERVER_OK", "context":{"environment":"Prod_SouthCentralUS_000i", "migrationStage":"NotStarted", "server":"GENERAL0100000X"}}
{"logTime": "1113/153040", "correlationVector":"jZS1hxxnWkQFdW5HuHRpIP.2","action":"Commit Response", "result":"Success", "context":Result: Success. cV=jZS1hxxnWkQFdW5HuHRpIP.0;server=GENERAL0100000X;cloudType=Consumer;environment=Prod_SouthCentralUS_000i;migrationStage=NotStarted}
{"logTime": "1113/160631", "correlationVector":"iUKBIN6sY7TisYciSgUe0p.1","action":"SyncServerConnectionManagerRequest", "result":"SYNC_SERVER_OK", "context":{"environment":"Prod_CentralUS_000t", "migrationStage":"NotStarted", "server":"GENERAL1200000S"}}
{"logTime": "1113/160631", "correlationVector":"6M3/yGKu53Q4+s+KPJ6k3x","action":"SyncServerConnectionManagerRequest", "result":"SYNC_SERVER_OK", "context":{"environment":"", "migrationStage":"", "server":""}}
{"logTime": "1113/160631", "correlationVector":"iUKBIN6sY7TisYciSgUe0p","action":"Initial GetUpdates", "result":"", "context":Reason: NEW_CLIENT. cV=iUKBIN6sY7TisYciSgUe0p}
{"logTime": "1113/160631", "correlationVector":"iUKBIN6sY7TisYciSgUe0p.2","action":"GetUpdates Response", "result":"Success", "context":Received 1 update(s). cV=iUKBIN6sY7TisYciSgUe0p.0;server=GENERAL1200000S;cloudType=Consumer;environment=Prod_CentralUS_000t;migrationStage=NotStarted}
{"logTime": "1113/160631", "correlationVector":"4VW0ag1ktTv6jm5PlGvUTj","action":"Initial GetUpdates", "result":"", "context":Reason: NEWLY_SUPPORTED_DATATYPE. cV=4VW0ag1ktTv6jm5PlGvUTj}
{"logTime": "1113/160631", "correlationVector":"4VW0ag1ktTv6jm5PlGvUTj.1","action":"SyncServerConnectionManagerRequest", "result":"SYNC_SERVER_OK", "context":{"environment":"Prod_NorthCentralUS_000g", "migrationStage":"NotStarted", "server":"GENERAL0100002P"}}
{"logTime": "1113/160631", "correlationVector":"4VW0ag1ktTv6jm5PlGvUTj.2","action":"GetUpdates", "result":"DeleteReceived", "context":{"id":"6b9737b7-cdf8-4162-b0f4-92ce9dea7a55", "isDeleted:":"true", "version":"1707223667548"}}
{"logTime": "1113/160631", "correlationVector":"4VW0ag1ktTv6jm5PlGvUTj.3","action":"GetUpdates", "result":"DeleteReceived", "context":{"id":"357167c2-14cf-401d-972a-ffcf5458cd17", "isDeleted:":"true", "version":"1713299176173"}}
{"logTime": "1113/160631", "correlationVector":"4VW0ag1ktTv6jm5PlGvUTj.4","action":"GetUpdates", "result":"DeleteReceived", "context":{"id":"238db839-9e44-4c85-a68c-26c27f3761bb", "isDeleted:":"true", "version":"1713378542699"}}
{"logTime": "1113/160631", "correlationVector":"4VW0ag1ktTv6jm5PlGvUTj.5","action":"GetUpdates", "result":"DeleteReceived", "context":{"id":"fa99d654-cbd5-49af-8016-86955e6a100e", "isDeleted:":"true", "version":"1721066862729"}}
{"logTime": "1113/160631", "correlationVector":"4VW0ag1ktTv6jm5PlGvUTj.6","action":"GetUpdates", "result":"DeleteReceived", "context":{"id":"c4cf11e0-4777-45ff-a632-d7856675cbff", "isDeleted:":"true", "version":"1721864490365"}}
{"logTime": "1113/160631", "correlationVector":"4VW0ag1ktTv6jm5PlGvUTj.7","action":"GetUpdates", "result":"DeleteReceived", "context":{"id":"51ea3d41-4c7e-4ca7-b0ef-027b9264a48d", "isDeleted:":"true", "version":"1725648676283"}}
{"logTime": "1113/160631", "correlationVector":"4VW0ag1ktTv6jm5PlGvUTj.8","action":"GetUpdates", "result":"DeleteReceived", "context":{"id":"25451b2d-b74e-4933-a6d8-fe391a576906", "isDeleted:":"true", "version":"1727894573237"}}
{"logTime": "1113/160631", "correlationVector":"4VW0ag1ktTv6jm5PlGvUTj.9","action":"GetUpdates Response", "result":"Success", "context":Received 63 update(s). cV=4VW0ag1ktTv6jm5PlGvUTj.0;server=GENERAL0100002P;cloudType=Consumer;environment=Prod_NorthCentralUS_000g;migrationStage=NotStarted}
{"logTime": "1113/160631", "correlationVector":"psWkwGwjggIZuieYcStE/u","action":"Normal GetUpdate request", "result":"", "context":cV=psWkwGwjggIZuieYcStE/u
Nudged types: Sessions
Refresh requested types: Bookmarks, Preferences, Passwords, Autofill Profiles, Autofill, Typed URLs, Extensions, Sessions, Extension settings, History Delete Directives, Device Info, User Consents, Send Tab To Self, Web Apps, Collection, Edge E Drop, Edge Hub App Usage, Edge Tab Group, Edge Wallet, Encryption Keys}
{"logTime": "1113/160632", "correlationVector":"psWkwGwjggIZuieYcStE/u.1","action":"SyncServerConnectionManagerRequest", "result":"SYNC_SERVER_OK", "context":{"environment":"Prod_NorthCentralUS_000g", "migrationStage":"NotStarted", "server":"GENERAL0100000U"}}
{"logTime": "1113/160632", "correlationVector":"psWkwGwjggIZuieYcStE/u.2","action":"GetUpdates Response", "result":"Success", "context":Received 15 update(s). cV=psWkwGwjggIZuieYcStE/u.0;server=GENERAL0100000U;cloudType=Consumer;environment=Prod_NorthCentralUS_000g;migrationStage=NotStarted}
{"logTime": "1113/160632", "correlationVector":"L2DVYKrzqEOOGXiUQ3Jxfr","action":"DoCompareDataConsistency requsted types: ", "result":"Bookmarks, Preferences, Passwords, Typed URLs, Extensions, Extension settings, History Delete Directives, Send Tab To Self, Web Apps, Collection, Edge E Drop, Edge Tab Group, Edge Wallet, Encryption Keys"}
{"logTime": "1113/160632", "correlationVector":"L2DVYKrzqEOOGXiUQ3Jxfr.0","action":"CompareDataConsistency result: ", "result":"Compare result: Encryption Keys is consistent. local entities count is: 1 local entities hash is: 0reG1S6veNjBLFMxC9nNH/J6f7U="}
{"logTime": "1113/160632", "correlationVector":"L2DVYKrzqEOOGXiUQ3Jxfr.1","action":"CompareDataConsistency result: ", "result":"Compare result: Bookmarks is consistent. local entities count is: 28 local entities hash is: u2vvZzX2dsv6ig91VKTi+gN1TNc="}
{"logTime": "1113/160632", "correlationVector":"L2DVYKrzqEOOGXiUQ3Jxfr.2","action":"CompareDataConsistency result: ", "result":"Compare result: Preferences is consistent. local entities count is: 66 local entities hash is: NHUt7i0Wl0B5jZ1TBLDHDX/Okic="}
{"logTime": "1113/160632", "correlationVector":"L2DVYKrzqEOOGXiUQ3Jxfr.3","action":"CompareDataConsistency result: ", "result":"Server did not send this Typed URLs local entities count is: 53 local entities hash is: Md0nN8OHbVyKCvGuSTi7Gpe2LDI="}
{"logTime": "1113/160632", "correlationVector":"L2DVYKrzqEOOGXiUQ3Jxfr.4","action":"CompareDataConsistency result: ", "result":"Compare result: Extensions is consistent. local entities count is: 0 local entities hash is: "}
{"logTime": "1113/160632", "correlationVector":"L2DVYKrzqEOOGXiUQ3Jxfr.5","action":"CompareDataConsistency result: ", "result":"Compare result: Extension settings is consistent. local entities count is: 0 local entities hash is: "}
{"logTime": "1113/160632", "correlationVector":"L2DVYKrzqEOOGXiUQ3Jxfr.6","action":"CompareDataConsistency result: ", "result":"Compare result: History Delete Directives is consistent. local entities count is: 0 local entities hash is: "}
{"logTime": "1113/160632", "correlationVector":"L2DVYKrzqEOOGXiUQ3Jxfr.7","action":"CompareDataConsistency result: ", "result":"Server did not send this Send Tab To Self local entities count is: 0 local entities hash is: "}
{"logTime": "1113/160632", "correlationVector":"L2DVYKrzqEOOGXiUQ3Jxfr.8","action":"CompareDataConsistency result: ", "result":"Compare result: Web Apps is consistent. local entities count is: 0 local entities hash is: "}
{"logTime": "1113/160632", "correlationVector":"L2DVYKrzqEOOGXiUQ3Jxfr.9","action":"CompareDataConsistency result: ", "result":"Compare result: Collection is consistent. local entities count is: 0 local entities hash is: "}
{"logTime": "1113/160632", "correlationVector":"L2DVYKrzqEOOGXiUQ3Jxfr.10","action":"CompareDataConsistency result: ", "result":"Compare result: Edge E Drop is consistent. local entities count is: 0 local entities hash is: "}
{"logTime": "1113/160632", "correlationVector":"L2DVYKrzqEOOGXiUQ3Jxfr.11","action":"CompareDataConsistency result: ", "result":"Compare result: Edge Tab Group is consistent. local entities count is: 15 local entities hash is: 0gFrYirYJpptrYGV/+9UjleXyCQ="}
{"logTime": "1113/160632", "correlationVector":"L2DVYKrzqEOOGXiUQ3Jxfr.12","action":"CompareDataConsistency result: ", "result":"Compare result: Edge Wallet is consistent. local entities count is: 0 local entities hash is: "}
{"logTime": "1113/160632", "correlationVector":"L2DVYKrzqEOOGXiUQ3Jxfr.13","action":"CompareDataConsistency result: ", "result":"Compare result: Passwords is consistent. local entities count is: 56 local entities hash is: OVtGxybMgw5XkdSeql1hFBmBq60="}
{"logTime": "1113/160632", "correlationVector":"0bAcCHh5d9O6uWExK6+FQ3","action":"Commit Request", "result":"", "context":Item count: 3
Contributing types: Sessions}
{"logTime": "1113/160632", "correlationVector":"0bAcCHh5d9O6uWExK6+FQ3.1","action":"SyncServerConnectionManagerRequest", "result":"SYNC_SERVER_OK", "context":{"environment":"Prod_NorthCentralUS_000g", "migrationStage":"NotStarted", "server":"GENERAL0100001H"}}
{"logTime": "1113/160632", "correlationVector":"0bAcCHh5d9O6uWExK6+FQ3.3","action":"Commit.Sessions", "result":"Success", "context":{"id":"2af0427c-51a6-4a7e-94cb-10d3f7092c5b", "isDeleted":"true", "size":"0", "version":"1731511955509"}}
{"logTime": "1113/160632", "correlationVector":"0bAcCHh5d9O6uWExK6+FQ3.2","action":"Commit Response", "result":"Success", "context":Result: Success. cV=0bAcCHh5d9O6uWExK6+FQ3.0;server=GENERAL0100001H;cloudType=Consumer;environment=Prod_NorthCentralUS_000g;migrationStage=NotStarted}
{"logTime": "1113/160632", "correlationVector":"","action":"DIAGNOSTIC_REQUEST|v1/diagnosticData/Diagnostic.SendCheckResult()|SUCCESS", "result":""}
{"logTime": "1113/160639", "correlationVector":"p5N0o+gSWEwEoz2qGqh4Kr","action":"Normal GetUpdate request", "result":"", "context":cV=p5N0o+gSWEwEoz2qGqh4Kr
Nudged types: Preferences, Sessions}
{"logTime": "1113/160639", "correlationVector":"p5N0o+gSWEwEoz2qGqh4Kr.1","action":"SyncServerConnectionManagerRequest", "result":"SYNC_SERVER_OK", "context":{"environment":"Prod_CentralUS_000t", "migrationStage":"NotStarted", "server":"GENERAL1100000F"}}
{"logTime": "1113/160639", "correlationVector":"p5N0o+gSWEwEoz2qGqh4Kr.2","action":"GetUpdates", "result":"DeleteReceived", "context":{"id":"2af0427c-51a6-4a7e-94cb-10d3f7092c5b", "isDeleted:":"true", "version":"1731514107669"}}
{"logTime": "1113/160639", "correlationVector":"p5N0o+gSWEwEoz2qGqh4Kr.3","action":"GetUpdates Response", "result":"Success", "context":Received 3 update(s). cV=p5N0o+gSWEwEoz2qGqh4Kr.0;server=GENERAL1100000F;cloudType=Consumer;environment=Prod_CentralUS_000t;migrationStage=NotStarted}
{"logTime": "1113/160639", "correlationVector":"rkxaAZ4ReUxGvG6YXdeTNS","action":"Commit Request", "result":"", "context":Item count: 1
Contributing types: Preferences}
{"logTime": "1113/160639", "correlationVector":"rkxaAZ4ReUxGvG6YXdeTNS.1","action":"SyncServerConnectionManagerRequest", "result":"SYNC_SERVER_OK", "context":{"environment":"Prod_SouthCentralUS_000i", "migrationStage":"NotStarted", "server":"GENERAL01000000"}}
{"logTime": "1113/160639", "correlationVector":"rkxaAZ4ReUxGvG6YXdeTNS.2","action":"Commit Response", "result":"Success", "context":Result: Success. cV=rkxaAZ4ReUxGvG6YXdeTNS.0;server=GENERAL01000000;cloudType=Consumer;environment=Prod_SouthCentralUS_000i;migrationStage=NotStarted}
{"logTime": "1113/160641", "correlationVector":"SM6OmWyKdR5Z9fUr+VyHrE","action":"Commit Request", "result":"", "context":Item count: 1
Contributing types: Sessions}
{"logTime": "1113/160641", "correlationVector":"SM6OmWyKdR5Z9fUr+VyHrE.1","action":"SyncServerConnectionManagerRequest", "result":"SYNC_SERVER_OK", "context":{"environment":"Prod_CentralUS_000t", "migrationStage":"NotStarted", "server":"GENERAL1100001A"}}
{"logTime": "1113/160641", "correlationVector":"SM6OmWyKdR5Z9fUr+VyHrE.2","action":"Commit Response", "result":"Success", "context":Result: Success. cV=SM6OmWyKdR5Z9fUr+VyHrE.0;server=GENERAL1100001A;cloudType=Consumer;environment=Prod_CentralUS_000t;migrationStage=NotStarted}
{"logTime": "1113/160711", "correlationVector":"OhzKltWvWE4XZlF5RHcOUU","action":"Commit Request", "result":"", "context":Item count: 1
Contributing types: Sessions}
{"logTime": "1113/160712", "correlationVector":"OhzKltWvWE4XZlF5RHcOUU.1","action":"SyncServerConnectionManagerRequest", "result":"SYNC_SERVER_OK", "context":{"environment":"Prod_SouthCentralUS_000i", "migrationStage":"NotStarted", "server":"GENERAL01000017"}}
{"logTime": "1113/160712", "correlationVector":"OhzKltWvWE4XZlF5RHcOUU.2","action":"Commit Response", "result":"Success", "context":Result: Success. cV=OhzKltWvWE4XZlF5RHcOUU.0;server=GENERAL01000017;cloudType=Consumer;environment=Prod_SouthCentralUS_000i;migrationStage=NotStarted}
{"logTime": "1113/172458", "correlationVector":"iMfoYTZJClRb2J1W3iyagp.1","action":"SyncServerConnectionManagerRequest", "result":"SYNC_SERVER_OK", "context":{"environment":"Prod_NorthCentralUS_000g", "migrationStage":"NotStarted", "server":"GENERAL0100002P"}}
{"logTime": "1113/172458", "correlationVector":"7ubOc3HXIgbVqWwNJBAQl7","action":"SyncServerConnectionManagerRequest", "result":"SYNC_SERVER_OK", "context":{"environment":"", "migrationStage":"", "server":""}}
{"logTime": "1113/172458", "correlationVector":"iMfoYTZJClRb2J1W3iyagp","action":"Initial GetUpdates", "result":"", "context":Reason: NEW_CLIENT. cV=iMfoYTZJClRb2J1W3iyagp}
{"logTime": "1113/172458", "correlationVector":"iMfoYTZJClRb2J1W3iyagp.2","action":"GetUpdates Response", "result":"Success", "context":Received 1 update(s). cV=iMfoYTZJClRb2J1W3iyagp.0;server=GENERAL0100002P;cloudType=Consumer;environment=Prod_NorthCentralUS_000g;migrationStage=NotStarted}
{"logTime": "1113/172458", "correlationVector":"TcPSMIA90Rmtb75Ug0KoD/","action":"Initial GetUpdates", "result":"", "context":Reason: NEWLY_SUPPORTED_DATATYPE. cV=TcPSMIA90Rmtb75Ug0KoD/}
{"logTime": "1113/172458", "correlationVector":"TcPSMIA90Rmtb75Ug0KoD/.1","action":"SyncServerConnectionManagerRequest", "result":"SYNC_SERVER_OK", "context":{"environment":"Prod_NorthCentralUS_000g", "migrationStage":"NotStarted", "server":"GENERAL0100000I"}}
{"logTime": "1113/172458", "correlationVector":"TcPSMIA90Rmtb75Ug0KoD/.2","action":"GetUpdates", "result":"DeleteReceived", "context":{"id":"6b9737b7-cdf8-4162-b0f4-92ce9dea7a55", "isDeleted:":"true", "version":"1707223667548"}}
{"logTime": "1113/172458", "correlationVector":"TcPSMIA90Rmtb75Ug0KoD/.3","action":"GetUpdates", "result":"DeleteReceived", "context":{"id":"357167c2-14cf-401d-972a-ffcf5458cd17", "isDeleted:":"true", "version":"1713299176173"}}
{"logTime": "1113/172458", "correlationVector":"TcPSMIA90Rmtb75Ug0KoD/.4","action":"GetUpdates", "result":"DeleteReceived", "context":{"id":"238db839-9e44-4c85-a68c-26c27f3761bb", "isDeleted:":"true", "version":"1713378542699"}}
{"logTime": "1113/172458", "correlationVector":"TcPSMIA90Rmtb75Ug0KoD/.5","action":"GetUpdates", "result":"DeleteReceived", "context":{"id":"fa99d654-cbd5-49af-8016-86955e6a100e", "isDeleted:":"true", "version":"1721066862729"}}
{"logTime": "1113/172458", "correlationVector":"TcPSMIA90Rmtb75Ug0KoD/.6","action":"GetUpdates", "result":"DeleteReceived", "context":{"id":"c4cf11e0-4777-45ff-a632-d7856675cbff", "isDeleted:":"true", "version":"1721864490365"}}
{"logTime": "1113/172458", "correlationVector":"TcPSMIA90Rmtb75Ug0KoD/.7","action":"GetUpdates", "result":"DeleteReceived", "context":{"id":"51ea3d41-4c7e-4ca7-b0ef-027b9264a48d", "isDeleted:":"true", "version":"1725648676283"}}
{"logTime": "1113/172458", "correlationVector":"TcPSMIA90Rmtb75Ug0KoD/.8","action":"GetUpdates", "result":"DeleteReceived", "context":{"id":"25451b2d-b74e-4933-a6d8-fe391a576906", "isDeleted:":"true", "version":"1727894573237"}}
{"logTime": "1113/172458", "correlationVector":"TcPSMIA90Rmtb75Ug0KoD/.9","action":"GetUpdates Response", "result":"Success", "context":Received 63 update(s). cV=TcPSMIA90Rmtb75Ug0KoD/.0;server=GENERAL0100000I;cloudType=Consumer;environment=Prod_NorthCentralUS_000g;migrationStage=NotStarted}
{"logTime": "1113/172458", "correlationVector":"l+yrcBrXNMjljQIaw2Lfdg","action":"Normal GetUpdate request", "result":"", "context":cV=l+yrcBrXNMjljQIaw2Lfdg
Nudged types: Sessions
Refresh requested types: Bookmarks, Preferences, Passwords, Autofill Profiles, Autofill, Typed URLs, Extensions, Sessions, Extension settings, History Delete Directives, Device Info, User Consents, Send Tab To Self, Web Apps, Collection, Edge E Drop, Edge Hub App Usage, Edge Tab Group, Edge Wallet, Encryption Keys}
{"logTime": "1113/172459", "correlationVector":"l+yrcBrXNMjljQIaw2Lfdg.1","action":"SyncServerConnectionManagerRequest", "result":"SYNC_SERVER_OK", "context":{"environment":"Prod_NorthCentralUS_000g", "migrationStage":"NotStarted", "server":"GENERAL0100001H"}}
{"logTime": "1113/172459", "correlationVector":"l+yrcBrXNMjljQIaw2Lfdg.2","action":"GetUpdates", "result":"DeleteReceived", "context":{"id":"8246eb7b-1368-4d47-8548-c42f51785111", "isDeleted:":"true", "version":"1731514394862"}}
{"logTime": "1113/172459", "correlationVector":"l+yrcBrXNMjljQIaw2Lfdg.3","action":"GetUpdates", "result":"DeleteReceived", "context":{"id":"8f9a4665-09a4-4dc8-bbdf-6722d7abf0ab", "isDeleted:":"true", "version":"1731514394864"}}
{"logTime": "1113/172459", "correlationVector":"l+yrcBrXNMjljQIaw2Lfdg.4","action":"GetUpdates", "result":"DeleteReceived", "context":{"id":"1eef0aa6-f0b5-4c2e-af3c-099849f374b0", "isDeleted:":"true", "version":"1731517670620"}}
{"logTime": "1113/172459", "correlationVector":"l+yrcBrXNMjljQIaw2Lfdg.5","action":"GetUpdates", "result":"DeleteReceived", "context":{"id":"2e7dc0a5-8f67-4f1e-9498-b5685ac3f47d", "isDeleted:":"true", "version":"1731517710314"}}
{"logTime": "1113/172459", "correlationVector":"l+yrcBrXNMjljQIaw2Lfdg.6","action":"GetUpdates", "result":"DeleteReceived", "context":{"id":"c580d9d9-3781-4b74-8e70-2a331346bd80", "isDeleted:":"true", "version":"1731518468732"}}
{"logTime": "1113/172459", "correlationVector":"l+yrcBrXNMjljQIaw2Lfdg.7","action":"GetUpdates", "result":"DeleteReceived", "context":{"id":"c64f8409-e2d2-4728-92ff-7e089414e85d", "isDeleted:":"true", "version":"1731518622102"}}
{"logTime": "1113/172459", "correlationVector":"l+yrcBrXNMjljQIaw2Lfdg.8","action":"GetUpdates Response", "result":"Success", "context":Received 31 update(s). cV=l+yrcBrXNMjljQIaw2Lfdg.0;server=GENERAL0100001H;cloudType=Consumer;environment=Prod_NorthCentralUS_000g;migrationStage=NotStarted}
{"logTime": "1113/172459", "correlationVector":"sqlM/lw8JzCGgVZE1TyGlR","action":"Commit Request", "result":"", "context":Item count: 3
Contributing types: Sessions}
{"logTime": "1113/172459", "correlationVector":"sqlM/lw8JzCGgVZE1TyGlR.1","action":"SyncServerConnectionManagerRequest", "result":"SYNC_SERVER_OK", "context":{"environment":"Prod_NorthCentralUS_000g", "migrationStage":"NotStarted", "server":"GENERAL0100000I"}}
{"logTime": "1113/172459", "correlationVector":"sqlM/lw8JzCGgVZE1TyGlR.3","action":"Commit.Sessions", "result":"Success", "context":{"id":"974e4efd-0e36-4bae-8e6a-e0786b907cb9", "isDeleted":"true", "size":"0", "version":"1731514147319"}}
{"logTime": "1113/172459", "correlationVector":"sqlM/lw8JzCGgVZE1TyGlR.2","action":"Commit Response", "result":"Success", "context":Result: Success. cV=sqlM/lw8JzCGgVZE1TyGlR.0;server=GENERAL0100000I;cloudType=Consumer;environment=Prod_NorthCentralUS_000g;migrationStage=NotStarted}
{"logTime": "1113/172506", "correlationVector":"zTOwl4Lmp7M26HSvX6c2uh","action":"Normal GetUpdate request", "result":"", "context":cV=zTOwl4Lmp7M26HSvX6c2uh
Nudged types: Preferences, Sessions}
{"logTime": "1113/172507", "correlationVector":"zTOwl4Lmp7M26HSvX6c2uh.1","action":"SyncServerConnectionManagerRequest", "result":"SYNC_SERVER_OK", "context":{"environment":"Prod_EastUS2_000e", "migrationStage":"NotStarted", "server":"GENERAL01000006"}}
{"logTime": "1113/172507", "correlationVector":"zTOwl4Lmp7M26HSvX6c2uh.2","action":"GetUpdates", "result":"DeleteReceived", "context":{"id":"974e4efd-0e36-4bae-8e6a-e0786b907cb9", "isDeleted:":"true", "version":"1731518814608"}}
{"logTime": "1113/172507", "correlationVector":"zTOwl4Lmp7M26HSvX6c2uh.3","action":"GetUpdates Response", "result":"Success", "context":Received 3 update(s). cV=zTOwl4Lmp7M26HSvX6c2uh.0;server=GENERAL01000006;cloudType=Consumer;environment=Prod_EastUS2_000e;migrationStage=NotStarted}
{"logTime": "1113/172507", "correlationVector":"udd2Zsk9+vci6+qLprbFfw","action":"DoCompareDataConsistency: ", "result":"has local changes and skip compare"}
{"logTime": "1113/172507", "correlationVector":"uPnPz62iRnQs8o/YVnAmyV","action":"Commit Request", "result":"", "context":Item count: 2
Contributing types: Preferences, Sessions}
{"logTime": "1113/172507", "correlationVector":"uPnPz62iRnQs8o/YVnAmyV.1","action":"SyncServerConnectionManagerRequest", "result":"SYNC_SERVER_OK", "context":{"environment":"Prod_EastUS_000w", "migrationStage":"NotStarted", "server":"GENERAL11000032"}}
{"logTime": "1113/172507", "correlationVector":"uPnPz62iRnQs8o/YVnAmyV.2","action":"Commit Response", "result":"Success", "context":Result: Success. cV=uPnPz62iRnQs8o/YVnAmyV.0;server=GENERAL11000032;cloudType=Consumer;environment=Prod_EastUS_000w;migrationStage=NotStarted}
{"logTime": "1113/172742", "correlationVector":"XOnQYi1MfbJA4xeodUgRDY","action":"Normal GetUpdate request", "result":"", "context":cV=XOnQYi1MfbJA4xeodUgRDY
Notified types: Preferences, Typed URLs}
{"logTime": "1113/172742", "correlationVector":"XOnQYi1MfbJA4xeodUgRDY.1","action":"SyncServerConnectionManagerRequest", "result":"SYNC_SERVER_OK", "context":{"environment":"Prod_CentralUS_000t", "migrationStage":"NotStarted", "server":"GENERAL11000015"}}
{"logTime": "1113/172742", "correlationVector":"XOnQYi1MfbJA4xeodUgRDY.2","action":"GetUpdates", "result":"DeleteReceived", "context":{"id":"1db27de2-93c1-4715-8a87-0e9a93b6edc3", "isDeleted:":"true", "version":"1731518823878"}}
{"logTime": "1113/172742", "correlationVector":"XOnQYi1MfbJA4xeodUgRDY.3","action":"GetUpdates", "result":"DeleteReceived", "context":{"id":"f934552e-2f0a-4730-bc62-c91860147a58", "isDeleted:":"true", "version":"1731518824536"}}
{"logTime": "1113/172742", "correlationVector":"XOnQYi1MfbJA4xeodUgRDY.4","action":"GetUpdates Response", "result":"Success", "context":Received 12 update(s). cV=XOnQYi1MfbJA4xeodUgRDY.0;server=GENERAL11000015;cloudType=Consumer;environment=Prod_CentralUS_000t;migrationStage=NotStarted}
{"logTime": "1113/172957", "correlationVector":"+4DoQjOVS4gwSmhtGg2uXR","action":"Normal GetUpdate request", "result":"", "context":cV=+4DoQjOVS4gwSmhtGg2uXR
Refresh requested types: Bookmarks, Preferences, Passwords, Autofill Profiles, Autofill, Typed URLs, Extensions, Sessions, Extension settings, History Delete Directives, Device Info, User Consents, Send Tab To Self, Web Apps, Collection, Edge E Drop, Edge Hub App Usage, Edge Tab Group, Edge Wallet, Encryption Keys}
{"logTime": "1113/172957", "correlationVector":"+4DoQjOVS4gwSmhtGg2uXR.1","action":"SyncServerConnectionManagerRequest", "result":"SYNC_SERVER_OK", "context":{"environment":"Prod_NorthCentralUS_000g", "migrationStage":"NotStarted", "server":"GENERAL0100000N"}}
{"logTime": "1113/172957", "correlationVector":"+4DoQjOVS4gwSmhtGg2uXR.2","action":"GetUpdates Response", "result":"Success", "context":Received 1 update(s). cV=+4DoQjOVS4gwSmhtGg2uXR.0;server=GENERAL0100000N;cloudType=Consumer;environment=Prod_NorthCentralUS_000g;migrationStage=NotStarted}
{"logTime": "1113/173307", "correlationVector":"nKbhgbslM+fq8usRURHNI5.1","action":"SyncServerConnectionManagerRequest", "result":"SYNC_SERVER_OK", "context":{"environment":"Prod_NorthCentralUS_000g", "migrationStage":"NotStarted", "server":"GENERAL0100001F"}}
{"logTime": "1113/173307", "correlationVector":"MqqOye1XpjYPZwaRYVTAGe","action":"SyncServerConnectionManagerRequest", "result":"SYNC_SERVER_OK", "context":{"environment":"", "migrationStage":"", "server":""}}
{"logTime": "1113/173307", "correlationVector":"nKbhgbslM+fq8usRURHNI5","action":"Initial GetUpdates", "result":"", "context":Reason: NEW_CLIENT. cV=nKbhgbslM+fq8usRURHNI5}
{"logTime": "1113/173307", "correlationVector":"nKbhgbslM+fq8usRURHNI5.2","action":"GetUpdates Response", "result":"Success", "context":Received 1 update(s). cV=nKbhgbslM+fq8usRURHNI5.0;server=GENERAL0100001F;cloudType=Consumer;environment=Prod_NorthCentralUS_000g;migrationStage=NotStarted}
{"logTime": "1113/173307", "correlationVector":"eRCm15aDVZny4MgCfewZTz","action":"Initial GetUpdates", "result":"", "context":Reason: NEWLY_SUPPORTED_DATATYPE. cV=eRCm15aDVZny4MgCfewZTz}
{"logTime": "1113/173307", "correlationVector":"eRCm15aDVZny4MgCfewZTz.1","action":"SyncServerConnectionManagerRequest", "result":"SYNC_SERVER_OK", "context":{"environment":"Prod_CentralUS_000t", "migrationStage":"NotStarted", "server":"GENERAL1100001A"}}
{"logTime": "1113/173308", "correlationVector":"eRCm15aDVZny4MgCfewZTz.2","action":"GetUpdates", "result":"DeleteReceived", "context":{"id":"6b9737b7-cdf8-4162-b0f4-92ce9dea7a55", "isDeleted:":"true", "version":"1707223667548"}}
{"logTime": "1113/173308", "correlationVector":"eRCm15aDVZny4MgCfewZTz.3","action":"GetUpdates", "result":"DeleteReceived", "context":{"id":"357167c2-14cf-401d-972a-ffcf5458cd17", "isDeleted:":"true", "version":"1713299176173"}}
{"logTime": "1113/173308", "correlationVector":"eRCm15aDVZny4MgCfewZTz.4","action":"GetUpdates", "result":"DeleteReceived", "context":{"id":"238db839-9e44-4c85-a68c-26c27f3761bb", "isDeleted:":"true", "version":"1713378542699"}}
{"logTime": "1113/173308", "correlationVector":"eRCm15aDVZny4MgCfewZTz.5","action":"GetUpdates", "result":"DeleteReceived", "context":{"id":"fa99d654-cbd5-49af-8016-86955e6a100e", "isDeleted:":"true", "version":"1721066862729"}}
{"logTime": "1113/173308", "correlationVector":"eRCm15aDVZny4MgCfewZTz.6","action":"GetUpdates", "result":"DeleteReceived", "context":{"id":"c4cf11e0-4777-45ff-a632-d7856675cbff", "isDeleted:":"true", "version":"1721864490365"}}
{"logTime": "1113/173308", "correlationVector":"eRCm15aDVZny4MgCfewZTz.7","action":"GetUpdates", "result":"DeleteReceived", "context":{"id":"51ea3d41-4c7e-4ca7-b0ef-027b9264a48d", "isDeleted:":"true", "version":"1725648676283"}}
{"logTime": "1113/173308", "correlationVector":"eRCm15aDVZny4MgCfewZTz.8","action":"GetUpdates", "result":"DeleteReceived", "context":{"id":"25451b2d-b74e-4933-a6d8-fe391a576906", "isDeleted:":"true", "version":"1727894573237"}}
{"logTime": "1113/173308", "correlationVector":"eRCm15aDVZny4MgCfewZTz.9","action":"GetUpdates Response", "result":"Success", "context":Received 63 update(s). cV=eRCm15aDVZny4MgCfewZTz.0;server=GENERAL1100001A;cloudType=Consumer;environment=Prod_CentralUS_000t;migrationStage=NotStarted}
{"logTime": "1113/173309", "correlationVector":"zg2ODe3XWnK8EpNJYIHCuq","action":"Normal GetUpdate request", "result":"", "context":cV=zg2ODe3XWnK8EpNJYIHCuq
Nudged types: Sessions
Refresh requested types: Bookmarks, Preferences, Passwords, Autofill Profiles, Autofill, Typed URLs, Extensions, Sessions, Extension settings, History Delete Directives, Device Info, User Consents, Send Tab To Self, Web Apps, Collection, Edge E Drop, Edge Hub App Usage, Edge Tab Group, Edge Wallet, Encryption Keys}
{"logTime": "1113/173309", "correlationVector":"zg2ODe3XWnK8EpNJYIHCuq.1","action":"SyncServerConnectionManagerRequest", "result":"SYNC_SERVER_OK", "context":{"environment":"Prod_NorthCentralUS_000g", "migrationStage":"NotStarted", "server":"GENERAL0100002F"}}
{"logTime": "1113/173309", "correlationVector":"zg2ODe3XWnK8EpNJYIHCuq.2","action":"GetUpdates Response", "result":"Success", "context":Received 2 update(s). cV=zg2ODe3XWnK8EpNJYIHCuq.0;server=GENERAL0100002F;cloudType=Consumer;environment=Prod_NorthCentralUS_000g;migrationStage=NotStarted}
{"logTime": "1113/173309", "correlationVector":"oEph0b9ml7jfxuqPkfG+Rm","action":"Commit Request", "result":"", "context":Item count: 3
Contributing types: Sessions}
{"logTime": "1113/173309", "correlationVector":"oEph0b9ml7jfxuqPkfG+Rm.1","action":"SyncServerConnectionManagerRequest", "result":"SYNC_SERVER_OK", "context":{"environment":"Prod_NorthCentralUS_000g", "migrationStage":"NotStarted", "server":"GENERAL0100000G"}}
{"logTime": "1113/173309", "correlationVector":"oEph0b9ml7jfxuqPkfG+Rm.2","action":"Commit Response", "result":"Success", "context":Result: Success. cV=oEph0b9ml7jfxuqPkfG+Rm.0;server=GENERAL0100000G;cloudType=Consumer;environment=Prod_NorthCentralUS_000g;migrationStage=NotStarted}
{"logTime": "1113/173313", "correlationVector":"0vvlSJUOddh97Wybty9mp6","action":"Normal GetUpdate request", "result":"", "context":cV=0vvlSJUOddh97Wybty9mp6
Nudged types: Preferences, Sessions}
{"logTime": "1113/173314", "correlationVector":"0vvlSJUOddh97Wybty9mp6.1","action":"SyncServerConnectionManagerRequest", "result":"SYNC_SERVER_OK", "context":{"environment":"Prod_WestUS_000v", "migrationStage":"NotStarted", "server":"GENERAL02000044"}}
{"logTime": "1113/173314", "correlationVector":"0vvlSJUOddh97Wybty9mp6.2","action":"GetUpdates Response", "result":"Success", "context":Received 3 update(s). cV=0vvlSJUOddh97Wybty9mp6.0;server=GENERAL02000044;cloudType=Consumer;environment=Prod_WestUS_000v;migrationStage=NotStarted}
{"logTime": "1113/173314", "correlationVector":"XEAgbMmiujnSZJYr01hPF/","action":"DoCompareDataConsistency: ", "result":"has local changes and skip compare"}
{"logTime": "1113/173314", "correlationVector":"px67sa8fqlf77vve9r8qnW","action":"Commit Request", "result":"", "context":Item count: 1
Contributing types: Preferences}
{"logTime": "1113/173314", "correlationVector":"px67sa8fqlf77vve9r8qnW.1","action":"SyncServerConnectionManagerRequest", "result":"SYNC_SERVER_OK", "context":{"environment":"Prod_SouthCentralUS_000i", "migrationStage":"NotStarted", "server":"GENERAL0100000E"}}
{"logTime": "1113/173314", "correlationVector":"px67sa8fqlf77vve9r8qnW.2","action":"Commit Response", "result":"Success", "context":Result: Success. cV=px67sa8fqlf77vve9r8qnW.0;server=GENERAL0100000E;cloudType=Consumer;environment=Prod_SouthCentralUS_000i;migrationStage=NotStarted}
{"logTime": "1113/173316", "correlationVector":"OQIsxR/JxgRP4AfdyG8AD3","action":"Commit Request", "result":"", "context":Item count: 2
Contributing types: Sessions}
{"logTime": "1113/173316", "correlationVector":"OQIsxR/JxgRP4AfdyG8AD3.1","action":"SyncServerConnectionManagerRequest", "result":"SYNC_SERVER_OK", "context":{"environment":"Prod_WestUS_000v", "migrationStage":"NotStarted", "server":"GENERAL02000029"}}
{"logTime": "1113/173316", "correlationVector":"OQIsxR/JxgRP4AfdyG8AD3.3","action":"Commit.Sessions", "result":"Success", "context":{"id":"21f65d5b-f9cd-4f73-ab22-4d79c1304ac4", "isDeleted":"true", "size":"0", "version":"1731519304863"}}
{"logTime": "1113/173316", "correlationVector":"OQIsxR/JxgRP4AfdyG8AD3.2","action":"Commit Response", "result":"Success", "context":Result: Success. cV=OQIsxR/JxgRP4AfdyG8AD3.0;server=GENERAL02000029;cloudType=Consumer;environment=Prod_WestUS_000v;migrationStage=NotStarted}
{"logTime": "1113/173526", "correlationVector":"Ww4tQ1ph69htvWphtviCWw","action":"Commit Request", "result":"", "context":Item count: 1
Contributing types: Sessions}
{"logTime": "1113/173527", "correlationVector":"Ww4tQ1ph69htvWphtviCWw.1","action":"SyncServerConnectionManagerRequest", "result":"SYNC_SERVER_OK", "context":{"environment":"Prod_SouthCentralUS_000i", "migrationStage":"NotStarted", "server":"GENERAL01000009"}}
{"logTime": "1113/173527", "correlationVector":"Ww4tQ1ph69htvWphtviCWw.2","action":"Commit Response", "result":"Success", "context":Result: Success. cV=Ww4tQ1ph69htvWphtviCWw.0;server=GENERAL01000009;cloudType=Consumer;environment=Prod_SouthCentralUS_000i;migrationStage=NotStarted}
{"logTime": "1113/173714", "correlationVector":"S2y51YUvun0ULd3Q8nH0P+.1","action":"SyncServerConnectionManagerRequest", "result":"SYNC_SERVER_OK", "context":{"environment":"Prod_NorthCentralUS_000g", "migrationStage":"NotStarted", "server":"GENERAL0100000G"}}
{"logTime": "1113/173715", "correlationVector":"1tEAaIiQhErwipp8wkqZz9","action":"SyncServerConnectionManagerRequest", "result":"SYNC_SERVER_OK", "context":{"environment":"", "migrationStage":"", "server":""}}
{"logTime": "1113/173715", "correlationVector":"S2y51YUvun0ULd3Q8nH0P+","action":"Initial GetUpdates", "result":"", "context":Reason: NEW_CLIENT. cV=S2y51YUvun0ULd3Q8nH0P+}
{"logTime": "1113/173715", "correlationVector":"S2y51YUvun0ULd3Q8nH0P+.2","action":"GetUpdates Response", "result":"Success", "context":Received 1 update(s). cV=S2y51YUvun0ULd3Q8nH0P+.0;server=GENERAL0100000G;cloudType=Consumer;environment=Prod_NorthCentralUS_000g;migrationStage=NotStarted}
{"logTime": "1113/173715", "correlationVector":"BY3iQ3Js6LHUED9fRfTd1w","action":"Initial GetUpdates", "result":"", "context":Reason: NEWLY_SUPPORTED_DATATYPE. cV=BY3iQ3Js6LHUED9fRfTd1w}
{"logTime": "1113/173715", "correlationVector":"BY3iQ3Js6LHUED9fRfTd1w.1","action":"SyncServerConnectionManagerRequest", "result":"SYNC_SERVER_OK", "context":{"environment":"Prod_CentralUS_000t", "migrationStage":"NotStarted", "server":"GENERAL1200000S"}}
{"logTime": "1113/173715", "correlationVector":"BY3iQ3Js6LHUED9fRfTd1w.2","action":"GetUpdates", "result":"DeleteReceived", "context":{"id":"6b9737b7-cdf8-4162-b0f4-92ce9dea7a55", "isDeleted:":"true", "version":"1707223667548"}}
{"logTime": "1113/173715", "correlationVector":"BY3iQ3Js6LHUED9fRfTd1w.3","action":"GetUpdates", "result":"DeleteReceived", "context":{"id":"357167c2-14cf-401d-972a-ffcf5458cd17", "isDeleted:":"true", "version":"1713299176173"}}
{"logTime": "1113/173715", "correlationVector":"BY3iQ3Js6LHUED9fRfTd1w.4","action":"GetUpdates", "result":"DeleteReceived", "context":{"id":"238db839-9e44-4c85-a68c-26c27f3761bb", "isDeleted:":"true", "version":"1713378542699"}}
{"logTime": "1113/173715", "correlationVector":"BY3iQ3Js6LHUED9fRfTd1w.5","action":"GetUpdates", "result":"DeleteReceived", "context":{"id":"fa99d654-cbd5-49af-8016-86955e6a100e", "isDeleted:":"true", "version":"1721066862729"}}
{"logTime": "1113/173715", "correlationVector":"BY3iQ3Js6LHUED9fRfTd1w.6","action":"GetUpdates", "result":"DeleteReceived", "context":{"id":"c4cf11e0-4777-45ff-a632-d7856675cbff", "isDeleted:":"true", "version":"1721864490365"}}
{"logTime": "1113/173715", "correlationVector":"BY3iQ3Js6LHUED9fRfTd1w.7","action":"GetUpdates", "result":"DeleteReceived", "context":{"id":"51ea3d41-4c7e-4ca7-b0ef-027b9264a48d", "isDeleted:":"true", "version":"1725648676283"}}
{"logTime": "1113/173715", "correlationVector":"BY3iQ3Js6LHUED9fRfTd1w.8","action":"GetUpdates", "result":"DeleteReceived", "context":{"id":"25451b2d-b74e-4933-a6d8-fe391a576906", "isDeleted:":"true", "version":"1727894573237"}}
{"logTime": "1113/173715", "correlationVector":"BY3iQ3Js6LHUED9fRfTd1w.9","action":"GetUpdates Response", "result":"Success", "context":Received 63 update(s). cV=BY3iQ3Js6LHUED9fRfTd1w.0;server=GENERAL1200000S;cloudType=Consumer;environment=Prod_CentralUS_000t;migrationStage=NotStarted}
{"logTime": "1113/173715", "correlationVector":"pYK5gxlVXUQBCDPVOvWTSy","action":"Normal GetUpdate request", "result":"", "context":cV=pYK5gxlVXUQBCDPVOvWTSy
Nudged types: Sessions
Refresh requested types: Bookmarks, Preferences, Passwords, Autofill Profiles, Autofill, Typed URLs, Extensions, Sessions, Extension settings, History Delete Directives, Device Info, User Consents, Send Tab To Self, Web Apps, Collection, Edge E Drop, Edge Hub App Usage, Edge Tab Group, Edge Wallet, Encryption Keys}
{"logTime": "1113/173716", "correlationVector":"pYK5gxlVXUQBCDPVOvWTSy.1","action":"SyncServerConnectionManagerRequest", "result":"SYNC_SERVER_OK", "context":{"environment":"Prod_CentralUS_000t", "migrationStage":"NotStarted", "server":"GENERAL12000003"}}
{"logTime": "1113/173716", "correlationVector":"pYK5gxlVXUQBCDPVOvWTSy.2","action":"GetUpdates", "result":"DeleteReceived", "context":{"id":"16b5b533-6381-4194-a180-a25750c9f6e9", "isDeleted:":"true", "version":"1731519310696"}}
{"logTime": "1113/173716", "correlationVector":"pYK5gxlVXUQBCDPVOvWTSy.3","action":"GetUpdates", "result":"DeleteReceived", "context":{"id":"21f65d5b-f9cd-4f73-ab22-4d79c1304ac4", "isDeleted:":"true", "version":"1731519312062"}}
{"logTime": "1113/173716", "correlationVector":"pYK5gxlVXUQBCDPVOvWTSy.4","action":"GetUpdates Response", "result":"Success", "context":Received 6 update(s). cV=pYK5gxlVXUQBCDPVOvWTSy.0;server=GENERAL12000003;cloudType=Consumer;environment=Prod_CentralUS_000t;migrationStage=NotStarted}
{"logTime": "1113/173716", "correlationVector":"2yvvpa/uFUN0kSjbW9qxZk","action":"DoCompareDataConsistency requsted types: ", "result":"Bookmarks, Preferences, Passwords, Typed URLs, Extensions, Extension settings, History Delete Directives, Send Tab To Self, Web Apps, Collection, Edge E Drop, Edge Tab Group, Edge Wallet, Encryption Keys"}
{"logTime": "1113/173716", "correlationVector":"2yvvpa/uFUN0kSjbW9qxZk.0","action":"CompareDataConsistency result: ", "result":"Compare result: Encryption Keys is consistent. local entities count is: 1 local entities hash is: 0reG1S6veNjBLFMxC9nNH/J6f7U="}
{"logTime": "1113/173716", "correlationVector":"2yvvpa/uFUN0kSjbW9qxZk.1","action":"CompareDataConsistency result: ", "result":"Compare result: Bookmarks is consistent. local entities count is: 28 local entities hash is: XS3xVSwkmYQJK6Sbm0Val//6/SE="}
{"logTime": "1113/173716", "correlationVector":"2yvvpa/uFUN0kSjbW9qxZk.2","action":"CompareDataConsistency result: ", "result":"Compare result: Preferences is consistent. local entities count is: 66 local entities hash is: lwXudzzEtT7T2PuSLIH4lQ0For4="}
{"logTime": "1113/173716", "correlationVector":"2yvvpa/uFUN0kSjbW9qxZk.3","action":"CompareDataConsistency result: ", "result":"Server did not send this Typed URLs local entities count is: 53 local entities hash is: MiZ2K8jEXiqinC5vBcvbGf+EIh0="}
{"logTime": "1113/173716", "correlationVector":"2yvvpa/uFUN0kSjbW9qxZk.4","action":"CompareDataConsistency result: ", "result":"Compare result: Extensions is consistent. local entities count is: 0 local entities hash is: "}
{"logTime": "1113/173716", "correlationVector":"2yvvpa/uFUN0kSjbW9qxZk.5","action":"CompareDataConsistency result: ", "result":"Compare result: Extension settings is consistent. local entities count is: 0 local entities hash is: "}
{"logTime": "1113/173716", "correlationVector":"2yvvpa/uFUN0kSjbW9qxZk.6","action":"CompareDataConsistency result: ", "result":"Compare result: History Delete Directives is consistent. local entities count is: 0 local entities hash is: "}
{"logTime": "1113/173716", "correlationVector":"2yvvpa/uFUN0kSjbW9qxZk.7","action":"CompareDataConsistency result: ", "result":"Server did not send this Send Tab To Self local entities count is: 0 local entities hash is: "}
{"logTime": "1113/173716", "correlationVector":"2yvvpa/uFUN0kSjbW9qxZk.8","action":"CompareDataConsistency result: ", "result":"Compare result: Web Apps is consistent. local entities count is: 0 local entities hash is: "}
{"logTime": "1113/173716", "correlationVector":"2yvvpa/uFUN0kSjbW9qxZk.9","action":"CompareDataConsistency result: ", "result":"Compare result: Collection is consistent. local entities count is: 0 local entities hash is: "}
{"logTime": "1113/173716", "correlationVector":"2yvvpa/uFUN0kSjbW9qxZk.10","action":"CompareDataConsistency result: ", "result":"Compare result: Edge E Drop is consistent. local entities count is: 0 local entities hash is: "}
{"logTime": "1113/173716", "correlationVector":"2yvvpa/uFUN0kSjbW9qxZk.11","action":"CompareDataConsistency result: ", "result":"Compare result: Edge Tab Group is consistent. local entities count is: 15 local entities hash is: 0gFrYirYJpptrYGV/+9UjleXyCQ="}
{"logTime": "1113/173716", "correlationVector":"2yvvpa/uFUN0kSjbW9qxZk.12","action":"CompareDataConsistency result: ", "result":"Compare result: Edge Wallet is consistent. local entities count is: 0 local entities hash is: "}
{"logTime": "1113/173716", "correlationVector":"2yvvpa/uFUN0kSjbW9qxZk.13","action":"CompareDataConsistency result: ", "result":"Compare result: Passwords is consistent. local entities count is: 56 local entities hash is: OVtGxybMgw5XkdSeql1hFBmBq60="}
{"logTime": "1113/173716", "correlationVector":"YdUgrsx5oUVAKAOoXOcgcI","action":"Commit Request", "result":"", "context":Item count: 3
Contributing types: Sessions}
{"logTime": "1113/173716", "correlationVector":"YdUgrsx5oUVAKAOoXOcgcI.1","action":"SyncServerConnectionManagerRequest", "result":"SYNC_SERVER_OK", "context":{"environment":"Prod_CentralUS_000t", "migrationStage":"NotStarted", "server":"GENERAL12000003"}}
{"logTime": "1113/173716", "correlationVector":"YdUgrsx5oUVAKAOoXOcgcI.2","action":"Commit Response", "result":"Success", "context":Result: Success. cV=YdUgrsx5oUVAKAOoXOcgcI.0;server=GENERAL12000003;cloudType=Consumer;environment=Prod_CentralUS_000t;migrationStage=NotStarted}
{"logTime": "1113/173716", "correlationVector":"YdUgrsx5oUVAKAOoXOcgcI.3","action":"Commit.Sessions", "result":"Success", "context":{"id":"9603f6dc-956a-4b3e-8e94-73c527deae39", "isDeleted":"true", "size":"0", "version":"1731519442487"}}
{"logTime": "1113/173716", "correlationVector":"","action":"DIAGNOSTIC_REQUEST|v1/diagnosticData/Diagnostic.SendCheckResult()|SUCCESS", "result":""}
{"logTime": "1113/173720", "correlationVector":"FU7hpwLv+rc1+UeeGrmWZr","action":"Normal GetUpdate request", "result":"", "context":cV=FU7hpwLv+rc1+UeeGrmWZr
Nudged types: Preferences, Sessions}
{"logTime": "1113/173721", "correlationVector":"FU7hpwLv+rc1+UeeGrmWZr.1","action":"SyncServerConnectionManagerRequest", "result":"SYNC_SERVER_OK", "context":{"environment":"Prod_NorthCentralUS_000g", "migrationStage":"NotStarted", "server":"GENERAL0100000B"}}
{"logTime": "1113/173721", "correlationVector":"FU7hpwLv+rc1+UeeGrmWZr.2","action":"GetUpdates", "result":"DeleteReceived", "context":{"id":"9603f6dc-956a-4b3e-8e94-73c527deae39", "isDeleted:":"true", "version":"1731519551484"}}
{"logTime": "1113/173721", "correlationVector":"FU7hpwLv+rc1+UeeGrmWZr.3","action":"GetUpdates Response", "result":"Success", "context":Received 3 update(s). cV=FU7hpwLv+rc1+UeeGrmWZr.0;server=GENERAL0100000B;cloudType=Consumer;environment=Prod_NorthCentralUS_000g;migrationStage=NotStarted}
{"logTime": "1113/173721", "correlationVector":"E8gv/jCE1vMnL6lPr3RWKR","action":"Commit Request", "result":"", "context":Item count: 1
Contributing types: Preferences}
{"logTime": "1113/173721", "correlationVector":"E8gv/jCE1vMnL6lPr3RWKR.1","action":"SyncServerConnectionManagerRequest", "result":"SYNC_SERVER_OK", "context":{"environment":"Prod_NorthCentralUS_000g", "migrationStage":"NotStarted", "server":"GENERAL0100000U"}}
{"logTime": "1113/173721", "correlationVector":"E8gv/jCE1vMnL6lPr3RWKR.2","action":"Commit Response", "result":"Success", "context":Result: Success. cV=E8gv/jCE1vMnL6lPr3RWKR.0;server=GENERAL0100000U;cloudType=Consumer;environment=Prod_NorthCentralUS_000g;migrationStage=NotStarted}
{"logTime": "1113/173723", "correlationVector":"caYzILNeUo0ZNsWrfg4oE8","action":"Commit Request", "result":"", "context":Item count: 1
Contributing types: Sessions}
{"logTime": "1113/173723", "correlationVector":"caYzILNeUo0ZNsWrfg4oE8.1","action":"SyncServerConnectionManagerRequest", "result":"SYNC_SERVER_OK", "context":{"environment":"Prod_CentralUS_000t", "migrationStage":"NotStarted", "server":"GENERAL1100001A"}}
{"logTime": "1113/173723", "correlationVector":"caYzILNeUo0ZNsWrfg4oE8.2","action":"Commit Response", "result":"Success", "context":Result: Success. cV=caYzILNeUo0ZNsWrfg4oE8.0;server=GENERAL1100001A;cloudType=Consumer;environment=Prod_CentralUS_000t;migrationStage=NotStarted}
{"logTime": "1113/174850", "correlationVector":"1B1lke7UFqLQAg5nbj+GYK.1","action":"SyncServerConnectionManagerRequest", "result":"SYNC_SERVER_OK", "context":{"environment":"Prod_CentralUS_000t", "migrationStage":"NotStarted", "server":"GENERAL1100000R"}}
{"logTime": "1113/174850", "correlationVector":"sNA+my126vwcPJpXbGVcb0","action":"SyncServerConnectionManagerRequest", "result":"SYNC_SERVER_OK", "context":{"environment":"", "migrationStage":"", "server":""}}
{"logTime": "1113/174850", "correlationVector":"1B1lke7UFqLQAg5nbj+GYK","action":"Initial GetUpdates", "result":"", "context":Reason: NEW_CLIENT. cV=1B1lke7UFqLQAg5nbj+GYK}
{"logTime": "1113/174850", "correlationVector":"1B1lke7UFqLQAg5nbj+GYK.2","action":"GetUpdates Response", "result":"Success", "context":Received 1 update(s). cV=1B1lke7UFqLQAg5nbj+GYK.0;server=GENERAL1100000R;cloudType=Consumer;environment=Prod_CentralUS_000t;migrationStage=NotStarted}
{"logTime": "1113/174850", "correlationVector":"Fr8+rmAXRAHNxHVjBrf8SI","action":"Initial GetUpdates", "result":"", "context":Reason: NEWLY_SUPPORTED_DATATYPE. cV=Fr8+rmAXRAHNxHVjBrf8SI}
{"logTime": "1113/174851", "correlationVector":"Fr8+rmAXRAHNxHVjBrf8SI.1","action":"SyncServerConnectionManagerRequest", "result":"SYNC_SERVER_OK", "context":{"environment":"Prod_NorthCentralUS_000g", "migrationStage":"NotStarted", "server":"GENERAL01000000"}}
{"logTime": "1113/174851", "correlationVector":"Fr8+rmAXRAHNxHVjBrf8SI.2","action":"GetUpdates", "result":"DeleteReceived", "context":{"id":"6b9737b7-cdf8-4162-b0f4-92ce9dea7a55", "isDeleted:":"true", "version":"1707223667548"}}
{"logTime": "1113/174851", "correlationVector":"Fr8+rmAXRAHNxHVjBrf8SI.3","action":"GetUpdates", "result":"DeleteReceived", "context":{"id":"357167c2-14cf-401d-972a-ffcf5458cd17", "isDeleted:":"true", "version":"1713299176173"}}
{"logTime": "1113/174851", "correlationVector":"Fr8+rmAXRAHNxHVjBrf8SI.4","action":"GetUpdates", "result":"DeleteReceived", "context":{"id":"238db839-9e44-4c85-a68c-26c27f3761bb", "isDeleted:":"true", "version":"1713378542699"}}
{"logTime": "1113/174851", "correlationVector":"Fr8+rmAXRAHNxHVjBrf8SI.5","action":"GetUpdates", "result":"DeleteReceived", "context":{"id":"fa99d654-cbd5-49af-8016-86955e6a100e", "isDeleted:":"true", "version":"1721066862729"}}
{"logTime": "1113/174851", "correlationVector":"Fr8+rmAXRAHNxHVjBrf8SI.6","action":"GetUpdates", "result":"DeleteReceived", "context":{"id":"c4cf11e0-4777-45ff-a632-d7856675cbff", "isDeleted:":"true", "version":"1721864490365"}}
{"logTime": "1113/174851", "correlationVector":"Fr8+rmAXRAHNxHVjBrf8SI.7","action":"GetUpdates", "result":"DeleteReceived", "context":{"id":"51ea3d41-4c7e-4ca7-b0ef-027b9264a48d", "isDeleted:":"true", "version":"1725648676283"}}
{"logTime": "1113/174851", "correlationVector":"Fr8+rmAXRAHNxHVjBrf8SI.8","action":"GetUpdates", "result":"DeleteReceived", "context":{"id":"25451b2d-b74e-4933-a6d8-fe391a576906", "isDeleted:":"true", "version":"1727894573237"}}
{"logTime": "1113/174851", "correlationVector":"Fr8+rmAXRAHNxHVjBrf8SI.9","action":"GetUpdates Response", "result":"Success", "context":Received 63 update(s). cV=Fr8+rmAXRAHNxHVjBrf8SI.0;server=GENERAL01000000;cloudType=Consumer;environment=Prod_NorthCentralUS_000g;migrationStage=NotStarted}
{"logTime": "1113/174851", "correlationVector":"D0y1DTeM7CQTTgodBWmabq","action":"Normal GetUpdate request", "result":"", "context":cV=D0y1DTeM7CQTTgodBWmabq
Nudged types: Sessions
Refresh requested types: Bookmarks, Preferences, Passwords, Autofill Profiles, Autofill, Typed URLs, Extensions, Sessions, Extension settings, History Delete Directives, Device Info, User Consents, Send Tab To Self, Web Apps, Collection, Edge E Drop, Edge Hub App Usage, Edge Tab Group, Edge Wallet, Encryption Keys}
{"logTime": "1113/174851", "correlationVector":"D0y1DTeM7CQTTgodBWmabq.1","action":"SyncServerConnectionManagerRequest", "result":"SYNC_SERVER_OK", "context":{"environment":"Prod_CentralUS_000t", "migrationStage":"NotStarted", "server":"GENERAL1200000A"}}
{"logTime": "1113/174851", "correlationVector":"D0y1DTeM7CQTTgodBWmabq.2","action":"GetUpdates", "result":"DeleteReceived", "context":{"id":"b69673f9-fb6b-402b-aa38-5c1a3f769608", "isDeleted:":"true", "version":"1731519671922"}}
{"logTime": "1113/174851", "correlationVector":"D0y1DTeM7CQTTgodBWmabq.3","action":"GetUpdates", "result":"DeleteReceived", "context":{"id":"6843a1ba-8ba6-48e0-8e73-19ecb73339d2", "isDeleted:":"true", "version":"1731519890766"}}
{"logTime": "1113/174851", "correlationVector":"D0y1DTeM7CQTTgodBWmabq.4","action":"GetUpdates", "result":"DeleteReceived", "context":{"id":"510e6f3e-819e-4f26-9834-28d0786ad44e", "isDeleted:":"true", "version":"1731520115392"}}
{"logTime": "1113/174851", "correlationVector":"D0y1DTeM7CQTTgodBWmabq.5","action":"GetUpdates", "result":"DeleteReceived", "context":{"id":"bd1be044-f351-4b58-bde9-8ce5821728be", "isDeleted:":"true", "version":"1731520151280"}}
{"logTime": "1113/174851", "correlationVector":"D0y1DTeM7CQTTgodBWmabq.6","action":"GetUpdates", "result":"DeleteReceived", "context":{"id":"78cfb3a3-e713-4453-93b5-8f6196e4ceb3", "isDeleted:":"true", "version":"1731520231976"}}
{"logTime": "1113/174851", "correlationVector":"D0y1DTeM7CQTTgodBWmabq.7","action":"GetUpdates Response", "result":"Success", "context":Received 16 update(s). cV=D0y1DTeM7CQTTgodBWmabq.0;server=GENERAL1200000A;cloudType=Consumer;environment=Prod_CentralUS_000t;migrationStage=NotStarted}
{"logTime": "1113/174905", "correlationVector":"CY6R4xGo7pTZHqN0wJihN5","action":"Normal GetUpdate request", "result":"", "context":cV=CY6R4xGo7pTZHqN0wJihN5
Nudged types: Preferences, Sessions}
{"logTime": "1113/174905", "correlationVector":"CY6R4xGo7pTZHqN0wJihN5.1","action":"SyncServerConnectionManagerRequest", "result":"SYNC_SERVER_OK", "context":{"environment":"Prod_NorthCentralUS_000g", "migrationStage":"NotStarted", "server":"GENERAL0100002H"}}
{"logTime": "1113/174905", "correlationVector":"CY6R4xGo7pTZHqN0wJihN5.2","action":"GetUpdates Response", "result":"Success", "context":Received 0 update(s). cV=CY6R4xGo7pTZHqN0wJihN5.0;server=GENERAL0100002H;cloudType=Consumer;environment=Prod_NorthCentralUS_000g;migrationStage=NotStarted}
{"logTime": "1113/174905", "correlationVector":"yBcDomS0qplBp1ysNjqPVc","action":"Commit Request", "result":"", "context":Item count: 3
Contributing types: Preferences, Sessions}
{"logTime": "1113/174906", "correlationVector":"yBcDomS0qplBp1ysNjqPVc.1","action":"SyncServerConnectionManagerRequest", "result":"SYNC_SERVER_OK", "context":{"environment":"Prod_NorthCentralUS_000g", "migrationStage":"NotStarted", "server":"GENERAL0100002M"}}
{"logTime": "1113/174906", "correlationVector":"yBcDomS0qplBp1ysNjqPVc.2","action":"Commit Response", "result":"Success", "context":Result: Success. cV=yBcDomS0qplBp1ysNjqPVc.0;server=GENERAL0100002M;cloudType=Consumer;environment=Prod_NorthCentralUS_000g;migrationStage=NotStarted}
{"logTime": "1113/175757", "correlationVector":"ya7j0J6eIsDBqmSqzVR0dU.1","action":"SyncServerConnectionManagerRequest", "result":"SYNC_SERVER_OK", "context":{"environment":"Prod_SouthCentralUS_000i", "migrationStage":"NotStarted", "server":"GENERAL0100000B"}}
{"logTime": "1113/175758", "correlationVector":"MaEM1Bd3wimOnst5KkAJM6","action":"SyncServerConnectionManagerRequest", "result":"SYNC_SERVER_OK", "context":{"environment":"", "migrationStage":"", "server":""}}
{"logTime": "1113/175758", "correlationVector":"ya7j0J6eIsDBqmSqzVR0dU","action":"Initial GetUpdates", "result":"", "context":Reason: NEW_CLIENT. cV=ya7j0J6eIsDBqmSqzVR0dU}
{"logTime": "1113/175758", "correlationVector":"ya7j0J6eIsDBqmSqzVR0dU.2","action":"GetUpdates Response", "result":"Success", "context":Received 1 update(s). cV=ya7j0J6eIsDBqmSqzVR0dU.0;server=GENERAL0100000B;cloudType=Consumer;environment=Prod_SouthCentralUS_000i;migrationStage=NotStarted}
{"logTime": "1113/175758", "correlationVector":"9udkNhMPvwtAKfkgbz/BFY","action":"Initial GetUpdates", "result":"", "context":Reason: NEWLY_SUPPORTED_DATATYPE. cV=9udkNhMPvwtAKfkgbz/BFY}
{"logTime": "1113/175758", "correlationVector":"9udkNhMPvwtAKfkgbz/BFY.1","action":"SyncServerConnectionManagerRequest", "result":"SYNC_SERVER_OK", "context":{"environment":"Prod_SouthCentralUS_000i", "migrationStage":"NotStarted", "server":"GENERAL0100000N"}}
{"logTime": "1113/175758", "correlationVector":"9udkNhMPvwtAKfkgbz/BFY.2","action":"GetUpdates", "result":"DeleteReceived", "context":{"id":"6b9737b7-cdf8-4162-b0f4-92ce9dea7a55", "isDeleted:":"true", "version":"1707223667548"}}
{"logTime": "1113/175758", "correlationVector":"9udkNhMPvwtAKfkgbz/BFY.3","action":"GetUpdates", "result":"DeleteReceived", "context":{"id":"357167c2-14cf-401d-972a-ffcf5458cd17", "isDeleted:":"true", "version":"1713299176173"}}
{"logTime": "1113/175758", "correlationVector":"9udkNhMPvwtAKfkgbz/BFY.4","action":"GetUpdates", "result":"DeleteReceived", "context":{"id":"238db839-9e44-4c85-a68c-26c27f3761bb", "isDeleted:":"true", "version":"1713378542699"}}
{"logTime": "1113/175758", "correlationVector":"9udkNhMPvwtAKfkgbz/BFY.5","action":"GetUpdates", "result":"DeleteReceived", "context":{"id":"fa99d654-cbd5-49af-8016-86955e6a100e", "isDeleted:":"true", "version":"1721066862729"}}
{"logTime": "1113/175758", "correlationVector":"9udkNhMPvwtAKfkgbz/BFY.6","action":"GetUpdates", "result":"DeleteReceived", "context":{"id":"c4cf11e0-4777-45ff-a632-d7856675cbff", "isDeleted:":"true", "version":"1721864490365"}}
{"logTime": "1113/175758", "correlationVector":"9udkNhMPvwtAKfkgbz/BFY.7","action":"GetUpdates", "result":"DeleteReceived", "context":{"id":"51ea3d41-4c7e-4ca7-b0ef-027b9264a48d", "isDeleted:":"true", "version":"1725648676283"}}
{"logTime": "1113/175758", "correlationVector":"9udkNhMPvwtAKfkgbz/BFY.8","action":"GetUpdates", "result":"DeleteReceived", "context":{"id":"25451b2d-b74e-4933-a6d8-fe391a576906", "isDeleted:":"true", "version":"1727894573237"}}
{"logTime": "1113/175758", "correlationVector":"9udkNhMPvwtAKfkgbz/BFY.9","action":"GetUpdates Response", "result":"Success", "context":Received 63 update(s). cV=9udkNhMPvwtAKfkgbz/BFY.0;server=GENERAL0100000N;cloudType=Consumer;environment=Prod_SouthCentralUS_000i;migrationStage=NotStarted}
{"logTime": "1113/175759", "correlationVector":"+S4uFv0vqNKU8E5I+djNyV","action":"Normal GetUpdate request", "result":"", "context":cV=+S4uFv0vqNKU8E5I+djNyV
Nudged types: Sessions
Refresh requested types: Bookmarks, Preferences, Passwords, Autofill Profiles, Autofill, Typed URLs, Extensions, Sessions, Extension settings, History Delete Directives, Device Info, User Consents, Send Tab To Self, Web Apps, Collection, Edge E Drop, Edge Hub App Usage, Edge Tab Group, Edge Wallet, Encryption Keys}
{"logTime": "1113/175759", "correlationVector":"+S4uFv0vqNKU8E5I+djNyV.1","action":"SyncServerConnectionManagerRequest", "result":"SYNC_SERVER_OK", "context":{"environment":"Prod_SouthCentralUS_000i", "migrationStage":"NotStarted", "server":"GENERAL0100000S"}}
{"logTime": "1113/175759", "correlationVector":"+S4uFv0vqNKU8E5I+djNyV.2","action":"GetUpdates", "result":"DeleteReceived", "context":{"id":"e27bfa4a-f48d-4e01-80c6-883fb7c140f5", "isDeleted:":"true", "version":"1731520262282"}}
{"logTime": "1113/175759", "correlationVector":"+S4uFv0vqNKU8E5I+djNyV.3","action":"GetUpdates Response", "result":"Success", "context":Received 9 update(s). cV=+S4uFv0vqNKU8E5I+djNyV.0;server=GENERAL0100000S;cloudType=Consumer;environment=Prod_SouthCentralUS_000i;migrationStage=NotStarted}
{"logTime": "1113/175759", "correlationVector":"0F4yaSJds/1JqIFvRfd05H","action":"Commit Request", "result":"", "context":Item count: 3
Contributing types: Sessions}
{"logTime": "1113/175800", "correlationVector":"0F4yaSJds/1JqIFvRfd05H.1","action":"SyncServerConnectionManagerRequest", "result":"SYNC_SERVER_OK", "context":{"environment":"Prod_SouthCentralUS_000i", "migrationStage":"NotStarted", "server":"GENERAL0100000P"}}
{"logTime": "1113/175800", "correlationVector":"0F4yaSJds/1JqIFvRfd05H.2","action":"Commit Response", "result":"Success", "context":Result: Success. cV=0F4yaSJds/1JqIFvRfd05H.0;server=GENERAL0100000P;cloudType=Consumer;environment=Prod_SouthCentralUS_000i;migrationStage=NotStarted}
{"logTime": "1113/175800", "correlationVector":"HVU3b3WwC5Gy9ZnesHsTLF","action":"Normal GetUpdate request", "result":"", "context":cV=HVU3b3WwC5Gy9ZnesHsTLF
Nudged types: Sessions
Notified types: Device Info}
{"logTime": "1113/175800", "correlationVector":"HVU3b3WwC5Gy9ZnesHsTLF.1","action":"SyncServerConnectionManagerRequest", "result":"SYNC_SERVER_OK", "context":{"environment":"Prod_SouthCentralUS_000i", "migrationStage":"NotStarted", "server":"GENERAL01000016"}}
{"logTime": "1113/175800", "correlationVector":"HVU3b3WwC5Gy9ZnesHsTLF.2","action":"GetUpdates Response", "result":"Success", "context":Received 3 update(s). cV=HVU3b3WwC5Gy9ZnesHsTLF.0;server=GENERAL01000016;cloudType=Consumer;environment=Prod_SouthCentralUS_000i;migrationStage=NotStarted}
{"logTime": "1113/175843", "correlationVector":"juulevrzEyWpAb3f4/NpA9","action":"Commit Request", "result":"", "context":Item count: 2
Contributing types: Sessions}
{"logTime": "1113/175844", "correlationVector":"juulevrzEyWpAb3f4/NpA9.1","action":"SyncServerConnectionManagerRequest", "result":"SYNC_SERVER_OK", "context":{"environment":"Prod_NorthCentralUS_000g", "migrationStage":"NotStarted", "server":"GENERAL01000002"}}
{"logTime": "1113/175844", "correlationVector":"juulevrzEyWpAb3f4/NpA9.3","action":"Commit.Sessions", "result":"Success", "context":{"id":"123626a4-5a24-4c8e-8995-16229706b95a", "isDeleted":"true", "size":"0", "version":"1731520795157"}}
{"logTime": "1113/175844", "correlationVector":"juulevrzEyWpAb3f4/NpA9.2","action":"Commit Response", "result":"Success", "context":Result: Success. cV=juulevrzEyWpAb3f4/NpA9.0;server=GENERAL01000002;cloudType=Consumer;environment=Prod_NorthCentralUS_000g;migrationStage=NotStarted}
{"logTime": "1113/175900", "correlationVector":"q2zyZLtm44E7kX9gAxplAb","action":"Commit Request", "result":"", "context":Item count: 1
Contributing types: Preferences}
{"logTime": "1113/175901", "correlationVector":"q2zyZLtm44E7kX9gAxplAb.1","action":"SyncServerConnectionManagerRequest", "result":"SYNC_SERVER_OK", "context":{"environment":"Prod_CentralUS_000t", "migrationStage":"NotStarted", "server":"GENERAL1100000C"}}
{"logTime": "1113/175901", "correlationVector":"q2zyZLtm44E7kX9gAxplAb.2","action":"Commit Response", "result":"Success", "context":Result: Success. cV=q2zyZLtm44E7kX9gAxplAb.0;server=GENERAL1100000C;cloudType=Consumer;environment=Prod_CentralUS_000t;migrationStage=NotStarted}
{"logTime": "1113/175953", "correlationVector":"qya+uu//pDw1rh2X4vpeR1","action":"Normal GetUpdate request", "result":"", "context":cV=qya+uu//pDw1rh2X4vpeR1
Notified types: Device Info}
{"logTime": "1113/175954", "correlationVector":"qya+uu//pDw1rh2X4vpeR1.1","action":"SyncServerConnectionManagerRequest", "result":"SYNC_SERVER_OK", "context":{"environment":"Prod_NorthCentralUS_000g", "migrationStage":"NotStarted", "server":"GENERAL0100002P"}}
{"logTime": "1113/175954", "correlationVector":"qya+uu//pDw1rh2X4vpeR1.2","action":"GetUpdates", "result":"DeleteReceived", "context":{"id":"123626a4-5a24-4c8e-8995-16229706b95a", "isDeleted:":"true", "version":"1731520839612"}}
{"logTime": "1113/175954", "correlationVector":"qya+uu//pDw1rh2X4vpeR1.3","action":"GetUpdates Response", "result":"Success", "context":Received 5 update(s). cV=qya+uu//pDw1rh2X4vpeR1.0;server=GENERAL0100002P;cloudType=Consumer;environment=Prod_NorthCentralUS_000g;migrationStage=NotStarted}
{"logTime": "1113/180203", "correlationVector":"IqIBcKEB3c2gaQV/0UnEep","action":"Commit Request", "result":"", "context":Item count: 1
Contributing types: Sessions}
{"logTime": "1113/180203", "correlationVector":"IqIBcKEB3c2gaQV/0UnEep.1","action":"SyncServerConnectionManagerRequest", "result":"SYNC_SERVER_OK", "context":{"environment":"Prod_EastUS2_000e", "migrationStage":"NotStarted", "server":"GENERAL0100001R"}}
{"logTime": "1113/180203", "correlationVector":"IqIBcKEB3c2gaQV/0UnEep.2","action":"Commit Response", "result":"Success", "context":Result: Success. cV=IqIBcKEB3c2gaQV/0UnEep.0;server=GENERAL0100001R;cloudType=Consumer;environment=Prod_EastUS2_000e;migrationStage=NotStarted}
{"logTime": "1113/180257", "correlationVector":"lFFtqgTu4C+nN+dcAHH2Zf","action":"Normal GetUpdate request", "result":"", "context":cV=lFFtqgTu4C+nN+dcAHH2Zf
Refresh requested types: Bookmarks, Preferences, Passwords, Autofill Profiles, Autofill, Typed URLs, Extensions, Sessions, Extension settings, History Delete Directives, Device Info, User Consents, Send Tab To Self, Web Apps, Collection, Edge E Drop, Edge Hub App Usage, Edge Tab Group, Edge Wallet, Encryption Keys}
{"logTime": "1113/180257", "correlationVector":"lFFtqgTu4C+nN+dcAHH2Zf.1","action":"SyncServerConnectionManagerRequest", "result":"SYNC_SERVER_OK", "context":{"environment":"Prod_NorthCentralUS_000g", "migrationStage":"NotStarted", "server":"GENERAL0100002P"}}
{"logTime": "1113/180257", "correlationVector":"lFFtqgTu4C+nN+dcAHH2Zf.2","action":"GetUpdates Response", "result":"Success", "context":Received 3 update(s). cV=lFFtqgTu4C+nN+dcAHH2Zf.0;server=GENERAL0100002P;cloudType=Consumer;environment=Prod_NorthCentralUS_000g;migrationStage=NotStarted}
